

Started GET "/" for 127.0.0.1 at 2015-02-13 14:35:47 -0500
Processing by Rails::WelcomeController#index as HTML
  Rendered C:/RailsInstaller/Ruby2.1.0/lib/ruby/gems/2.1.0/gems/railties-4.1.8/lib/rails/templates/rails/welcome/index.html.erb (3.0ms)
Completed 200 OK in 29ms (Views: 15.0ms | ActiveRecord: 0.0ms)


Started GET "/" for 127.0.0.1 at 2015-02-13 14:45:28 -0500
Processing by WelcomeController#index as HTML
  Rendered welcome/index.html.erb within layouts/application (3.0ms)
Completed 500 Internal Server Error in 3107ms

ActionView::Template::Error (TypeError: Object doesn't support this property or method
  (in C:/RailsInstaller/Ruby2.1.0/lib/ruby/gems/2.1.0/gems/turbolinks-2.5.3/lib/assets/javascripts/turbolinks.js.coffee)):
    3: <head>
    4:   <title>Tabbse</title>
    5:   <%= stylesheet_link_tag    'application', media: 'all', 'data-turbolinks-track' => true %>
    6:   <%= javascript_include_tag 'application', 'data-turbolinks-track' => true %>
    7:   <%= csrf_meta_tags %>
    8: </head>
    9: <body>
  app/views/layouts/application.html.erb:6:in `_app_views_layouts_application_html_erb___362718529_48356892'


  Rendered C:/RailsInstaller/Ruby2.1.0/lib/ruby/gems/2.1.0/gems/actionpack-4.1.8/lib/action_dispatch/middleware/templates/rescues/_trace.html.erb (2.0ms)
  Rendered C:/RailsInstaller/Ruby2.1.0/lib/ruby/gems/2.1.0/gems/actionpack-4.1.8/lib/action_dispatch/middleware/templates/rescues/_request_and_response.html.erb (1.0ms)
  Rendered C:/RailsInstaller/Ruby2.1.0/lib/ruby/gems/2.1.0/gems/actionpack-4.1.8/lib/action_dispatch/middleware/templates/rescues/template_error.html.erb within rescues/layout (21.7ms)


Started GET "/" for 127.0.0.1 at 2015-02-13 14:48:30 -0500
Processing by WelcomeController#index as HTML
  Rendered welcome/index.html.erb within layouts/application (2.0ms)
Completed 200 OK in 3813ms (Views: 3799.9ms | ActiveRecord: 0.0ms)


Started GET "/assets/application.css?body=1" for 127.0.0.1 at 2015-02-13 14:48:34 -0500


Started GET "/assets/welcome.css?body=1" for 127.0.0.1 at 2015-02-13 14:48:34 -0500


Started GET "/assets/jquery.js?body=1" for 127.0.0.1 at 2015-02-13 14:48:34 -0500


Started GET "/assets/jquery_ujs.js?body=1" for 127.0.0.1 at 2015-02-13 14:48:34 -0500


Started GET "/assets/turbolinks.js?body=1" for 127.0.0.1 at 2015-02-13 14:48:34 -0500


Started GET "/assets/welcome.js?body=1" for 127.0.0.1 at 2015-02-13 14:48:34 -0500


Started GET "/assets/application.js?body=1" for 127.0.0.1 at 2015-02-13 14:48:34 -0500


Started GET "/" for 127.0.0.1 at 2015-02-13 15:01:58 -0500
Processing by WelcomeController#index as HTML
  Rendered welcome/index.html.erb within layouts/application (21.0ms)
Completed 200 OK in 55ms (Views: 55.0ms | ActiveRecord: 0.0ms)


Started GET "/assets/welcome.css?body=1" for 127.0.0.1 at 2015-02-13 15:01:59 -0500


Started GET "/assets/jquery_ujs.js?body=1" for 127.0.0.1 at 2015-02-13 15:01:59 -0500


Started GET "/assets/jquery.js?body=1" for 127.0.0.1 at 2015-02-13 15:01:59 -0500


Started GET "/assets/application.css?body=1" for 127.0.0.1 at 2015-02-13 15:01:59 -0500


Started GET "/assets/welcome.js?body=1" for 127.0.0.1 at 2015-02-13 15:01:59 -0500


Started GET "/assets/turbolinks.js?body=1" for 127.0.0.1 at 2015-02-13 15:01:59 -0500


Started GET "/assets/application.js?body=1" for 127.0.0.1 at 2015-02-13 15:01:59 -0500


Started GET "/" for 127.0.0.1 at 2015-02-13 15:03:20 -0500
Processing by WelcomeController#index as HTML
  Rendered welcome/index.html.erb within layouts/application (1.0ms)
Completed 200 OK in 36ms (Views: 36.0ms | ActiveRecord: 0.0ms)


Started GET "/assets/application.css?body=1" for 127.0.0.1 at 2015-02-13 15:03:20 -0500


Started GET "/assets/welcome.js?body=1" for 127.0.0.1 at 2015-02-13 15:03:20 -0500


Started GET "/assets/jquery.js?body=1" for 127.0.0.1 at 2015-02-13 15:03:20 -0500


Started GET "/assets/jquery_ujs.js?body=1" for 127.0.0.1 at 2015-02-13 15:03:20 -0500


Started GET "/assets/turbolinks.js?body=1" for 127.0.0.1 at 2015-02-13 15:03:20 -0500


Started GET "/assets/welcome.css?body=1" for 127.0.0.1 at 2015-02-13 15:03:20 -0500


Started GET "/assets/application.js?body=1" for 127.0.0.1 at 2015-02-13 15:03:20 -0500


Started GET "/" for 127.0.0.1 at 2015-02-13 15:04:53 -0500
Processing by WelcomeController#index as HTML
  Rendered welcome/index.html.erb within layouts/application (1.0ms)
Completed 200 OK in 36ms (Views: 36.0ms | ActiveRecord: 0.0ms)


Started GET "/assets/welcome.js?body=1" for 127.0.0.1 at 2015-02-13 15:04:53 -0500


Started GET "/assets/turbolinks.js?body=1" for 127.0.0.1 at 2015-02-13 15:04:53 -0500


Started GET "/assets/application.css?body=1" for 127.0.0.1 at 2015-02-13 15:04:53 -0500


Started GET "/assets/jquery_ujs.js?body=1" for 127.0.0.1 at 2015-02-13 15:04:53 -0500


Started GET "/assets/jquery.js?body=1" for 127.0.0.1 at 2015-02-13 15:04:53 -0500


Started GET "/assets/welcome.css?body=1" for 127.0.0.1 at 2015-02-13 15:04:53 -0500


Started GET "/assets/application.js?body=1" for 127.0.0.1 at 2015-02-13 15:04:53 -0500


Started GET "/assets/welcome.css?body=1" for 127.0.0.1 at 2015-02-13 15:05:09 -0500


Started GET "/assets/application.css?body=1" for 127.0.0.1 at 2015-02-13 15:05:09 -0500


Started GET "/" for 127.0.0.1 at 2015-02-13 15:07:00 -0500
Processing by WelcomeController#index as HTML
  Rendered welcome/index.html.erb within layouts/application (3.0ms)
Completed 200 OK in 40ms (Views: 40.0ms | ActiveRecord: 0.0ms)


Started GET "/assets/jquery.js?body=1" for 127.0.0.1 at 2015-02-13 15:07:00 -0500


Started GET "/assets/application.css?body=1" for 127.0.0.1 at 2015-02-13 15:07:00 -0500


Started GET "/assets/welcome.css?body=1" for 127.0.0.1 at 2015-02-13 15:07:00 -0500


Started GET "/assets/jquery_ujs.js?body=1" for 127.0.0.1 at 2015-02-13 15:07:00 -0500


Started GET "/assets/turbolinks.js?body=1" for 127.0.0.1 at 2015-02-13 15:07:00 -0500


Started GET "/assets/welcome.js?body=1" for 127.0.0.1 at 2015-02-13 15:07:00 -0500


Started GET "/assets/application.js?body=1" for 127.0.0.1 at 2015-02-13 15:07:00 -0500


Started GET "/" for 127.0.0.1 at 2015-02-13 15:07:29 -0500
Processing by WelcomeController#index as HTML
  Rendered welcome/index.html.erb within layouts/application (3.0ms)
Completed 200 OK in 40ms (Views: 40.0ms | ActiveRecord: 0.0ms)


Started GET "/assets/application.css?body=1" for 127.0.0.1 at 2015-02-13 15:07:29 -0500


Started GET "/assets/jquery.js?body=1" for 127.0.0.1 at 2015-02-13 15:07:29 -0500


Started GET "/assets/welcome.css?body=1" for 127.0.0.1 at 2015-02-13 15:07:29 -0500


Started GET "/assets/welcome.js?body=1" for 127.0.0.1 at 2015-02-13 15:07:29 -0500


Started GET "/assets/turbolinks.js?body=1" for 127.0.0.1 at 2015-02-13 15:07:29 -0500


Started GET "/assets/jquery_ujs.js?body=1" for 127.0.0.1 at 2015-02-13 15:07:29 -0500


Started GET "/assets/application.js?body=1" for 127.0.0.1 at 2015-02-13 15:07:29 -0500


Started GET "/" for 127.0.0.1 at 2015-02-13 15:07:30 -0500
Processing by WelcomeController#index as HTML
  Rendered welcome/index.html.erb within layouts/application (2.0ms)
Completed 200 OK in 42ms (Views: 42.0ms | ActiveRecord: 0.0ms)


Started GET "/assets/jquery.js?body=1" for 127.0.0.1 at 2015-02-13 15:07:30 -0500


Started GET "/assets/jquery_ujs.js?body=1" for 127.0.0.1 at 2015-02-13 15:07:30 -0500


Started GET "/assets/application.css?body=1" for 127.0.0.1 at 2015-02-13 15:07:30 -0500


Started GET "/assets/turbolinks.js?body=1" for 127.0.0.1 at 2015-02-13 15:07:30 -0500


Started GET "/assets/welcome.css?body=1" for 127.0.0.1 at 2015-02-13 15:07:30 -0500


Started GET "/assets/application.js?body=1" for 127.0.0.1 at 2015-02-13 15:07:30 -0500


Started GET "/assets/welcome.js?body=1" for 127.0.0.1 at 2015-02-13 15:07:30 -0500


Started GET "/" for 127.0.0.1 at 2015-02-13 15:07:37 -0500
Processing by WelcomeController#index as HTML
  Rendered welcome/index.html.erb within layouts/application (9.0ms)
Completed 200 OK in 46ms (Views: 46.0ms | ActiveRecord: 0.0ms)


Started GET "/assets/jquery_ujs.js?body=1" for 127.0.0.1 at 2015-02-13 15:07:38 -0500


Started GET "/assets/turbolinks.js?body=1" for 127.0.0.1 at 2015-02-13 15:07:38 -0500


Started GET "/assets/welcome.js?body=1" for 127.0.0.1 at 2015-02-13 15:07:38 -0500


Started GET "/assets/application.css?body=1" for 127.0.0.1 at 2015-02-13 15:07:38 -0500


Started GET "/assets/jquery.js?body=1" for 127.0.0.1 at 2015-02-13 15:07:38 -0500


Started GET "/assets/welcome.css?body=1" for 127.0.0.1 at 2015-02-13 15:07:38 -0500


Started GET "/assets/application.js?body=1" for 127.0.0.1 at 2015-02-13 15:07:38 -0500


Started GET "/" for 127.0.0.1 at 2015-02-13 15:09:59 -0500
Processing by WelcomeController#index as HTML
  Rendered welcome/index.html.erb within layouts/application (3.0ms)
Completed 200 OK in 40ms (Views: 39.0ms | ActiveRecord: 0.0ms)


Started GET "/assets/jquery_ujs.js?body=1" for 127.0.0.1 at 2015-02-13 15:09:59 -0500


Started GET "/assets/jquery.js?body=1" for 127.0.0.1 at 2015-02-13 15:09:59 -0500


Started GET "/assets/application.css?body=1" for 127.0.0.1 at 2015-02-13 15:09:59 -0500


Started GET "/assets/turbolinks.js?body=1" for 127.0.0.1 at 2015-02-13 15:09:59 -0500


Started GET "/assets/welcome.js?body=1" for 127.0.0.1 at 2015-02-13 15:09:59 -0500


Started GET "/assets/welcome.css?body=1" for 127.0.0.1 at 2015-02-13 15:09:59 -0500


Started GET "/assets/application.js?body=1" for 127.0.0.1 at 2015-02-13 15:09:59 -0500


Started GET "/" for 127.0.0.1 at 2015-02-13 15:12:29 -0500
Processing by WelcomeController#index as HTML
  Rendered welcome/index.html.erb within layouts/application (3.0ms)
Completed 200 OK in 40ms (Views: 40.0ms | ActiveRecord: 0.0ms)


Started GET "/assets/welcome.css?body=1" for 127.0.0.1 at 2015-02-13 15:12:30 -0500


Started GET "/assets/application.css?body=1" for 127.0.0.1 at 2015-02-13 15:12:30 -0500


Started GET "/assets/jquery.js?body=1" for 127.0.0.1 at 2015-02-13 15:12:30 -0500


Started GET "/assets/jquery_ujs.js?body=1" for 127.0.0.1 at 2015-02-13 15:12:30 -0500


Started GET "/assets/turbolinks.js?body=1" for 127.0.0.1 at 2015-02-13 15:12:30 -0500


Started GET "/assets/welcome.js?body=1" for 127.0.0.1 at 2015-02-13 15:12:30 -0500


Started GET "/assets/application.js?body=1" for 127.0.0.1 at 2015-02-13 15:12:30 -0500


Started GET "/" for 127.0.0.1 at 2015-02-13 15:12:41 -0500
Processing by WelcomeController#index as HTML
  Rendered welcome/index.html.erb within layouts/application (3.0ms)
Completed 200 OK in 45ms (Views: 44.0ms | ActiveRecord: 0.0ms)


Started GET "/assets/application.css?body=1" for 127.0.0.1 at 2015-02-13 15:12:41 -0500


Started GET "/assets/turbolinks.js?body=1" for 127.0.0.1 at 2015-02-13 15:12:41 -0500


Started GET "/assets/jquery_ujs.js?body=1" for 127.0.0.1 at 2015-02-13 15:12:41 -0500


Started GET "/assets/welcome.js?body=1" for 127.0.0.1 at 2015-02-13 15:12:41 -0500


Started GET "/assets/jquery.js?body=1" for 127.0.0.1 at 2015-02-13 15:12:41 -0500


Started GET "/assets/welcome.css?body=1" for 127.0.0.1 at 2015-02-13 15:12:41 -0500


Started GET "/assets/application.js?body=1" for 127.0.0.1 at 2015-02-13 15:12:41 -0500


Started GET "/" for 127.0.0.1 at 2015-02-13 15:12:49 -0500
Processing by WelcomeController#index as HTML
  Rendered welcome/index.html.erb within layouts/application (3.0ms)
Completed 200 OK in 40ms (Views: 39.0ms | ActiveRecord: 0.0ms)


Started GET "/assets/application.css?body=1" for 127.0.0.1 at 2015-02-13 15:12:49 -0500


Started GET "/assets/jquery.js?body=1" for 127.0.0.1 at 2015-02-13 15:12:49 -0500


Started GET "/assets/welcome.css?body=1" for 127.0.0.1 at 2015-02-13 15:12:49 -0500


Started GET "/assets/jquery_ujs.js?body=1" for 127.0.0.1 at 2015-02-13 15:12:49 -0500


Started GET "/assets/turbolinks.js?body=1" for 127.0.0.1 at 2015-02-13 15:12:49 -0500


Started GET "/assets/welcome.js?body=1" for 127.0.0.1 at 2015-02-13 15:12:49 -0500


Started GET "/assets/application.js?body=1" for 127.0.0.1 at 2015-02-13 15:12:49 -0500


Started GET "/" for 127.0.0.1 at 2015-02-13 15:13:20 -0500
Processing by WelcomeController#index as HTML
  Rendered welcome/index.html.erb within layouts/application (3.0ms)
Completed 200 OK in 40ms (Views: 39.0ms | ActiveRecord: 0.0ms)


Started GET "/assets/welcome.css?body=1" for 127.0.0.1 at 2015-02-13 15:13:20 -0500


Started GET "/assets/application.css?body=1" for 127.0.0.1 at 2015-02-13 15:13:20 -0500


Started GET "/assets/jquery.js?body=1" for 127.0.0.1 at 2015-02-13 15:13:20 -0500


Started GET "/assets/jquery_ujs.js?body=1" for 127.0.0.1 at 2015-02-13 15:13:20 -0500


Started GET "/assets/turbolinks.js?body=1" for 127.0.0.1 at 2015-02-13 15:13:20 -0500


Started GET "/assets/welcome.js?body=1" for 127.0.0.1 at 2015-02-13 15:13:20 -0500


Started GET "/assets/application.js?body=1" for 127.0.0.1 at 2015-02-13 15:13:20 -0500


Started GET "/" for 127.0.0.1 at 2015-02-13 15:13:46 -0500
Processing by WelcomeController#index as HTML
  Rendered welcome/index.html.erb within layouts/application (4.0ms)
Completed 200 OK in 47ms (Views: 47.0ms | ActiveRecord: 0.0ms)


Started GET "/assets/welcome.css?body=1" for 127.0.0.1 at 2015-02-13 15:13:47 -0500


Started GET "/assets/application.css?body=1" for 127.0.0.1 at 2015-02-13 15:13:47 -0500


Started GET "/assets/jquery.js?body=1" for 127.0.0.1 at 2015-02-13 15:13:47 -0500


Started GET "/assets/jquery_ujs.js?body=1" for 127.0.0.1 at 2015-02-13 15:13:47 -0500


Started GET "/assets/turbolinks.js?body=1" for 127.0.0.1 at 2015-02-13 15:13:47 -0500


Started GET "/assets/welcome.js?body=1" for 127.0.0.1 at 2015-02-13 15:13:47 -0500


Started GET "/assets/application.js?body=1" for 127.0.0.1 at 2015-02-13 15:13:47 -0500


Started GET "/" for 127.0.0.1 at 2015-02-13 15:20:28 -0500
Processing by WelcomeController#index as HTML
  Rendered welcome/index.html.erb within layouts/application (3.0ms)
Completed 200 OK in 40ms (Views: 39.0ms | ActiveRecord: 0.0ms)


Started GET "/assets/application.css?body=1" for 127.0.0.1 at 2015-02-13 15:20:28 -0500


Started GET "/assets/welcome.js?body=1" for 127.0.0.1 at 2015-02-13 15:20:28 -0500


Started GET "/assets/jquery.js?body=1" for 127.0.0.1 at 2015-02-13 15:20:28 -0500


Started GET "/assets/jquery_ujs.js?body=1" for 127.0.0.1 at 2015-02-13 15:20:28 -0500


Started GET "/assets/welcome.css?body=1" for 127.0.0.1 at 2015-02-13 15:20:28 -0500


Started GET "/assets/turbolinks.js?body=1" for 127.0.0.1 at 2015-02-13 15:20:28 -0500


Started GET "/assets/application.js?body=1" for 127.0.0.1 at 2015-02-13 15:20:28 -0500


Started GET "/" for 127.0.0.1 at 2015-02-13 15:22:00 -0500
Processing by WelcomeController#index as HTML
  Rendered welcome/index.html.erb within layouts/application (4.0ms)
Completed 200 OK in 41ms (Views: 39.0ms | ActiveRecord: 0.0ms)


Started GET "/assets/welcome.css?body=1" for 127.0.0.1 at 2015-02-13 15:22:00 -0500


Started GET "/assets/turbolinks.js?body=1" for 127.0.0.1 at 2015-02-13 15:22:01 -0500


Started GET "/assets/application.css?body=1" for 127.0.0.1 at 2015-02-13 15:22:01 -0500


Started GET "/assets/welcome.js?body=1" for 127.0.0.1 at 2015-02-13 15:22:01 -0500


Started GET "/assets/jquery_ujs.js?body=1" for 127.0.0.1 at 2015-02-13 15:22:01 -0500


Started GET "/assets/jquery.js?body=1" for 127.0.0.1 at 2015-02-13 15:22:01 -0500


Started GET "/assets/application.js?body=1" for 127.0.0.1 at 2015-02-13 15:22:01 -0500


Started GET "/" for 127.0.0.1 at 2015-02-13 15:22:16 -0500
Processing by WelcomeController#index as HTML
  Rendered welcome/index.html.erb within layouts/application (3.0ms)
Completed 200 OK in 46ms (Views: 45.0ms | ActiveRecord: 0.0ms)


Started GET "/assets/application.css?body=1" for 127.0.0.1 at 2015-02-13 15:22:16 -0500


Started GET "/assets/jquery_ujs.js?body=1" for 127.0.0.1 at 2015-02-13 15:22:16 -0500


Started GET "/assets/welcome.js?body=1" for 127.0.0.1 at 2015-02-13 15:22:16 -0500


Started GET "/assets/turbolinks.js?body=1" for 127.0.0.1 at 2015-02-13 15:22:16 -0500


Started GET "/assets/jquery.js?body=1" for 127.0.0.1 at 2015-02-13 15:22:16 -0500


Started GET "/assets/welcome.css?body=1" for 127.0.0.1 at 2015-02-13 15:22:16 -0500


Started GET "/assets/application.js?body=1" for 127.0.0.1 at 2015-02-13 15:22:16 -0500


Started GET "/" for 127.0.0.1 at 2015-02-13 15:23:07 -0500
Processing by WelcomeController#index as HTML
  Rendered welcome/index.html.erb within layouts/application (2.0ms)
Completed 200 OK in 40ms (Views: 38.0ms | ActiveRecord: 0.0ms)


Started GET "/assets/welcome.js?body=1" for 127.0.0.1 at 2015-02-13 15:23:07 -0500


Started GET "/assets/jquery_ujs.js?body=1" for 127.0.0.1 at 2015-02-13 15:23:07 -0500


Started GET "/assets/application.css?body=1" for 127.0.0.1 at 2015-02-13 15:23:07 -0500


Started GET "/assets/jquery.js?body=1" for 127.0.0.1 at 2015-02-13 15:23:07 -0500


Started GET "/assets/welcome.css?body=1" for 127.0.0.1 at 2015-02-13 15:23:07 -0500


Started GET "/assets/turbolinks.js?body=1" for 127.0.0.1 at 2015-02-13 15:23:07 -0500


Started GET "/assets/application.js?body=1" for 127.0.0.1 at 2015-02-13 15:23:07 -0500


Started GET "/" for 127.0.0.1 at 2015-02-13 15:24:38 -0500
Processing by WelcomeController#index as HTML
  Rendered welcome/index.html.erb within layouts/application (3.0ms)
Completed 200 OK in 40ms (Views: 40.0ms | ActiveRecord: 0.0ms)


Started GET "/assets/jquery_ujs.js?body=1" for 127.0.0.1 at 2015-02-13 15:24:38 -0500


Started GET "/assets/welcome.js?body=1" for 127.0.0.1 at 2015-02-13 15:24:38 -0500


Started GET "/assets/turbolinks.js?body=1" for 127.0.0.1 at 2015-02-13 15:24:38 -0500


Started GET "/assets/jquery.js?body=1" for 127.0.0.1 at 2015-02-13 15:24:38 -0500


Started GET "/assets/application.css?body=1" for 127.0.0.1 at 2015-02-13 15:24:38 -0500


Started GET "/assets/welcome.css?body=1" for 127.0.0.1 at 2015-02-13 15:24:38 -0500


Started GET "/assets/application.js?body=1" for 127.0.0.1 at 2015-02-13 15:24:38 -0500


Started GET "/" for 127.0.0.1 at 2015-02-13 15:25:07 -0500
Processing by WelcomeController#index as HTML
  Rendered welcome/index.html.erb within layouts/application (4.0ms)
Completed 200 OK in 41ms (Views: 40.0ms | ActiveRecord: 0.0ms)


Started GET "/assets/welcome.js?body=1" for 127.0.0.1 at 2015-02-13 15:25:07 -0500


Started GET "/assets/jquery.js?body=1" for 127.0.0.1 at 2015-02-13 15:25:07 -0500


Started GET "/assets/turbolinks.js?body=1" for 127.0.0.1 at 2015-02-13 15:25:07 -0500


Started GET "/assets/application.css?body=1" for 127.0.0.1 at 2015-02-13 15:25:07 -0500


Started GET "/assets/jquery_ujs.js?body=1" for 127.0.0.1 at 2015-02-13 15:25:07 -0500


Started GET "/assets/welcome.css?body=1" for 127.0.0.1 at 2015-02-13 15:25:07 -0500


Started GET "/assets/application.js?body=1" for 127.0.0.1 at 2015-02-13 15:25:07 -0500


Started GET "/" for 127.0.0.1 at 2015-02-13 15:26:14 -0500
Processing by WelcomeController#index as HTML
  Rendered welcome/index.html.erb within layouts/application (4.0ms)
Completed 200 OK in 41ms (Views: 40.0ms | ActiveRecord: 0.0ms)


Started GET "/assets/application.css?body=1" for 127.0.0.1 at 2015-02-13 15:26:14 -0500


Started GET "/assets/jquery_ujs.js?body=1" for 127.0.0.1 at 2015-02-13 15:26:14 -0500


Started GET "/assets/welcome.js?body=1" for 127.0.0.1 at 2015-02-13 15:26:14 -0500


Started GET "/assets/jquery.js?body=1" for 127.0.0.1 at 2015-02-13 15:26:14 -0500


Started GET "/assets/turbolinks.js?body=1" for 127.0.0.1 at 2015-02-13 15:26:14 -0500


Started GET "/assets/welcome.css?body=1" for 127.0.0.1 at 2015-02-13 15:26:14 -0500


Started GET "/assets/application.js?body=1" for 127.0.0.1 at 2015-02-13 15:26:14 -0500


Started GET "/" for 127.0.0.1 at 2015-02-13 15:27:53 -0500
Processing by WelcomeController#index as HTML
  Rendered welcome/index.html.erb within layouts/application (3.0ms)
Completed 200 OK in 50ms (Views: 49.0ms | ActiveRecord: 0.0ms)


Started GET "/assets/jquery_ujs.js?body=1" for 127.0.0.1 at 2015-02-13 15:27:53 -0500


Started GET "/assets/turbolinks.js?body=1" for 127.0.0.1 at 2015-02-13 15:27:53 -0500


Started GET "/assets/application.css?body=1" for 127.0.0.1 at 2015-02-13 15:27:53 -0500


Started GET "/assets/jquery.js?body=1" for 127.0.0.1 at 2015-02-13 15:27:53 -0500


Started GET "/assets/welcome.js?body=1" for 127.0.0.1 at 2015-02-13 15:27:53 -0500


Started GET "/assets/welcome.css?body=1" for 127.0.0.1 at 2015-02-13 15:27:53 -0500


Started GET "/assets/application.js?body=1" for 127.0.0.1 at 2015-02-13 15:27:53 -0500


Started GET "/" for 127.0.0.1 at 2015-02-13 15:28:05 -0500
Processing by WelcomeController#index as HTML
  Rendered welcome/index.html.erb within layouts/application (3.0ms)
Completed 200 OK in 41ms (Views: 39.0ms | ActiveRecord: 0.0ms)


Started GET "/assets/application.css?body=1" for 127.0.0.1 at 2015-02-13 15:28:05 -0500


Started GET "/assets/welcome.js?body=1" for 127.0.0.1 at 2015-02-13 15:28:05 -0500


Started GET "/assets/jquery.js?body=1" for 127.0.0.1 at 2015-02-13 15:28:05 -0500


Started GET "/assets/turbolinks.js?body=1" for 127.0.0.1 at 2015-02-13 15:28:05 -0500


Started GET "/assets/welcome.css?body=1" for 127.0.0.1 at 2015-02-13 15:28:05 -0500


Started GET "/assets/jquery_ujs.js?body=1" for 127.0.0.1 at 2015-02-13 15:28:05 -0500


Started GET "/assets/application.js?body=1" for 127.0.0.1 at 2015-02-13 15:28:05 -0500


Started GET "/" for 127.0.0.1 at 2015-02-13 15:29:12 -0500
Processing by WelcomeController#index as HTML
  Rendered welcome/index.html.erb within layouts/application (7.0ms)
Completed 500 Internal Server Error in 9ms

SyntaxError (C:/Nothing Important/tabbse/app/views/welcome/index.html.erb:54: syntax error, unexpected keyword_ensure, expecting keyword_end
C:/Nothing Important/tabbse/app/views/welcome/index.html.erb:56: syntax error, unexpected end-of-input, expecting keyword_end):
  app/views/welcome/index.html.erb:54: syntax error, unexpected keyword_ensure, expecting keyword_end
  app/views/welcome/index.html.erb:56: syntax error, unexpected end-of-input, expecting keyword_end


  Rendered C:/RailsInstaller/Ruby2.1.0/lib/ruby/gems/2.1.0/gems/actionpack-4.1.8/lib/action_dispatch/middleware/templates/rescues/_source.erb (0.0ms)
  Rendered C:/RailsInstaller/Ruby2.1.0/lib/ruby/gems/2.1.0/gems/actionpack-4.1.8/lib/action_dispatch/middleware/templates/rescues/_trace.html.erb (2.0ms)
  Rendered C:/RailsInstaller/Ruby2.1.0/lib/ruby/gems/2.1.0/gems/actionpack-4.1.8/lib/action_dispatch/middleware/templates/rescues/_request_and_response.html.erb (1.0ms)
  Rendered C:/RailsInstaller/Ruby2.1.0/lib/ruby/gems/2.1.0/gems/actionpack-4.1.8/lib/action_dispatch/middleware/templates/rescues/diagnostics.erb within rescues/layout (26.0ms)


Started GET "/" for 127.0.0.1 at 2015-02-13 15:29:32 -0500
Processing by WelcomeController#index as HTML
  Rendered welcome/index.html.erb within layouts/application (4.0ms)
Completed 200 OK in 41ms (Views: 40.0ms | ActiveRecord: 0.0ms)


Started GET "/assets/welcome.css?body=1" for 127.0.0.1 at 2015-02-13 15:29:32 -0500


Started GET "/assets/application.css?body=1" for 127.0.0.1 at 2015-02-13 15:29:32 -0500


Started GET "/assets/jquery.js?body=1" for 127.0.0.1 at 2015-02-13 15:29:32 -0500


Started GET "/assets/jquery_ujs.js?body=1" for 127.0.0.1 at 2015-02-13 15:29:32 -0500


Started GET "/assets/turbolinks.js?body=1" for 127.0.0.1 at 2015-02-13 15:29:32 -0500


Started GET "/assets/welcome.js?body=1" for 127.0.0.1 at 2015-02-13 15:29:32 -0500


Started GET "/assets/application.js?body=1" for 127.0.0.1 at 2015-02-13 15:29:32 -0500


Started GET "/" for 127.0.0.1 at 2015-02-13 15:30:08 -0500
Processing by WelcomeController#index as HTML
  Rendered welcome/index.html.erb within layouts/application (3.0ms)
Completed 200 OK in 40ms (Views: 40.0ms | ActiveRecord: 0.0ms)


Started GET "/assets/application.css?body=1" for 127.0.0.1 at 2015-02-13 15:30:08 -0500


Started GET "/assets/jquery.js?body=1" for 127.0.0.1 at 2015-02-13 15:30:08 -0500


Started GET "/assets/jquery_ujs.js?body=1" for 127.0.0.1 at 2015-02-13 15:30:08 -0500


Started GET "/assets/welcome.css?body=1" for 127.0.0.1 at 2015-02-13 15:30:08 -0500


Started GET "/assets/turbolinks.js?body=1" for 127.0.0.1 at 2015-02-13 15:30:08 -0500


Started GET "/assets/welcome.js?body=1" for 127.0.0.1 at 2015-02-13 15:30:08 -0500


Started GET "/assets/application.js?body=1" for 127.0.0.1 at 2015-02-13 15:30:08 -0500


Started GET "/" for 127.0.0.1 at 2015-02-13 15:30:28 -0500
Processing by WelcomeController#index as HTML
  Rendered welcome/index.html.erb within layouts/application (3.0ms)
Completed 200 OK in 41ms (Views: 41.0ms | ActiveRecord: 0.0ms)


Started GET "/assets/turbolinks.js?body=1" for 127.0.0.1 at 2015-02-13 15:30:29 -0500


Started GET "/assets/application.css?body=1" for 127.0.0.1 at 2015-02-13 15:30:29 -0500


Started GET "/assets/jquery.js?body=1" for 127.0.0.1 at 2015-02-13 15:30:29 -0500


Started GET "/assets/welcome.css?body=1" for 127.0.0.1 at 2015-02-13 15:30:29 -0500


Started GET "/assets/jquery_ujs.js?body=1" for 127.0.0.1 at 2015-02-13 15:30:29 -0500


Started GET "/assets/welcome.js?body=1" for 127.0.0.1 at 2015-02-13 15:30:29 -0500


Started GET "/assets/application.js?body=1" for 127.0.0.1 at 2015-02-13 15:30:29 -0500


Started GET "/" for 127.0.0.1 at 2015-02-13 15:30:30 -0500
Processing by WelcomeController#index as HTML
  Rendered welcome/index.html.erb within layouts/application (2.0ms)
Completed 200 OK in 39ms (Views: 38.0ms | ActiveRecord: 0.0ms)


Started GET "/assets/application.css?body=1" for 127.0.0.1 at 2015-02-13 15:30:30 -0500


Started GET "/assets/jquery.js?body=1" for 127.0.0.1 at 2015-02-13 15:30:30 -0500


Started GET "/assets/welcome.css?body=1" for 127.0.0.1 at 2015-02-13 15:30:30 -0500


Started GET "/assets/jquery_ujs.js?body=1" for 127.0.0.1 at 2015-02-13 15:30:30 -0500


Started GET "/assets/turbolinks.js?body=1" for 127.0.0.1 at 2015-02-13 15:30:30 -0500


Started GET "/assets/welcome.js?body=1" for 127.0.0.1 at 2015-02-13 15:30:30 -0500


Started GET "/assets/application.js?body=1" for 127.0.0.1 at 2015-02-13 15:30:30 -0500


Started GET "/" for 127.0.0.1 at 2015-02-13 15:33:16 -0500
Processing by WelcomeController#index as HTML
  Rendered welcome/index.html.erb within layouts/application (8.0ms)
Completed 500 Internal Server Error in 12ms

ActionView::Template::Error (undefined local variable or method `n' for #<#<Class:0x5c7d320>:0x5b471b0>):
    23: 	  	</td>
    24: 	  	<%      23.times do |x| %>
    25: 	  	<%          if y == 5 %>
    26: 	  	<%=             radio_button_tag(:root, "#{n}")%>
    27: 	  	<%          else %>
    28: 			  	        <td>---|</td>
    29: 		<%     	    end %>
  app/views/welcome/index.html.erb:26:in `block (3 levels) in _app_views_welcome_index_html_erb___363755473_47853804'
  app/views/welcome/index.html.erb:24:in `times'
  app/views/welcome/index.html.erb:24:in `block (2 levels) in _app_views_welcome_index_html_erb___363755473_47853804'
  app/views/welcome/index.html.erb:15:in `times'
  app/views/welcome/index.html.erb:15:in `block in _app_views_welcome_index_html_erb___363755473_47853804'
  app/views/welcome/index.html.erb:12:in `_app_views_welcome_index_html_erb___363755473_47853804'


  Rendered C:/RailsInstaller/Ruby2.1.0/lib/ruby/gems/2.1.0/gems/actionpack-4.1.8/lib/action_dispatch/middleware/templates/rescues/_trace.html.erb (2.0ms)
  Rendered C:/RailsInstaller/Ruby2.1.0/lib/ruby/gems/2.1.0/gems/actionpack-4.1.8/lib/action_dispatch/middleware/templates/rescues/_request_and_response.html.erb (1.0ms)
  Rendered C:/RailsInstaller/Ruby2.1.0/lib/ruby/gems/2.1.0/gems/actionpack-4.1.8/lib/action_dispatch/middleware/templates/rescues/template_error.html.erb within rescues/layout (18.0ms)


Started GET "/" for 127.0.0.1 at 2015-02-13 15:33:28 -0500
Processing by WelcomeController#index as HTML
  Rendered welcome/index.html.erb within layouts/application (5.0ms)
Completed 200 OK in 43ms (Views: 42.0ms | ActiveRecord: 0.0ms)


Started GET "/assets/application.css?body=1" for 127.0.0.1 at 2015-02-13 15:33:28 -0500


Started GET "/assets/jquery.js?body=1" for 127.0.0.1 at 2015-02-13 15:33:28 -0500


Started GET "/assets/turbolinks.js?body=1" for 127.0.0.1 at 2015-02-13 15:33:28 -0500


Started GET "/assets/jquery_ujs.js?body=1" for 127.0.0.1 at 2015-02-13 15:33:28 -0500


Started GET "/assets/welcome.css?body=1" for 127.0.0.1 at 2015-02-13 15:33:28 -0500


Started GET "/assets/welcome.js?body=1" for 127.0.0.1 at 2015-02-13 15:33:28 -0500


Started GET "/assets/application.js?body=1" for 127.0.0.1 at 2015-02-13 15:33:28 -0500


Started GET "/" for 127.0.0.1 at 2015-02-13 15:33:56 -0500
Processing by WelcomeController#index as HTML
  Rendered welcome/index.html.erb within layouts/application (6.0ms)
Completed 200 OK in 57ms (Views: 55.0ms | ActiveRecord: 0.0ms)


Started GET "/assets/jquery_ujs.js?body=1" for 127.0.0.1 at 2015-02-13 15:33:56 -0500


Started GET "/assets/turbolinks.js?body=1" for 127.0.0.1 at 2015-02-13 15:33:56 -0500


Started GET "/assets/application.css?body=1" for 127.0.0.1 at 2015-02-13 15:33:56 -0500


Started GET "/assets/jquery.js?body=1" for 127.0.0.1 at 2015-02-13 15:33:57 -0500


Started GET "/assets/welcome.js?body=1" for 127.0.0.1 at 2015-02-13 15:33:57 -0500


Started GET "/assets/welcome.css?body=1" for 127.0.0.1 at 2015-02-13 15:33:57 -0500


Started GET "/assets/application.js?body=1" for 127.0.0.1 at 2015-02-13 15:33:57 -0500


Started GET "/" for 127.0.0.1 at 2015-02-13 15:34:14 -0500
Processing by WelcomeController#index as HTML
  Rendered welcome/index.html.erb within layouts/application (5.0ms)
Completed 200 OK in 52ms (Views: 49.0ms | ActiveRecord: 0.0ms)


Started GET "/assets/jquery_ujs.js?body=1" for 127.0.0.1 at 2015-02-13 15:34:14 -0500


Started GET "/assets/application.css?body=1" for 127.0.0.1 at 2015-02-13 15:34:14 -0500


Started GET "/assets/jquery.js?body=1" for 127.0.0.1 at 2015-02-13 15:34:14 -0500


Started GET "/assets/turbolinks.js?body=1" for 127.0.0.1 at 2015-02-13 15:34:14 -0500


Started GET "/assets/welcome.js?body=1" for 127.0.0.1 at 2015-02-13 15:34:14 -0500


Started GET "/assets/welcome.css?body=1" for 127.0.0.1 at 2015-02-13 15:34:14 -0500


Started GET "/assets/application.js?body=1" for 127.0.0.1 at 2015-02-13 15:34:14 -0500


Started GET "/" for 127.0.0.1 at 2015-02-13 15:36:42 -0500
Processing by WelcomeController#index as HTML
  Rendered welcome/index.html.erb within layouts/application (6.0ms)
Completed 200 OK in 46ms (Views: 45.0ms | ActiveRecord: 0.0ms)


Started GET "/assets/application.css?body=1" for 127.0.0.1 at 2015-02-13 15:36:42 -0500


Started GET "/assets/jquery.js?body=1" for 127.0.0.1 at 2015-02-13 15:36:42 -0500


Started GET "/assets/jquery_ujs.js?body=1" for 127.0.0.1 at 2015-02-13 15:36:43 -0500


Started GET "/assets/welcome.js?body=1" for 127.0.0.1 at 2015-02-13 15:36:43 -0500


Started GET "/assets/turbolinks.js?body=1" for 127.0.0.1 at 2015-02-13 15:36:43 -0500


Started GET "/assets/welcome.css?body=1" for 127.0.0.1 at 2015-02-13 15:36:43 -0500


Started GET "/assets/application.js?body=1" for 127.0.0.1 at 2015-02-13 15:36:43 -0500


Started GET "/" for 127.0.0.1 at 2015-02-13 15:38:08 -0500
Processing by WelcomeController#index as HTML
  Rendered welcome/index.html.erb within layouts/application (5.0ms)
Completed 200 OK in 52ms (Views: 52.0ms | ActiveRecord: 0.0ms)


Started GET "/assets/turbolinks.js?body=1" for 127.0.0.1 at 2015-02-13 15:38:09 -0500


Started GET "/assets/welcome.js?body=1" for 127.0.0.1 at 2015-02-13 15:38:09 -0500


Started GET "/assets/jquery.js?body=1" for 127.0.0.1 at 2015-02-13 15:38:09 -0500


Started GET "/assets/jquery_ujs.js?body=1" for 127.0.0.1 at 2015-02-13 15:38:09 -0500


Started GET "/assets/application.css?body=1" for 127.0.0.1 at 2015-02-13 15:38:09 -0500


Started GET "/assets/welcome.css?body=1" for 127.0.0.1 at 2015-02-13 15:38:09 -0500


Started GET "/assets/application.js?body=1" for 127.0.0.1 at 2015-02-13 15:38:09 -0500


Started GET "/" for 127.0.0.1 at 2015-02-13 15:38:13 -0500
Processing by WelcomeController#index as HTML
  Rendered welcome/index.html.erb within layouts/application (5.0ms)
Completed 200 OK in 43ms (Views: 43.0ms | ActiveRecord: 0.0ms)


Started GET "/assets/welcome.js?body=1" for 127.0.0.1 at 2015-02-13 15:38:13 -0500


Started GET "/assets/turbolinks.js?body=1" for 127.0.0.1 at 2015-02-13 15:38:13 -0500


Started GET "/assets/jquery_ujs.js?body=1" for 127.0.0.1 at 2015-02-13 15:38:13 -0500


Started GET "/assets/jquery.js?body=1" for 127.0.0.1 at 2015-02-13 15:38:13 -0500


Started GET "/assets/application.css?body=1" for 127.0.0.1 at 2015-02-13 15:38:13 -0500


Started GET "/assets/welcome.css?body=1" for 127.0.0.1 at 2015-02-13 15:38:13 -0500


Started GET "/assets/application.js?body=1" for 127.0.0.1 at 2015-02-13 15:38:13 -0500


Started GET "/" for 127.0.0.1 at 2015-02-13 15:38:32 -0500
Processing by WelcomeController#index as HTML
  Rendered welcome/index.html.erb within layouts/application (3.0ms)
Completed 200 OK in 44ms (Views: 43.0ms | ActiveRecord: 0.0ms)


Started GET "/assets/turbolinks.js?body=1" for 127.0.0.1 at 2015-02-13 15:38:32 -0500


Started GET "/assets/jquery_ujs.js?body=1" for 127.0.0.1 at 2015-02-13 15:38:32 -0500


Started GET "/assets/jquery.js?body=1" for 127.0.0.1 at 2015-02-13 15:38:32 -0500


Started GET "/assets/application.css?body=1" for 127.0.0.1 at 2015-02-13 15:38:32 -0500


Started GET "/assets/welcome.js?body=1" for 127.0.0.1 at 2015-02-13 15:38:32 -0500


Started GET "/assets/welcome.css?body=1" for 127.0.0.1 at 2015-02-13 15:38:32 -0500


Started GET "/assets/application.js?body=1" for 127.0.0.1 at 2015-02-13 15:38:32 -0500


Started GET "/" for 127.0.0.1 at 2015-02-13 15:39:19 -0500
Processing by WelcomeController#index as HTML
  Rendered welcome/index.html.erb within layouts/application (3.0ms)
Completed 200 OK in 53ms (Views: 52.0ms | ActiveRecord: 0.0ms)


Started GET "/assets/jquery.js?body=1" for 127.0.0.1 at 2015-02-13 15:39:20 -0500


Started GET "/assets/application.css?body=1" for 127.0.0.1 at 2015-02-13 15:39:20 -0500


Started GET "/assets/welcome.js?body=1" for 127.0.0.1 at 2015-02-13 15:39:20 -0500


Started GET "/assets/turbolinks.js?body=1" for 127.0.0.1 at 2015-02-13 15:39:20 -0500


Started GET "/assets/application.js?body=1" for 127.0.0.1 at 2015-02-13 15:39:20 -0500


Started GET "/assets/jquery_ujs.js?body=1" for 127.0.0.1 at 2015-02-13 15:39:20 -0500


Started GET "/assets/welcome.css?body=1" for 127.0.0.1 at 2015-02-13 15:39:20 -0500


Started GET "/" for 127.0.0.1 at 2015-02-13 15:39:22 -0500
Processing by WelcomeController#index as HTML
  Rendered welcome/index.html.erb within layouts/application (2.0ms)
Completed 200 OK in 42ms (Views: 42.0ms | ActiveRecord: 0.0ms)


Started GET "/assets/jquery.js?body=1" for 127.0.0.1 at 2015-02-13 15:39:22 -0500


Started GET "/assets/turbolinks.js?body=1" for 127.0.0.1 at 2015-02-13 15:39:22 -0500


Started GET "/assets/welcome.js?body=1" for 127.0.0.1 at 2015-02-13 15:39:22 -0500


Started GET "/assets/application.css?body=1" for 127.0.0.1 at 2015-02-13 15:39:22 -0500


Started GET "/assets/jquery_ujs.js?body=1" for 127.0.0.1 at 2015-02-13 15:39:22 -0500


Started GET "/assets/welcome.css?body=1" for 127.0.0.1 at 2015-02-13 15:39:22 -0500


Started GET "/assets/application.js?body=1" for 127.0.0.1 at 2015-02-13 15:39:22 -0500


Started GET "/" for 127.0.0.1 at 2015-02-13 15:39:31 -0500
Processing by WelcomeController#index as HTML
  Rendered welcome/index.html.erb within layouts/application (3.0ms)
Completed 200 OK in 43ms (Views: 42.0ms | ActiveRecord: 0.0ms)


Started GET "/assets/jquery.js?body=1" for 127.0.0.1 at 2015-02-13 15:39:32 -0500


Started GET "/assets/application.css?body=1" for 127.0.0.1 at 2015-02-13 15:39:32 -0500


Started GET "/assets/welcome.js?body=1" for 127.0.0.1 at 2015-02-13 15:39:32 -0500


Started GET "/assets/turbolinks.js?body=1" for 127.0.0.1 at 2015-02-13 15:39:32 -0500


Started GET "/assets/welcome.css?body=1" for 127.0.0.1 at 2015-02-13 15:39:32 -0500


Started GET "/assets/jquery_ujs.js?body=1" for 127.0.0.1 at 2015-02-13 15:39:32 -0500


Started GET "/assets/application.js?body=1" for 127.0.0.1 at 2015-02-13 15:39:32 -0500


Started GET "/" for 127.0.0.1 at 2015-02-13 15:39:51 -0500
Processing by WelcomeController#index as HTML
  Rendered welcome/index.html.erb within layouts/application (3.0ms)
Completed 200 OK in 50ms (Views: 49.0ms | ActiveRecord: 0.0ms)


Started GET "/assets/welcome.js?body=1" for 127.0.0.1 at 2015-02-13 15:39:52 -0500


Started GET "/assets/application.js?body=1" for 127.0.0.1 at 2015-02-13 15:39:52 -0500


Started GET "/assets/jquery.js?body=1" for 127.0.0.1 at 2015-02-13 15:39:52 -0500


Started GET "/assets/application.css?body=1" for 127.0.0.1 at 2015-02-13 15:39:52 -0500


Started GET "/assets/jquery_ujs.js?body=1" for 127.0.0.1 at 2015-02-13 15:39:52 -0500


Started GET "/assets/welcome.css?body=1" for 127.0.0.1 at 2015-02-13 15:39:52 -0500


Started GET "/assets/turbolinks.js?body=1" for 127.0.0.1 at 2015-02-13 15:39:52 -0500


Started GET "/" for 127.0.0.1 at 2015-02-13 15:41:42 -0500
Processing by WelcomeController#index as HTML
  Rendered welcome/index.html.erb within layouts/application (3.0ms)
Completed 200 OK in 43ms (Views: 43.0ms | ActiveRecord: 0.0ms)


Started GET "/assets/turbolinks.js?body=1" for 127.0.0.1 at 2015-02-13 15:41:42 -0500


Started GET "/assets/jquery_ujs.js?body=1" for 127.0.0.1 at 2015-02-13 15:41:42 -0500


Started GET "/assets/application.css?body=1" for 127.0.0.1 at 2015-02-13 15:41:42 -0500


Started GET "/assets/welcome.js?body=1" for 127.0.0.1 at 2015-02-13 15:41:42 -0500


Started GET "/assets/jquery.js?body=1" for 127.0.0.1 at 2015-02-13 15:41:42 -0500


Started GET "/assets/welcome.css?body=1" for 127.0.0.1 at 2015-02-13 15:41:42 -0500


Started GET "/assets/application.js?body=1" for 127.0.0.1 at 2015-02-13 15:41:42 -0500


Started GET "/" for 127.0.0.1 at 2015-02-13 15:42:40 -0500
Processing by WelcomeController#index as HTML
  Rendered welcome/index.html.erb within layouts/application (3.0ms)
Completed 200 OK in 43ms (Views: 43.0ms | ActiveRecord: 0.0ms)


Started GET "/assets/application.css?body=1" for 127.0.0.1 at 2015-02-13 15:42:40 -0500


Started GET "/assets/jquery_ujs.js?body=1" for 127.0.0.1 at 2015-02-13 15:42:40 -0500


Started GET "/assets/welcome.js?body=1" for 127.0.0.1 at 2015-02-13 15:42:40 -0500


Started GET "/assets/jquery.js?body=1" for 127.0.0.1 at 2015-02-13 15:42:40 -0500


Started GET "/assets/turbolinks.js?body=1" for 127.0.0.1 at 2015-02-13 15:42:40 -0500


Started GET "/assets/welcome.css?body=1" for 127.0.0.1 at 2015-02-13 15:42:40 -0500


Started GET "/assets/application.js?body=1" for 127.0.0.1 at 2015-02-13 15:42:40 -0500


Started GET "/" for 127.0.0.1 at 2015-02-13 15:43:02 -0500
Processing by WelcomeController#index as HTML
  Rendered welcome/index.html.erb within layouts/application (4.0ms)
Completed 200 OK in 49ms (Views: 48.0ms | ActiveRecord: 0.0ms)


Started GET "/assets/turbolinks.js?body=1" for 127.0.0.1 at 2015-02-13 15:43:02 -0500


Started GET "/assets/jquery.js?body=1" for 127.0.0.1 at 2015-02-13 15:43:02 -0500


Started GET "/assets/application.css?body=1" for 127.0.0.1 at 2015-02-13 15:43:02 -0500


Started GET "/assets/jquery_ujs.js?body=1" for 127.0.0.1 at 2015-02-13 15:43:02 -0500


Started GET "/assets/welcome.css?body=1" for 127.0.0.1 at 2015-02-13 15:43:02 -0500


Started GET "/assets/application.js?body=1" for 127.0.0.1 at 2015-02-13 15:43:02 -0500


Started GET "/assets/welcome.js?body=1" for 127.0.0.1 at 2015-02-13 15:43:02 -0500


Started GET "/" for 127.0.0.1 at 2015-02-13 15:44:04 -0500
Processing by WelcomeController#index as HTML
  Rendered welcome/index.html.erb within layouts/application (4.0ms)
Completed 200 OK in 44ms (Views: 43.0ms | ActiveRecord: 0.0ms)


Started GET "/assets/jquery.js?body=1" for 127.0.0.1 at 2015-02-13 15:44:04 -0500


Started GET "/assets/welcome.js?body=1" for 127.0.0.1 at 2015-02-13 15:44:04 -0500


Started GET "/assets/turbolinks.js?body=1" for 127.0.0.1 at 2015-02-13 15:44:04 -0500


Started GET "/assets/jquery_ujs.js?body=1" for 127.0.0.1 at 2015-02-13 15:44:04 -0500


Started GET "/assets/application.css?body=1" for 127.0.0.1 at 2015-02-13 15:44:04 -0500


Started GET "/assets/welcome.css?body=1" for 127.0.0.1 at 2015-02-13 15:44:04 -0500


Started GET "/assets/application.js?body=1" for 127.0.0.1 at 2015-02-13 15:44:04 -0500


Started GET "/" for 127.0.0.1 at 2015-02-13 15:44:40 -0500
Processing by WelcomeController#index as HTML
  Rendered welcome/index.html.erb within layouts/application (3.0ms)
Completed 200 OK in 41ms (Views: 41.0ms | ActiveRecord: 0.0ms)


Started GET "/assets/jquery_ujs.js?body=1" for 127.0.0.1 at 2015-02-13 15:44:41 -0500


Started GET "/assets/turbolinks.js?body=1" for 127.0.0.1 at 2015-02-13 15:44:41 -0500


Started GET "/assets/welcome.js?body=1" for 127.0.0.1 at 2015-02-13 15:44:41 -0500


Started GET "/assets/jquery.js?body=1" for 127.0.0.1 at 2015-02-13 15:44:41 -0500


Started GET "/assets/application.css?body=1" for 127.0.0.1 at 2015-02-13 15:44:41 -0500


Started GET "/assets/welcome.css?body=1" for 127.0.0.1 at 2015-02-13 15:44:41 -0500


Started GET "/assets/application.js?body=1" for 127.0.0.1 at 2015-02-13 15:44:41 -0500


Started GET "/" for 127.0.0.1 at 2015-02-13 15:45:03 -0500
Processing by WelcomeController#index as HTML
  Rendered welcome/index.html.erb within layouts/application (12.0ms)
Completed 200 OK in 65ms (Views: 64.0ms | ActiveRecord: 0.0ms)


Started GET "/assets/turbolinks.js?body=1" for 127.0.0.1 at 2015-02-13 15:45:03 -0500


Started GET "/assets/jquery.js?body=1" for 127.0.0.1 at 2015-02-13 15:45:03 -0500


Started GET "/assets/welcome.js?body=1" for 127.0.0.1 at 2015-02-13 15:45:03 -0500


Started GET "/assets/application.js?body=1" for 127.0.0.1 at 2015-02-13 15:45:03 -0500


Started GET "/assets/application.css?body=1" for 127.0.0.1 at 2015-02-13 15:45:03 -0500


Started GET "/assets/welcome.css?body=1" for 127.0.0.1 at 2015-02-13 15:45:03 -0500


Started GET "/assets/jquery_ujs.js?body=1" for 127.0.0.1 at 2015-02-13 15:45:03 -0500


Started GET "/" for 127.0.0.1 at 2015-02-13 15:47:05 -0500
Processing by WelcomeController#index as HTML
  Rendered welcome/index.html.erb within layouts/application (3.0ms)
Completed 200 OK in 41ms (Views: 41.0ms | ActiveRecord: 0.0ms)


Started GET "/assets/application.css?body=1" for 127.0.0.1 at 2015-02-13 15:47:05 -0500


Started GET "/assets/welcome.js?body=1" for 127.0.0.1 at 2015-02-13 15:47:05 -0500


Started GET "/assets/jquery_ujs.js?body=1" for 127.0.0.1 at 2015-02-13 15:47:05 -0500


Started GET "/assets/jquery.js?body=1" for 127.0.0.1 at 2015-02-13 15:47:05 -0500


Started GET "/assets/turbolinks.js?body=1" for 127.0.0.1 at 2015-02-13 15:47:05 -0500


Started GET "/assets/welcome.css?body=1" for 127.0.0.1 at 2015-02-13 15:47:05 -0500


Started GET "/assets/application.js?body=1" for 127.0.0.1 at 2015-02-13 15:47:05 -0500


Started GET "/" for 127.0.0.1 at 2015-02-13 15:47:29 -0500
Processing by WelcomeController#index as HTML
  Rendered welcome/index.html.erb within layouts/application (4.0ms)
Completed 200 OK in 50ms (Views: 50.0ms | ActiveRecord: 0.0ms)


Started GET "/assets/application.css?body=1" for 127.0.0.1 at 2015-02-13 15:47:29 -0500


Started GET "/assets/jquery_ujs.js?body=1" for 127.0.0.1 at 2015-02-13 15:47:29 -0500


Started GET "/assets/jquery.js?body=1" for 127.0.0.1 at 2015-02-13 15:47:29 -0500


Started GET "/assets/welcome.css?body=1" for 127.0.0.1 at 2015-02-13 15:47:29 -0500


Started GET "/assets/turbolinks.js?body=1" for 127.0.0.1 at 2015-02-13 15:47:29 -0500


Started GET "/assets/welcome.js?body=1" for 127.0.0.1 at 2015-02-13 15:47:29 -0500


Started GET "/assets/application.js?body=1" for 127.0.0.1 at 2015-02-13 15:47:29 -0500


Started GET "/" for 127.0.0.1 at 2015-02-13 15:48:04 -0500
Processing by WelcomeController#index as HTML
  Rendered welcome/index.html.erb within layouts/application (4.0ms)
Completed 200 OK in 48ms (Views: 48.0ms | ActiveRecord: 0.0ms)


Started GET "/assets/welcome.css?body=1" for 127.0.0.1 at 2015-02-13 15:48:04 -0500


Started GET "/assets/application.css?body=1" for 127.0.0.1 at 2015-02-13 15:48:04 -0500


Started GET "/assets/jquery.js?body=1" for 127.0.0.1 at 2015-02-13 15:48:04 -0500


Started GET "/assets/jquery_ujs.js?body=1" for 127.0.0.1 at 2015-02-13 15:48:04 -0500


Started GET "/assets/turbolinks.js?body=1" for 127.0.0.1 at 2015-02-13 15:48:04 -0500


Started GET "/assets/welcome.js?body=1" for 127.0.0.1 at 2015-02-13 15:48:04 -0500


Started GET "/assets/application.js?body=1" for 127.0.0.1 at 2015-02-13 15:48:04 -0500


Started GET "/" for 127.0.0.1 at 2015-02-13 15:48:14 -0500
Processing by WelcomeController#index as HTML
  Rendered welcome/index.html.erb within layouts/application (3.0ms)
Completed 200 OK in 47ms (Views: 46.0ms | ActiveRecord: 0.0ms)


Started GET "/assets/jquery_ujs.js?body=1" for 127.0.0.1 at 2015-02-13 15:48:14 -0500


Started GET "/assets/jquery.js?body=1" for 127.0.0.1 at 2015-02-13 15:48:14 -0500


Started GET "/assets/turbolinks.js?body=1" for 127.0.0.1 at 2015-02-13 15:48:14 -0500


Started GET "/assets/application.css?body=1" for 127.0.0.1 at 2015-02-13 15:48:14 -0500


Started GET "/assets/welcome.js?body=1" for 127.0.0.1 at 2015-02-13 15:48:14 -0500


Started GET "/assets/welcome.css?body=1" for 127.0.0.1 at 2015-02-13 15:48:14 -0500


Started GET "/assets/application.js?body=1" for 127.0.0.1 at 2015-02-13 15:48:14 -0500


Started GET "/" for 127.0.0.1 at 2015-02-13 15:48:23 -0500
Processing by WelcomeController#index as HTML
  Rendered welcome/index.html.erb within layouts/application (3.0ms)
Completed 200 OK in 40ms (Views: 40.0ms | ActiveRecord: 0.0ms)


Started GET "/assets/turbolinks.js?body=1" for 127.0.0.1 at 2015-02-13 15:48:24 -0500


Started GET "/assets/application.css?body=1" for 127.0.0.1 at 2015-02-13 15:48:24 -0500


Started GET "/assets/welcome.js?body=1" for 127.0.0.1 at 2015-02-13 15:48:24 -0500


Started GET "/assets/jquery.js?body=1" for 127.0.0.1 at 2015-02-13 15:48:24 -0500


Started GET "/assets/welcome.css?body=1" for 127.0.0.1 at 2015-02-13 15:48:24 -0500


Started GET "/assets/jquery_ujs.js?body=1" for 127.0.0.1 at 2015-02-13 15:48:24 -0500


Started GET "/assets/application.js?body=1" for 127.0.0.1 at 2015-02-13 15:48:24 -0500


Started GET "/" for 127.0.0.1 at 2015-02-13 15:48:25 -0500
Processing by WelcomeController#index as HTML
  Rendered welcome/index.html.erb within layouts/application (2.0ms)
Completed 200 OK in 48ms (Views: 47.0ms | ActiveRecord: 0.0ms)


Started GET "/assets/jquery.js?body=1" for 127.0.0.1 at 2015-02-13 15:48:25 -0500


Started GET "/assets/jquery_ujs.js?body=1" for 127.0.0.1 at 2015-02-13 15:48:25 -0500


Started GET "/assets/welcome.js?body=1" for 127.0.0.1 at 2015-02-13 15:48:25 -0500


Started GET "/assets/turbolinks.js?body=1" for 127.0.0.1 at 2015-02-13 15:48:25 -0500


Started GET "/assets/application.css?body=1" for 127.0.0.1 at 2015-02-13 15:48:25 -0500


Started GET "/assets/welcome.css?body=1" for 127.0.0.1 at 2015-02-13 15:48:25 -0500


Started GET "/assets/application.js?body=1" for 127.0.0.1 at 2015-02-13 15:48:25 -0500


Started GET "/" for 127.0.0.1 at 2015-02-13 15:48:32 -0500
Processing by WelcomeController#index as HTML
  Rendered welcome/index.html.erb within layouts/application (3.0ms)
Completed 200 OK in 43ms (Views: 42.0ms | ActiveRecord: 0.0ms)


Started GET "/assets/application.css?body=1" for 127.0.0.1 at 2015-02-13 15:48:32 -0500


Started GET "/assets/turbolinks.js?body=1" for 127.0.0.1 at 2015-02-13 15:48:32 -0500


Started GET "/assets/jquery_ujs.js?body=1" for 127.0.0.1 at 2015-02-13 15:48:32 -0500


Started GET "/assets/jquery.js?body=1" for 127.0.0.1 at 2015-02-13 15:48:32 -0500


Started GET "/assets/welcome.js?body=1" for 127.0.0.1 at 2015-02-13 15:48:32 -0500


Started GET "/assets/welcome.css?body=1" for 127.0.0.1 at 2015-02-13 15:48:32 -0500


Started GET "/assets/application.js?body=1" for 127.0.0.1 at 2015-02-13 15:48:32 -0500


Started GET "/" for 127.0.0.1 at 2015-02-13 15:49:21 -0500
Processing by WelcomeController#index as HTML
  Rendered welcome/index.html.erb within layouts/application (3.0ms)
Completed 200 OK in 42ms (Views: 41.0ms | ActiveRecord: 0.0ms)


Started GET "/assets/jquery.js?body=1" for 127.0.0.1 at 2015-02-13 15:49:22 -0500


Started GET "/assets/turbolinks.js?body=1" for 127.0.0.1 at 2015-02-13 15:49:22 -0500


Started GET "/assets/welcome.js?body=1" for 127.0.0.1 at 2015-02-13 15:49:22 -0500


Started GET "/assets/jquery_ujs.js?body=1" for 127.0.0.1 at 2015-02-13 15:49:22 -0500


Started GET "/assets/application.js?body=1" for 127.0.0.1 at 2015-02-13 15:49:22 -0500


Started GET "/assets/application.css?body=1" for 127.0.0.1 at 2015-02-13 15:49:22 -0500


Started GET "/assets/welcome.css?body=1" for 127.0.0.1 at 2015-02-13 15:49:22 -0500


Started GET "/" for 127.0.0.1 at 2015-02-13 15:49:41 -0500
Processing by WelcomeController#index as HTML
  Rendered welcome/index.html.erb within layouts/application (4.0ms)
Completed 200 OK in 53ms (Views: 53.0ms | ActiveRecord: 0.0ms)


Started GET "/assets/jquery.js?body=1" for 127.0.0.1 at 2015-02-13 15:49:41 -0500


Started GET "/assets/jquery_ujs.js?body=1" for 127.0.0.1 at 2015-02-13 15:49:41 -0500


Started GET "/assets/turbolinks.js?body=1" for 127.0.0.1 at 2015-02-13 15:49:41 -0500


Started GET "/assets/welcome.js?body=1" for 127.0.0.1 at 2015-02-13 15:49:41 -0500


Started GET "/assets/application.css?body=1" for 127.0.0.1 at 2015-02-13 15:49:41 -0500


Started GET "/assets/welcome.css?body=1" for 127.0.0.1 at 2015-02-13 15:49:41 -0500


Started GET "/assets/application.js?body=1" for 127.0.0.1 at 2015-02-13 15:49:41 -0500


Started GET "/" for 127.0.0.1 at 2015-02-13 15:51:04 -0500
Processing by WelcomeController#index as HTML
  Rendered welcome/index.html.erb within layouts/application (4.0ms)
Completed 200 OK in 43ms (Views: 43.0ms | ActiveRecord: 0.0ms)


Started GET "/assets/turbolinks.js?body=1" for 127.0.0.1 at 2015-02-13 15:51:04 -0500


Started GET "/assets/welcome.js?body=1" for 127.0.0.1 at 2015-02-13 15:51:04 -0500


Started GET "/assets/application.css?body=1" for 127.0.0.1 at 2015-02-13 15:51:04 -0500


Started GET "/assets/jquery_ujs.js?body=1" for 127.0.0.1 at 2015-02-13 15:51:04 -0500


Started GET "/assets/jquery.js?body=1" for 127.0.0.1 at 2015-02-13 15:51:04 -0500


Started GET "/assets/welcome.css?body=1" for 127.0.0.1 at 2015-02-13 15:51:04 -0500


Started GET "/assets/application.js?body=1" for 127.0.0.1 at 2015-02-13 15:51:04 -0500


Started GET "/" for 127.0.0.1 at 2015-02-13 15:51:12 -0500
Processing by WelcomeController#index as HTML
  Rendered welcome/index.html.erb within layouts/application (3.0ms)
Completed 200 OK in 41ms (Views: 40.0ms | ActiveRecord: 0.0ms)


Started GET "/assets/turbolinks.js?body=1" for 127.0.0.1 at 2015-02-13 15:51:12 -0500


Started GET "/assets/application.css?body=1" for 127.0.0.1 at 2015-02-13 15:51:12 -0500


Started GET "/assets/welcome.js?body=1" for 127.0.0.1 at 2015-02-13 15:51:12 -0500


Started GET "/assets/welcome.css?body=1" for 127.0.0.1 at 2015-02-13 15:51:12 -0500


Started GET "/assets/jquery_ujs.js?body=1" for 127.0.0.1 at 2015-02-13 15:51:12 -0500


Started GET "/assets/jquery.js?body=1" for 127.0.0.1 at 2015-02-13 15:51:12 -0500


Started GET "/assets/application.js?body=1" for 127.0.0.1 at 2015-02-13 15:51:12 -0500


Started GET "/" for 127.0.0.1 at 2015-02-13 15:52:32 -0500
Processing by WelcomeController#index as HTML
  Rendered welcome/index.html.erb within layouts/application (3.0ms)
Completed 200 OK in 49ms (Views: 48.0ms | ActiveRecord: 0.0ms)


Started GET "/assets/application.css?body=1" for 127.0.0.1 at 2015-02-13 15:52:32 -0500


Started GET "/assets/turbolinks.js?body=1" for 127.0.0.1 at 2015-02-13 15:52:32 -0500


Started GET "/assets/welcome.js?body=1" for 127.0.0.1 at 2015-02-13 15:52:32 -0500


Started GET "/assets/jquery.js?body=1" for 127.0.0.1 at 2015-02-13 15:52:32 -0500


Started GET "/assets/jquery_ujs.js?body=1" for 127.0.0.1 at 2015-02-13 15:52:32 -0500


Started GET "/assets/welcome.css?body=1" for 127.0.0.1 at 2015-02-13 15:52:32 -0500


Started GET "/assets/application.js?body=1" for 127.0.0.1 at 2015-02-13 15:52:32 -0500


Started GET "/" for 127.0.0.1 at 2015-02-13 15:53:05 -0500
Processing by WelcomeController#index as HTML
  Rendered welcome/index.html.erb within layouts/application (3.0ms)
Completed 200 OK in 51ms (Views: 51.0ms | ActiveRecord: 0.0ms)


Started GET "/assets/welcome.css?body=1" for 127.0.0.1 at 2015-02-13 15:53:05 -0500


Started GET "/assets/application.css?body=1" for 127.0.0.1 at 2015-02-13 15:53:05 -0500


Started GET "/assets/jquery.js?body=1" for 127.0.0.1 at 2015-02-13 15:53:05 -0500


Started GET "/assets/jquery_ujs.js?body=1" for 127.0.0.1 at 2015-02-13 15:53:05 -0500


Started GET "/assets/turbolinks.js?body=1" for 127.0.0.1 at 2015-02-13 15:53:05 -0500


Started GET "/assets/welcome.js?body=1" for 127.0.0.1 at 2015-02-13 15:53:05 -0500


Started GET "/assets/application.js?body=1" for 127.0.0.1 at 2015-02-13 15:53:05 -0500


Started GET "/" for 127.0.0.1 at 2015-02-13 15:53:18 -0500
Processing by WelcomeController#index as HTML
  Rendered welcome/index.html.erb within layouts/application (4.0ms)
Completed 200 OK in 43ms (Views: 43.0ms | ActiveRecord: 0.0ms)


Started GET "/assets/jquery_ujs.js?body=1" for 127.0.0.1 at 2015-02-13 15:53:18 -0500


Started GET "/assets/welcome.js?body=1" for 127.0.0.1 at 2015-02-13 15:53:18 -0500


Started GET "/assets/jquery.js?body=1" for 127.0.0.1 at 2015-02-13 15:53:18 -0500


Started GET "/assets/application.css?body=1" for 127.0.0.1 at 2015-02-13 15:53:18 -0500


Started GET "/assets/welcome.css?body=1" for 127.0.0.1 at 2015-02-13 15:53:18 -0500


Started GET "/assets/turbolinks.js?body=1" for 127.0.0.1 at 2015-02-13 15:53:18 -0500


Started GET "/assets/application.js?body=1" for 127.0.0.1 at 2015-02-13 15:53:18 -0500


Started GET "/" for 127.0.0.1 at 2015-02-13 15:53:32 -0500
Processing by WelcomeController#index as HTML
  Rendered welcome/index.html.erb within layouts/application (3.0ms)
Completed 200 OK in 52ms (Views: 51.0ms | ActiveRecord: 0.0ms)


Started GET "/assets/welcome.js?body=1" for 127.0.0.1 at 2015-02-13 15:53:32 -0500


Started GET "/assets/jquery_ujs.js?body=1" for 127.0.0.1 at 2015-02-13 15:53:32 -0500


Started GET "/assets/application.css?body=1" for 127.0.0.1 at 2015-02-13 15:53:32 -0500


Started GET "/assets/turbolinks.js?body=1" for 127.0.0.1 at 2015-02-13 15:53:32 -0500


Started GET "/assets/welcome.css?body=1" for 127.0.0.1 at 2015-02-13 15:53:32 -0500


Started GET "/assets/jquery.js?body=1" for 127.0.0.1 at 2015-02-13 15:53:32 -0500


Started GET "/assets/application.js?body=1" for 127.0.0.1 at 2015-02-13 15:53:32 -0500


Started GET "/" for 127.0.0.1 at 2015-02-13 15:53:40 -0500
Processing by WelcomeController#index as HTML
  Rendered welcome/index.html.erb within layouts/application (3.0ms)
Completed 200 OK in 45ms (Views: 43.0ms | ActiveRecord: 0.0ms)


Started GET "/assets/jquery.js?body=1" for 127.0.0.1 at 2015-02-13 15:53:40 -0500


Started GET "/assets/application.css?body=1" for 127.0.0.1 at 2015-02-13 15:53:40 -0500


Started GET "/assets/turbolinks.js?body=1" for 127.0.0.1 at 2015-02-13 15:53:40 -0500


Started GET "/assets/welcome.css?body=1" for 127.0.0.1 at 2015-02-13 15:53:40 -0500


Started GET "/assets/jquery_ujs.js?body=1" for 127.0.0.1 at 2015-02-13 15:53:40 -0500


Started GET "/assets/application.js?body=1" for 127.0.0.1 at 2015-02-13 15:53:40 -0500


Started GET "/assets/welcome.js?body=1" for 127.0.0.1 at 2015-02-13 15:53:40 -0500


Started GET "/" for 127.0.0.1 at 2015-02-13 15:53:55 -0500
Processing by WelcomeController#index as HTML
  Rendered welcome/index.html.erb within layouts/application (4.0ms)
Completed 200 OK in 46ms (Views: 45.0ms | ActiveRecord: 0.0ms)


Started GET "/assets/application.css?body=1" for 127.0.0.1 at 2015-02-13 15:53:55 -0500


Started GET "/assets/jquery.js?body=1" for 127.0.0.1 at 2015-02-13 15:53:55 -0500


Started GET "/assets/jquery_ujs.js?body=1" for 127.0.0.1 at 2015-02-13 15:53:55 -0500


Started GET "/assets/welcome.js?body=1" for 127.0.0.1 at 2015-02-13 15:53:55 -0500


Started GET "/assets/turbolinks.js?body=1" for 127.0.0.1 at 2015-02-13 15:53:55 -0500


Started GET "/assets/welcome.css?body=1" for 127.0.0.1 at 2015-02-13 15:53:55 -0500


Started GET "/assets/application.js?body=1" for 127.0.0.1 at 2015-02-13 15:53:55 -0500


Started GET "/" for 127.0.0.1 at 2015-02-13 15:54:51 -0500
Processing by WelcomeController#index as HTML
  Rendered welcome/index.html.erb within layouts/application (2.0ms)
Completed 500 Internal Server Error in 5ms

ActionView::Template::Error (wrong number of arguments (0 for 2..4)):
    39: 	  	<%= "G| ||" if y == 2 %>
    40: 	  	<%= "D| ||" if y == 3 %>
    41: 	  	<%= "A| ||" if y == 4 %>
    42: 	  	<%= "D|"+radio_button_tag+"||" if y == 5 %>
    43: 	  	</td>
    44: 	  	<%      23.times do |x| %>
    45: 	  	<%          if y == 5 %>
  app/views/welcome/index.html.erb:42:in `block (2 levels) in _app_views_welcome_index_html_erb___363755473_51831588'
  app/views/welcome/index.html.erb:35:in `times'
  app/views/welcome/index.html.erb:35:in `block in _app_views_welcome_index_html_erb___363755473_51831588'
  app/views/welcome/index.html.erb:33:in `_app_views_welcome_index_html_erb___363755473_51831588'


  Rendered C:/RailsInstaller/Ruby2.1.0/lib/ruby/gems/2.1.0/gems/actionpack-4.1.8/lib/action_dispatch/middleware/templates/rescues/_trace.html.erb (1.0ms)
  Rendered C:/RailsInstaller/Ruby2.1.0/lib/ruby/gems/2.1.0/gems/actionpack-4.1.8/lib/action_dispatch/middleware/templates/rescues/_request_and_response.html.erb (1.0ms)
  Rendered C:/RailsInstaller/Ruby2.1.0/lib/ruby/gems/2.1.0/gems/actionpack-4.1.8/lib/action_dispatch/middleware/templates/rescues/template_error.html.erb within rescues/layout (21.0ms)


Started GET "/" for 127.0.0.1 at 2015-02-13 15:55:11 -0500
Processing by WelcomeController#index as HTML
  Rendered welcome/index.html.erb within layouts/application (4.0ms)
Completed 200 OK in 47ms (Views: 46.0ms | ActiveRecord: 0.0ms)


Started GET "/assets/welcome.css?body=1" for 127.0.0.1 at 2015-02-13 15:55:11 -0500


Started GET "/assets/application.css?body=1" for 127.0.0.1 at 2015-02-13 15:55:11 -0500


Started GET "/assets/jquery.js?body=1" for 127.0.0.1 at 2015-02-13 15:55:11 -0500


Started GET "/assets/jquery_ujs.js?body=1" for 127.0.0.1 at 2015-02-13 15:55:12 -0500


Started GET "/assets/turbolinks.js?body=1" for 127.0.0.1 at 2015-02-13 15:55:12 -0500


Started GET "/assets/welcome.js?body=1" for 127.0.0.1 at 2015-02-13 15:55:12 -0500


Started GET "/assets/application.js?body=1" for 127.0.0.1 at 2015-02-13 15:55:12 -0500


Started GET "/" for 127.0.0.1 at 2015-02-13 15:55:35 -0500
Processing by WelcomeController#index as HTML
  Rendered welcome/index.html.erb within layouts/application (3.0ms)
Completed 200 OK in 43ms (Views: 42.0ms | ActiveRecord: 0.0ms)


Started GET "/assets/welcome.css?body=1" for 127.0.0.1 at 2015-02-13 15:55:36 -0500


Started GET "/assets/application.css?body=1" for 127.0.0.1 at 2015-02-13 15:55:36 -0500


Started GET "/assets/jquery.js?body=1" for 127.0.0.1 at 2015-02-13 15:55:36 -0500


Started GET "/assets/jquery_ujs.js?body=1" for 127.0.0.1 at 2015-02-13 15:55:36 -0500


Started GET "/assets/turbolinks.js?body=1" for 127.0.0.1 at 2015-02-13 15:55:36 -0500


Started GET "/assets/welcome.js?body=1" for 127.0.0.1 at 2015-02-13 15:55:36 -0500


Started GET "/assets/application.js?body=1" for 127.0.0.1 at 2015-02-13 15:55:36 -0500


Started GET "/" for 127.0.0.1 at 2015-02-13 15:55:46 -0500
Processing by WelcomeController#index as HTML
  Rendered welcome/index.html.erb within layouts/application (1.0ms)
Completed 500 Internal Server Error in 4ms

SyntaxError (C:/Nothing Important/tabbse/app/views/welcome/index.html.erb:42: syntax error, unexpected ';', expecting =>
...;@output_buffer.append=( {"D|"; radio_button_tag(:root, "0")...
...                               ^
C:/Nothing Important/tabbse/app/views/welcome/index.html.erb:42: syntax error, unexpected '}', expecting ')'
...io_button_tag(:root, "0");"||"} if y == 5 );@output_buffer.s...
...                               ^):
  app/views/welcome/index.html.erb:42: syntax error, unexpected ';', expecting =>
  app/views/welcome/index.html.erb:42: syntax error, unexpected '}', expecting ')'


  Rendered C:/RailsInstaller/Ruby2.1.0/lib/ruby/gems/2.1.0/gems/actionpack-4.1.8/lib/action_dispatch/middleware/templates/rescues/_source.erb (1.0ms)
  Rendered C:/RailsInstaller/Ruby2.1.0/lib/ruby/gems/2.1.0/gems/actionpack-4.1.8/lib/action_dispatch/middleware/templates/rescues/_trace.html.erb (2.0ms)
  Rendered C:/RailsInstaller/Ruby2.1.0/lib/ruby/gems/2.1.0/gems/actionpack-4.1.8/lib/action_dispatch/middleware/templates/rescues/_request_and_response.html.erb (1.0ms)
  Rendered C:/RailsInstaller/Ruby2.1.0/lib/ruby/gems/2.1.0/gems/actionpack-4.1.8/lib/action_dispatch/middleware/templates/rescues/diagnostics.erb within rescues/layout (27.0ms)


Started GET "/" for 127.0.0.1 at 2015-02-13 15:58:06 -0500
Processing by WelcomeController#index as HTML
  Rendered welcome/index.html.erb within layouts/application (1.0ms)
Completed 500 Internal Server Error in 4ms

SyntaxError (C:/Nothing Important/tabbse/app/views/welcome/index.html.erb:43: syntax error, unexpected tSTRING_DEND, expecting ')'
...io_button_tag(:root, "0");"||"} );@output_buffer.safe_append...
...                               ^
C:/Nothing Important/tabbse/app/views/welcome/index.html.erb:44: syntax error, unexpected keyword_end, expecting ')'
'.freeze;		  end 
         		     ^
C:/Nothing Important/tabbse/app/views/welcome/index.html.erb:54: syntax error, unexpected keyword_end, expecting ')'
'.freeze;		 end  
         		    ^
C:/Nothing Important/tabbse/app/views/welcome/index.html.erb:65: syntax error, unexpected keyword_end, expecting ')'
'.freeze; end 
             ^
C:/Nothing Important/tabbse/app/views/welcome/index.html.erb:67: syntax error, unexpected keyword_ensure, expecting ')'
C:/Nothing Important/tabbse/app/views/welcome/index.html.erb:69: syntax error, unexpected keyword_end, expecting ')'):
  app/views/welcome/index.html.erb:43: syntax error, unexpected tSTRING_DEND, expecting ')'
  app/views/welcome/index.html.erb:44: syntax error, unexpected keyword_end, expecting ')'
  app/views/welcome/index.html.erb:54: syntax error, unexpected keyword_end, expecting ')'
  app/views/welcome/index.html.erb:65: syntax error, unexpected keyword_end, expecting ')'
  app/views/welcome/index.html.erb:67: syntax error, unexpected keyword_ensure, expecting ')'
  app/views/welcome/index.html.erb:69: syntax error, unexpected keyword_end, expecting ')'


  Rendered C:/RailsInstaller/Ruby2.1.0/lib/ruby/gems/2.1.0/gems/actionpack-4.1.8/lib/action_dispatch/middleware/templates/rescues/_source.erb (1.0ms)
  Rendered C:/RailsInstaller/Ruby2.1.0/lib/ruby/gems/2.1.0/gems/actionpack-4.1.8/lib/action_dispatch/middleware/templates/rescues/_trace.html.erb (1.0ms)
  Rendered C:/RailsInstaller/Ruby2.1.0/lib/ruby/gems/2.1.0/gems/actionpack-4.1.8/lib/action_dispatch/middleware/templates/rescues/_request_and_response.html.erb (1.0ms)
  Rendered C:/RailsInstaller/Ruby2.1.0/lib/ruby/gems/2.1.0/gems/actionpack-4.1.8/lib/action_dispatch/middleware/templates/rescues/diagnostics.erb within rescues/layout (27.0ms)


Started GET "/" for 127.0.0.1 at 2015-02-13 15:58:22 -0500
Processing by WelcomeController#index as HTML
  Rendered welcome/index.html.erb within layouts/application (3.0ms)
Completed 500 Internal Server Error in 6ms

SyntaxError (C:/Nothing Important/tabbse/app/views/welcome/index.html.erb:43: syntax error, unexpected tSTRING_DEND, expecting ')'
...io_button_tag(:root, "0");"||"} );@output_buffer.safe_append...
...                               ^
C:/Nothing Important/tabbse/app/views/welcome/index.html.erb:44: syntax error, unexpected keyword_end, expecting ')'
'.freeze;		  end 
         		     ^
C:/Nothing Important/tabbse/app/views/welcome/index.html.erb:54: syntax error, unexpected keyword_end, expecting ')'
'.freeze;		 end  
         		    ^
C:/Nothing Important/tabbse/app/views/welcome/index.html.erb:65: syntax error, unexpected keyword_end, expecting ')'
'.freeze; end 
             ^
C:/Nothing Important/tabbse/app/views/welcome/index.html.erb:67: syntax error, unexpected keyword_ensure, expecting ')'
C:/Nothing Important/tabbse/app/views/welcome/index.html.erb:69: syntax error, unexpected keyword_end, expecting ')'):
  app/views/welcome/index.html.erb:43: syntax error, unexpected tSTRING_DEND, expecting ')'
  app/views/welcome/index.html.erb:44: syntax error, unexpected keyword_end, expecting ')'
  app/views/welcome/index.html.erb:54: syntax error, unexpected keyword_end, expecting ')'
  app/views/welcome/index.html.erb:65: syntax error, unexpected keyword_end, expecting ')'
  app/views/welcome/index.html.erb:67: syntax error, unexpected keyword_ensure, expecting ')'
  app/views/welcome/index.html.erb:69: syntax error, unexpected keyword_end, expecting ')'


  Rendered C:/RailsInstaller/Ruby2.1.0/lib/ruby/gems/2.1.0/gems/actionpack-4.1.8/lib/action_dispatch/middleware/templates/rescues/_source.erb (1.0ms)
  Rendered C:/RailsInstaller/Ruby2.1.0/lib/ruby/gems/2.1.0/gems/actionpack-4.1.8/lib/action_dispatch/middleware/templates/rescues/_trace.html.erb (1.0ms)
  Rendered C:/RailsInstaller/Ruby2.1.0/lib/ruby/gems/2.1.0/gems/actionpack-4.1.8/lib/action_dispatch/middleware/templates/rescues/_request_and_response.html.erb (2.0ms)
  Rendered C:/RailsInstaller/Ruby2.1.0/lib/ruby/gems/2.1.0/gems/actionpack-4.1.8/lib/action_dispatch/middleware/templates/rescues/diagnostics.erb within rescues/layout (28.0ms)


Started GET "/" for 127.0.0.1 at 2015-02-13 15:58:25 -0500
Processing by WelcomeController#index as HTML
  Rendered welcome/index.html.erb within layouts/application (1.0ms)
Completed 500 Internal Server Error in 4ms

SyntaxError (C:/Nothing Important/tabbse/app/views/welcome/index.html.erb:43: syntax error, unexpected tSTRING_DEND, expecting ')'
...io_button_tag(:root, "0");"||"} );@output_buffer.safe_append...
...                               ^
C:/Nothing Important/tabbse/app/views/welcome/index.html.erb:44: syntax error, unexpected keyword_end, expecting ')'
'.freeze;		  end 
         		     ^
C:/Nothing Important/tabbse/app/views/welcome/index.html.erb:54: syntax error, unexpected keyword_end, expecting ')'
'.freeze;		 end  
         		    ^
C:/Nothing Important/tabbse/app/views/welcome/index.html.erb:65: syntax error, unexpected keyword_end, expecting ')'
'.freeze; end 
             ^
C:/Nothing Important/tabbse/app/views/welcome/index.html.erb:67: syntax error, unexpected keyword_ensure, expecting ')'
C:/Nothing Important/tabbse/app/views/welcome/index.html.erb:69: syntax error, unexpected keyword_end, expecting ')'):
  app/views/welcome/index.html.erb:43: syntax error, unexpected tSTRING_DEND, expecting ')'
  app/views/welcome/index.html.erb:44: syntax error, unexpected keyword_end, expecting ')'
  app/views/welcome/index.html.erb:54: syntax error, unexpected keyword_end, expecting ')'
  app/views/welcome/index.html.erb:65: syntax error, unexpected keyword_end, expecting ')'
  app/views/welcome/index.html.erb:67: syntax error, unexpected keyword_ensure, expecting ')'
  app/views/welcome/index.html.erb:69: syntax error, unexpected keyword_end, expecting ')'


  Rendered C:/RailsInstaller/Ruby2.1.0/lib/ruby/gems/2.1.0/gems/actionpack-4.1.8/lib/action_dispatch/middleware/templates/rescues/_source.erb (1.0ms)
  Rendered C:/RailsInstaller/Ruby2.1.0/lib/ruby/gems/2.1.0/gems/actionpack-4.1.8/lib/action_dispatch/middleware/templates/rescues/_trace.html.erb (2.0ms)
  Rendered C:/RailsInstaller/Ruby2.1.0/lib/ruby/gems/2.1.0/gems/actionpack-4.1.8/lib/action_dispatch/middleware/templates/rescues/_request_and_response.html.erb (1.0ms)
  Rendered C:/RailsInstaller/Ruby2.1.0/lib/ruby/gems/2.1.0/gems/actionpack-4.1.8/lib/action_dispatch/middleware/templates/rescues/diagnostics.erb within rescues/layout (26.0ms)


Started GET "/" for 127.0.0.1 at 2015-02-13 15:58:26 -0500
Processing by WelcomeController#index as HTML
  Rendered welcome/index.html.erb within layouts/application (1.0ms)
Completed 500 Internal Server Error in 4ms

SyntaxError (C:/Nothing Important/tabbse/app/views/welcome/index.html.erb:43: syntax error, unexpected tSTRING_DEND, expecting ')'
...io_button_tag(:root, "0");"||"} );@output_buffer.safe_append...
...                               ^
C:/Nothing Important/tabbse/app/views/welcome/index.html.erb:44: syntax error, unexpected keyword_end, expecting ')'
'.freeze;		  end 
         		     ^
C:/Nothing Important/tabbse/app/views/welcome/index.html.erb:54: syntax error, unexpected keyword_end, expecting ')'
'.freeze;		 end  
         		    ^
C:/Nothing Important/tabbse/app/views/welcome/index.html.erb:65: syntax error, unexpected keyword_end, expecting ')'
'.freeze; end 
             ^
C:/Nothing Important/tabbse/app/views/welcome/index.html.erb:67: syntax error, unexpected keyword_ensure, expecting ')'
C:/Nothing Important/tabbse/app/views/welcome/index.html.erb:69: syntax error, unexpected keyword_end, expecting ')'):
  app/views/welcome/index.html.erb:43: syntax error, unexpected tSTRING_DEND, expecting ')'
  app/views/welcome/index.html.erb:44: syntax error, unexpected keyword_end, expecting ')'
  app/views/welcome/index.html.erb:54: syntax error, unexpected keyword_end, expecting ')'
  app/views/welcome/index.html.erb:65: syntax error, unexpected keyword_end, expecting ')'
  app/views/welcome/index.html.erb:67: syntax error, unexpected keyword_ensure, expecting ')'
  app/views/welcome/index.html.erb:69: syntax error, unexpected keyword_end, expecting ')'


  Rendered C:/RailsInstaller/Ruby2.1.0/lib/ruby/gems/2.1.0/gems/actionpack-4.1.8/lib/action_dispatch/middleware/templates/rescues/_source.erb (1.0ms)
  Rendered C:/RailsInstaller/Ruby2.1.0/lib/ruby/gems/2.1.0/gems/actionpack-4.1.8/lib/action_dispatch/middleware/templates/rescues/_trace.html.erb (1.0ms)
  Rendered C:/RailsInstaller/Ruby2.1.0/lib/ruby/gems/2.1.0/gems/actionpack-4.1.8/lib/action_dispatch/middleware/templates/rescues/_request_and_response.html.erb (1.0ms)
  Rendered C:/RailsInstaller/Ruby2.1.0/lib/ruby/gems/2.1.0/gems/actionpack-4.1.8/lib/action_dispatch/middleware/templates/rescues/diagnostics.erb within rescues/layout (28.0ms)


Started GET "/" for 127.0.0.1 at 2015-02-13 15:58:31 -0500
Processing by WelcomeController#index as HTML
  Rendered welcome/index.html.erb within layouts/application (1.0ms)
Completed 500 Internal Server Error in 3ms

SyntaxError (C:/Nothing Important/tabbse/app/views/welcome/index.html.erb:43: syntax error, unexpected tSTRING_DEND, expecting ')'
...( radio_button_tag(:root, "0")} );@output_buffer.safe_append...
...                               ^
C:/Nothing Important/tabbse/app/views/welcome/index.html.erb:44: syntax error, unexpected keyword_end, expecting ')'
'.freeze;		  end 
         		     ^
C:/Nothing Important/tabbse/app/views/welcome/index.html.erb:54: syntax error, unexpected keyword_end, expecting ')'
'.freeze;		 end  
         		    ^
C:/Nothing Important/tabbse/app/views/welcome/index.html.erb:65: syntax error, unexpected keyword_end, expecting ')'
'.freeze; end 
             ^
C:/Nothing Important/tabbse/app/views/welcome/index.html.erb:67: syntax error, unexpected keyword_ensure, expecting ')'
C:/Nothing Important/tabbse/app/views/welcome/index.html.erb:69: syntax error, unexpected keyword_end, expecting ')'):
  app/views/welcome/index.html.erb:43: syntax error, unexpected tSTRING_DEND, expecting ')'
  app/views/welcome/index.html.erb:44: syntax error, unexpected keyword_end, expecting ')'
  app/views/welcome/index.html.erb:54: syntax error, unexpected keyword_end, expecting ')'
  app/views/welcome/index.html.erb:65: syntax error, unexpected keyword_end, expecting ')'
  app/views/welcome/index.html.erb:67: syntax error, unexpected keyword_ensure, expecting ')'
  app/views/welcome/index.html.erb:69: syntax error, unexpected keyword_end, expecting ')'


  Rendered C:/RailsInstaller/Ruby2.1.0/lib/ruby/gems/2.1.0/gems/actionpack-4.1.8/lib/action_dispatch/middleware/templates/rescues/_source.erb (1.0ms)
  Rendered C:/RailsInstaller/Ruby2.1.0/lib/ruby/gems/2.1.0/gems/actionpack-4.1.8/lib/action_dispatch/middleware/templates/rescues/_trace.html.erb (2.0ms)
  Rendered C:/RailsInstaller/Ruby2.1.0/lib/ruby/gems/2.1.0/gems/actionpack-4.1.8/lib/action_dispatch/middleware/templates/rescues/_request_and_response.html.erb (1.0ms)
  Rendered C:/RailsInstaller/Ruby2.1.0/lib/ruby/gems/2.1.0/gems/actionpack-4.1.8/lib/action_dispatch/middleware/templates/rescues/diagnostics.erb within rescues/layout (29.0ms)


Started GET "/" for 127.0.0.1 at 2015-02-13 15:58:44 -0500
Processing by WelcomeController#index as HTML
  Rendered welcome/index.html.erb within layouts/application (3.0ms)
Completed 200 OK in 49ms (Views: 49.0ms | ActiveRecord: 0.0ms)


Started GET "/assets/welcome.css?body=1" for 127.0.0.1 at 2015-02-13 15:58:44 -0500


Started GET "/assets/application.css?body=1" for 127.0.0.1 at 2015-02-13 15:58:44 -0500


Started GET "/assets/jquery.js?body=1" for 127.0.0.1 at 2015-02-13 15:58:44 -0500


Started GET "/assets/jquery_ujs.js?body=1" for 127.0.0.1 at 2015-02-13 15:58:44 -0500


Started GET "/assets/turbolinks.js?body=1" for 127.0.0.1 at 2015-02-13 15:58:44 -0500


Started GET "/assets/welcome.js?body=1" for 127.0.0.1 at 2015-02-13 15:58:44 -0500


Started GET "/assets/application.js?body=1" for 127.0.0.1 at 2015-02-13 15:58:44 -0500


Started GET "/" for 127.0.0.1 at 2015-02-13 15:59:57 -0500
Processing by WelcomeController#index as HTML
  Rendered welcome/index.html.erb within layouts/application (3.0ms)
Completed 200 OK in 44ms (Views: 43.0ms | ActiveRecord: 0.0ms)


Started GET "/assets/jquery.js?body=1" for 127.0.0.1 at 2015-02-13 15:59:57 -0500


Started GET "/assets/jquery_ujs.js?body=1" for 127.0.0.1 at 2015-02-13 15:59:57 -0500


Started GET "/assets/application.css?body=1" for 127.0.0.1 at 2015-02-13 15:59:57 -0500


Started GET "/assets/welcome.css?body=1" for 127.0.0.1 at 2015-02-13 15:59:57 -0500


Started GET "/assets/turbolinks.js?body=1" for 127.0.0.1 at 2015-02-13 15:59:57 -0500


Started GET "/assets/welcome.js?body=1" for 127.0.0.1 at 2015-02-13 15:59:57 -0500


Started GET "/assets/application.js?body=1" for 127.0.0.1 at 2015-02-13 15:59:57 -0500


Started GET "/" for 127.0.0.1 at 2015-02-13 16:03:56 -0500
Processing by WelcomeController#index as HTML
  Rendered welcome/index.html.erb within layouts/application (1.0ms)
Completed 500 Internal Server Error in 4ms

SyntaxError (C:/Nothing Important/tabbse/app/views/welcome/index.html.erb:78: syntax error, unexpected keyword_ensure, expecting keyword_end
C:/Nothing Important/tabbse/app/views/welcome/index.html.erb:80: syntax error, unexpected end-of-input, expecting keyword_end):
  app/views/welcome/index.html.erb:78: syntax error, unexpected keyword_ensure, expecting keyword_end
  app/views/welcome/index.html.erb:80: syntax error, unexpected end-of-input, expecting keyword_end


  Rendered C:/RailsInstaller/Ruby2.1.0/lib/ruby/gems/2.1.0/gems/actionpack-4.1.8/lib/action_dispatch/middleware/templates/rescues/_source.erb (1.0ms)
  Rendered C:/RailsInstaller/Ruby2.1.0/lib/ruby/gems/2.1.0/gems/actionpack-4.1.8/lib/action_dispatch/middleware/templates/rescues/_trace.html.erb (2.0ms)
  Rendered C:/RailsInstaller/Ruby2.1.0/lib/ruby/gems/2.1.0/gems/actionpack-4.1.8/lib/action_dispatch/middleware/templates/rescues/_request_and_response.html.erb (1.0ms)
  Rendered C:/RailsInstaller/Ruby2.1.0/lib/ruby/gems/2.1.0/gems/actionpack-4.1.8/lib/action_dispatch/middleware/templates/rescues/diagnostics.erb within rescues/layout (27.0ms)


Started GET "/" for 127.0.0.1 at 2015-02-13 16:07:44 -0500
Processing by WelcomeController#index as HTML
  Rendered welcome/index.html.erb within layouts/application (4.0ms)
Completed 200 OK in 51ms (Views: 51.0ms | ActiveRecord: 0.0ms)


Started GET "/assets/jquery.js?body=1" for 127.0.0.1 at 2015-02-13 16:07:44 -0500


Started GET "/assets/jquery_ujs.js?body=1" for 127.0.0.1 at 2015-02-13 16:07:44 -0500


Started GET "/assets/application.css?body=1" for 127.0.0.1 at 2015-02-13 16:07:45 -0500


Started GET "/assets/welcome.css?body=1" for 127.0.0.1 at 2015-02-13 16:07:45 -0500


Started GET "/assets/turbolinks.js?body=1" for 127.0.0.1 at 2015-02-13 16:07:45 -0500


Started GET "/assets/welcome.js?body=1" for 127.0.0.1 at 2015-02-13 16:07:45 -0500


Started GET "/assets/application.js?body=1" for 127.0.0.1 at 2015-02-13 16:07:45 -0500


Started GET "/" for 127.0.0.1 at 2015-02-13 16:08:13 -0500
Processing by WelcomeController#index as HTML
  Rendered welcome/index.html.erb within layouts/application (3.0ms)
Completed 200 OK in 52ms (Views: 51.0ms | ActiveRecord: 0.0ms)


Started GET "/assets/jquery.js?body=1" for 127.0.0.1 at 2015-02-13 16:08:13 -0500


Started GET "/assets/application.css?body=1" for 127.0.0.1 at 2015-02-13 16:08:13 -0500


Started GET "/assets/jquery_ujs.js?body=1" for 127.0.0.1 at 2015-02-13 16:08:13 -0500


Started GET "/assets/welcome.css?body=1" for 127.0.0.1 at 2015-02-13 16:08:13 -0500


Started GET "/assets/turbolinks.js?body=1" for 127.0.0.1 at 2015-02-13 16:08:13 -0500


Started GET "/assets/welcome.js?body=1" for 127.0.0.1 at 2015-02-13 16:08:13 -0500


Started GET "/assets/application.js?body=1" for 127.0.0.1 at 2015-02-13 16:08:13 -0500


Started GET "/" for 127.0.0.1 at 2015-02-13 16:08:52 -0500
Processing by WelcomeController#index as HTML
  Rendered welcome/index.html.erb within layouts/application (4.0ms)
Completed 200 OK in 50ms (Views: 49.0ms | ActiveRecord: 0.0ms)


Started GET "/assets/turbolinks.js?body=1" for 127.0.0.1 at 2015-02-13 16:08:53 -0500


Started GET "/assets/welcome.js?body=1" for 127.0.0.1 at 2015-02-13 16:08:53 -0500


Started GET "/assets/jquery_ujs.js?body=1" for 127.0.0.1 at 2015-02-13 16:08:53 -0500


Started GET "/assets/application.css?body=1" for 127.0.0.1 at 2015-02-13 16:08:53 -0500


Started GET "/assets/jquery.js?body=1" for 127.0.0.1 at 2015-02-13 16:08:53 -0500


Started GET "/assets/welcome.css?body=1" for 127.0.0.1 at 2015-02-13 16:08:53 -0500


Started GET "/assets/application.js?body=1" for 127.0.0.1 at 2015-02-13 16:08:53 -0500


Started GET "/" for 127.0.0.1 at 2015-02-13 16:09:47 -0500
Processing by WelcomeController#index as HTML
  Rendered welcome/index.html.erb within layouts/application (3.0ms)
Completed 200 OK in 48ms (Views: 47.0ms | ActiveRecord: 0.0ms)


Started GET "/assets/jquery_ujs.js?body=1" for 127.0.0.1 at 2015-02-13 16:09:47 -0500


Started GET "/assets/turbolinks.js?body=1" for 127.0.0.1 at 2015-02-13 16:09:47 -0500


Started GET "/assets/application.css?body=1" for 127.0.0.1 at 2015-02-13 16:09:47 -0500


Started GET "/assets/jquery.js?body=1" for 127.0.0.1 at 2015-02-13 16:09:47 -0500


Started GET "/assets/welcome.js?body=1" for 127.0.0.1 at 2015-02-13 16:09:47 -0500


Started GET "/assets/welcome.css?body=1" for 127.0.0.1 at 2015-02-13 16:09:47 -0500


Started GET "/assets/application.js?body=1" for 127.0.0.1 at 2015-02-13 16:09:47 -0500


Started GET "/" for 127.0.0.1 at 2015-02-13 16:09:54 -0500
Processing by WelcomeController#index as HTML
  Rendered welcome/index.html.erb within layouts/application (3.0ms)
Completed 200 OK in 39ms (Views: 39.0ms | ActiveRecord: 0.0ms)


Started GET "/assets/application.css?body=1" for 127.0.0.1 at 2015-02-13 16:09:54 -0500


Started GET "/assets/turbolinks.js?body=1" for 127.0.0.1 at 2015-02-13 16:09:54 -0500


Started GET "/assets/jquery_ujs.js?body=1" for 127.0.0.1 at 2015-02-13 16:09:54 -0500


Started GET "/assets/jquery.js?body=1" for 127.0.0.1 at 2015-02-13 16:09:54 -0500


Started GET "/assets/welcome.css?body=1" for 127.0.0.1 at 2015-02-13 16:09:54 -0500


Started GET "/assets/welcome.js?body=1" for 127.0.0.1 at 2015-02-13 16:09:54 -0500


Started GET "/assets/application.js?body=1" for 127.0.0.1 at 2015-02-13 16:09:54 -0500


Started POST "/welcome/index" for 127.0.0.1 at 2015-02-13 16:10:26 -0500

ActionController::RoutingError (No route matches [POST] "/welcome/index"):
  actionpack (4.1.8) lib/action_dispatch/middleware/debug_exceptions.rb:21:in `call'
  actionpack (4.1.8) lib/action_dispatch/middleware/show_exceptions.rb:30:in `call'
  railties (4.1.8) lib/rails/rack/logger.rb:38:in `call_app'
  railties (4.1.8) lib/rails/rack/logger.rb:20:in `block in call'
  activesupport (4.1.8) lib/active_support/tagged_logging.rb:68:in `block in tagged'
  activesupport (4.1.8) lib/active_support/tagged_logging.rb:26:in `tagged'
  activesupport (4.1.8) lib/active_support/tagged_logging.rb:68:in `tagged'
  railties (4.1.8) lib/rails/rack/logger.rb:20:in `call'
  actionpack (4.1.8) lib/action_dispatch/middleware/request_id.rb:21:in `call'
  rack (1.5.2) lib/rack/methodoverride.rb:21:in `call'
  rack (1.5.2) lib/rack/runtime.rb:17:in `call'
  activesupport (4.1.8) lib/active_support/cache/strategy/local_cache_middleware.rb:26:in `call'
  rack (1.5.2) lib/rack/lock.rb:17:in `call'
  actionpack (4.1.8) lib/action_dispatch/middleware/static.rb:84:in `call'
  rack (1.5.2) lib/rack/sendfile.rb:112:in `call'
  railties (4.1.8) lib/rails/engine.rb:514:in `call'
  railties (4.1.8) lib/rails/application.rb:144:in `call'
  rack (1.5.2) lib/rack/lock.rb:17:in `call'
  rack (1.5.2) lib/rack/content_length.rb:14:in `call'
  rack (1.5.2) lib/rack/handler/webrick.rb:60:in `service'
  C:/RailsInstaller/Ruby2.1.0/lib/ruby/2.1.0/webrick/httpserver.rb:138:in `service'
  C:/RailsInstaller/Ruby2.1.0/lib/ruby/2.1.0/webrick/httpserver.rb:94:in `run'
  C:/RailsInstaller/Ruby2.1.0/lib/ruby/2.1.0/webrick/server.rb:295:in `block in start_thread'


  Rendered C:/RailsInstaller/Ruby2.1.0/lib/ruby/gems/2.1.0/gems/actionpack-4.1.8/lib/action_dispatch/middleware/templates/rescues/_trace.html.erb (1.0ms)
  Rendered C:/RailsInstaller/Ruby2.1.0/lib/ruby/gems/2.1.0/gems/actionpack-4.1.8/lib/action_dispatch/middleware/templates/routes/_route.html.erb (1.0ms)
  Rendered C:/RailsInstaller/Ruby2.1.0/lib/ruby/gems/2.1.0/gems/actionpack-4.1.8/lib/action_dispatch/middleware/templates/routes/_table.html.erb (4.0ms)
  Rendered C:/RailsInstaller/Ruby2.1.0/lib/ruby/gems/2.1.0/gems/actionpack-4.1.8/lib/action_dispatch/middleware/templates/rescues/routing_error.html.erb within rescues/layout (34.0ms)


Started GET "/" for 127.0.0.1 at 2015-02-13 16:10:31 -0500
Processing by WelcomeController#index as HTML
  Rendered welcome/index.html.erb within layouts/application (4.0ms)
Completed 200 OK in 43ms (Views: 42.0ms | ActiveRecord: 0.0ms)


Started GET "/assets/jquery.js?body=1" for 127.0.0.1 at 2015-02-13 16:10:31 -0500


Started GET "/assets/turbolinks.js?body=1" for 127.0.0.1 at 2015-02-13 16:10:31 -0500


Started GET "/assets/jquery_ujs.js?body=1" for 127.0.0.1 at 2015-02-13 16:10:31 -0500


Started GET "/assets/application.css?body=1" for 127.0.0.1 at 2015-02-13 16:10:31 -0500


Started GET "/assets/welcome.css?body=1" for 127.0.0.1 at 2015-02-13 16:10:31 -0500


Started GET "/assets/welcome.js?body=1" for 127.0.0.1 at 2015-02-13 16:10:31 -0500


Started GET "/assets/application.js?body=1" for 127.0.0.1 at 2015-02-13 16:10:31 -0500


Started GET "/" for 127.0.0.1 at 2015-02-13 16:10:58 -0500
Processing by WelcomeController#index as HTML
  Rendered welcome/index.html.erb within layouts/application (4.0ms)
Completed 200 OK in 55ms (Views: 55.0ms | ActiveRecord: 0.0ms)


Started GET "/assets/jquery_ujs.js?body=1" for 127.0.0.1 at 2015-02-13 16:10:59 -0500


Started GET "/assets/application.css?body=1" for 127.0.0.1 at 2015-02-13 16:10:59 -0500


Started GET "/assets/welcome.js?body=1" for 127.0.0.1 at 2015-02-13 16:10:59 -0500


Started GET "/assets/turbolinks.js?body=1" for 127.0.0.1 at 2015-02-13 16:10:59 -0500


Started GET "/assets/jquery.js?body=1" for 127.0.0.1 at 2015-02-13 16:10:59 -0500


Started GET "/assets/welcome.css?body=1" for 127.0.0.1 at 2015-02-13 16:10:59 -0500


Started GET "/assets/application.js?body=1" for 127.0.0.1 at 2015-02-13 16:10:59 -0500


Started GET "/" for 127.0.0.1 at 2015-02-13 16:11:11 -0500
Processing by WelcomeController#index as HTML
  Rendered welcome/index.html.erb within layouts/application (3.0ms)
Completed 200 OK in 46ms (Views: 46.0ms | ActiveRecord: 0.0ms)


Started GET "/assets/application.css?body=1" for 127.0.0.1 at 2015-02-13 16:11:11 -0500


Started GET "/assets/welcome.css?body=1" for 127.0.0.1 at 2015-02-13 16:11:11 -0500


Started GET "/assets/jquery.js?body=1" for 127.0.0.1 at 2015-02-13 16:11:11 -0500


Started GET "/assets/turbolinks.js?body=1" for 127.0.0.1 at 2015-02-13 16:11:11 -0500


Started GET "/assets/welcome.js?body=1" for 127.0.0.1 at 2015-02-13 16:11:11 -0500


Started GET "/assets/jquery_ujs.js?body=1" for 127.0.0.1 at 2015-02-13 16:11:11 -0500


Started GET "/assets/application.js?body=1" for 127.0.0.1 at 2015-02-13 16:11:11 -0500


Started POST "/welcome/index" for 127.0.0.1 at 2015-02-13 16:12:07 -0500

ActionController::RoutingError (No route matches [POST] "/welcome/index"):
  actionpack (4.1.8) lib/action_dispatch/middleware/debug_exceptions.rb:21:in `call'
  actionpack (4.1.8) lib/action_dispatch/middleware/show_exceptions.rb:30:in `call'
  railties (4.1.8) lib/rails/rack/logger.rb:38:in `call_app'
  railties (4.1.8) lib/rails/rack/logger.rb:20:in `block in call'
  activesupport (4.1.8) lib/active_support/tagged_logging.rb:68:in `block in tagged'
  activesupport (4.1.8) lib/active_support/tagged_logging.rb:26:in `tagged'
  activesupport (4.1.8) lib/active_support/tagged_logging.rb:68:in `tagged'
  railties (4.1.8) lib/rails/rack/logger.rb:20:in `call'
  actionpack (4.1.8) lib/action_dispatch/middleware/request_id.rb:21:in `call'
  rack (1.5.2) lib/rack/methodoverride.rb:21:in `call'
  rack (1.5.2) lib/rack/runtime.rb:17:in `call'
  activesupport (4.1.8) lib/active_support/cache/strategy/local_cache_middleware.rb:26:in `call'
  rack (1.5.2) lib/rack/lock.rb:17:in `call'
  actionpack (4.1.8) lib/action_dispatch/middleware/static.rb:84:in `call'
  rack (1.5.2) lib/rack/sendfile.rb:112:in `call'
  railties (4.1.8) lib/rails/engine.rb:514:in `call'
  railties (4.1.8) lib/rails/application.rb:144:in `call'
  rack (1.5.2) lib/rack/lock.rb:17:in `call'
  rack (1.5.2) lib/rack/content_length.rb:14:in `call'
  rack (1.5.2) lib/rack/handler/webrick.rb:60:in `service'
  C:/RailsInstaller/Ruby2.1.0/lib/ruby/2.1.0/webrick/httpserver.rb:138:in `service'
  C:/RailsInstaller/Ruby2.1.0/lib/ruby/2.1.0/webrick/httpserver.rb:94:in `run'
  C:/RailsInstaller/Ruby2.1.0/lib/ruby/2.1.0/webrick/server.rb:295:in `block in start_thread'


  Rendered C:/RailsInstaller/Ruby2.1.0/lib/ruby/gems/2.1.0/gems/actionpack-4.1.8/lib/action_dispatch/middleware/templates/rescues/_trace.html.erb (1.0ms)
  Rendered C:/RailsInstaller/Ruby2.1.0/lib/ruby/gems/2.1.0/gems/actionpack-4.1.8/lib/action_dispatch/middleware/templates/routes/_route.html.erb (1.0ms)
  Rendered C:/RailsInstaller/Ruby2.1.0/lib/ruby/gems/2.1.0/gems/actionpack-4.1.8/lib/action_dispatch/middleware/templates/routes/_table.html.erb (1.0ms)
  Rendered C:/RailsInstaller/Ruby2.1.0/lib/ruby/gems/2.1.0/gems/actionpack-4.1.8/lib/action_dispatch/middleware/templates/rescues/routing_error.html.erb within rescues/layout (27.0ms)
  [1m[36m (2.0ms)[0m  [1mCREATE TABLE "schema_migrations" ("version" varchar(255) NOT NULL) [0m
  [1m[35m (0.0ms)[0m  select sqlite_version(*)
  [1m[36m (2.0ms)[0m  [1mCREATE UNIQUE INDEX "unique_schema_migrations" ON "schema_migrations" ("version")[0m
  [1m[35mActiveRecord::SchemaMigration Load (1.0ms)[0m  SELECT "schema_migrations".* FROM "schema_migrations"
Migrating to CreateKeys (20150213213252)
  [1m[36m (0.0ms)[0m  [1mbegin transaction[0m
  [1m[35m (1.0ms)[0m  CREATE TABLE "keys" ("id" INTEGER PRIMARY KEY AUTOINCREMENT NOT NULL, "scale" varchar(255), "root" integer, "diagram" text, "new" varchar(255), "create" varchar(255), "created_at" datetime, "updated_at" datetime) 
  [1m[36mSQL (0.0ms)[0m  [1mINSERT INTO "schema_migrations" ("version") VALUES (?)[0m  [["version", "20150213213252"]]
  [1m[35m (1.0ms)[0m  commit transaction
  [1m[36mActiveRecord::SchemaMigration Load (0.0ms)[0m  [1mSELECT "schema_migrations".* FROM "schema_migrations"[0m
  [1m[36mActiveRecord::SchemaMigration Load (1.0ms)[0m  [1mSELECT "schema_migrations".* FROM "schema_migrations"[0m


Started POST "/welcome/index" for 127.0.0.1 at 2015-02-13 16:43:13 -0500

ActionController::RoutingError (No route matches [POST] "/welcome/index"):
  actionpack (4.1.8) lib/action_dispatch/middleware/debug_exceptions.rb:21:in `call'
  actionpack (4.1.8) lib/action_dispatch/middleware/show_exceptions.rb:30:in `call'
  railties (4.1.8) lib/rails/rack/logger.rb:38:in `call_app'
  railties (4.1.8) lib/rails/rack/logger.rb:20:in `block in call'
  activesupport (4.1.8) lib/active_support/tagged_logging.rb:68:in `block in tagged'
  activesupport (4.1.8) lib/active_support/tagged_logging.rb:26:in `tagged'
  activesupport (4.1.8) lib/active_support/tagged_logging.rb:68:in `tagged'
  railties (4.1.8) lib/rails/rack/logger.rb:20:in `call'
  actionpack (4.1.8) lib/action_dispatch/middleware/request_id.rb:21:in `call'
  rack (1.5.2) lib/rack/methodoverride.rb:21:in `call'
  rack (1.5.2) lib/rack/runtime.rb:17:in `call'
  activesupport (4.1.8) lib/active_support/cache/strategy/local_cache_middleware.rb:26:in `call'
  rack (1.5.2) lib/rack/lock.rb:17:in `call'
  actionpack (4.1.8) lib/action_dispatch/middleware/static.rb:84:in `call'
  rack (1.5.2) lib/rack/sendfile.rb:112:in `call'
  railties (4.1.8) lib/rails/engine.rb:514:in `call'
  railties (4.1.8) lib/rails/application.rb:144:in `call'
  rack (1.5.2) lib/rack/lock.rb:17:in `call'
  rack (1.5.2) lib/rack/content_length.rb:14:in `call'
  rack (1.5.2) lib/rack/handler/webrick.rb:60:in `service'
  C:/RailsInstaller/Ruby2.1.0/lib/ruby/2.1.0/webrick/httpserver.rb:138:in `service'
  C:/RailsInstaller/Ruby2.1.0/lib/ruby/2.1.0/webrick/httpserver.rb:94:in `run'
  C:/RailsInstaller/Ruby2.1.0/lib/ruby/2.1.0/webrick/server.rb:295:in `block in start_thread'


  Rendered C:/RailsInstaller/Ruby2.1.0/lib/ruby/gems/2.1.0/gems/actionpack-4.1.8/lib/action_dispatch/middleware/templates/rescues/_trace.html.erb (1.0ms)
  Rendered C:/RailsInstaller/Ruby2.1.0/lib/ruby/gems/2.1.0/gems/actionpack-4.1.8/lib/action_dispatch/middleware/templates/routes/_route.html.erb (2.0ms)
  Rendered C:/RailsInstaller/Ruby2.1.0/lib/ruby/gems/2.1.0/gems/actionpack-4.1.8/lib/action_dispatch/middleware/templates/routes/_table.html.erb (2.0ms)
  Rendered C:/RailsInstaller/Ruby2.1.0/lib/ruby/gems/2.1.0/gems/actionpack-4.1.8/lib/action_dispatch/middleware/templates/rescues/routing_error.html.erb within rescues/layout (34.0ms)


Started GET "/" for 127.0.0.1 at 2015-02-13 16:43:18 -0500
Processing by WelcomeController#index as HTML
  Rendered welcome/index.html.erb within layouts/application (9.0ms)
Completed 200 OK in 106ms (Views: 106.4ms | ActiveRecord: 0.0ms)


Started GET "/assets/jquery.js?body=1" for 127.0.0.1 at 2015-02-13 16:43:19 -0500


Started GET "/assets/turbolinks.js?body=1" for 127.0.0.1 at 2015-02-13 16:43:19 -0500


Started GET "/assets/jquery_ujs.js?body=1" for 127.0.0.1 at 2015-02-13 16:43:19 -0500


Started GET "/assets/welcome.css?body=1" for 127.0.0.1 at 2015-02-13 16:43:19 -0500


Started GET "/assets/scaffolds.css?body=1" for 127.0.0.1 at 2015-02-13 16:43:19 -0500


Started GET "/assets/application.css?body=1" for 127.0.0.1 at 2015-02-13 16:43:19 -0500


Started GET "/assets/welcome.js?body=1" for 127.0.0.1 at 2015-02-13 16:43:19 -0500


Started GET "/assets/application.js?body=1" for 127.0.0.1 at 2015-02-13 16:43:19 -0500


Started POST "/welcome/index" for 127.0.0.1 at 2015-02-13 16:43:21 -0500

ActionController::RoutingError (No route matches [POST] "/welcome/index"):
  actionpack (4.1.8) lib/action_dispatch/middleware/debug_exceptions.rb:21:in `call'
  actionpack (4.1.8) lib/action_dispatch/middleware/show_exceptions.rb:30:in `call'
  railties (4.1.8) lib/rails/rack/logger.rb:38:in `call_app'
  railties (4.1.8) lib/rails/rack/logger.rb:20:in `block in call'
  activesupport (4.1.8) lib/active_support/tagged_logging.rb:68:in `block in tagged'
  activesupport (4.1.8) lib/active_support/tagged_logging.rb:26:in `tagged'
  activesupport (4.1.8) lib/active_support/tagged_logging.rb:68:in `tagged'
  railties (4.1.8) lib/rails/rack/logger.rb:20:in `call'
  actionpack (4.1.8) lib/action_dispatch/middleware/request_id.rb:21:in `call'
  rack (1.5.2) lib/rack/methodoverride.rb:21:in `call'
  rack (1.5.2) lib/rack/runtime.rb:17:in `call'
  activesupport (4.1.8) lib/active_support/cache/strategy/local_cache_middleware.rb:26:in `call'
  rack (1.5.2) lib/rack/lock.rb:17:in `call'
  actionpack (4.1.8) lib/action_dispatch/middleware/static.rb:84:in `call'
  rack (1.5.2) lib/rack/sendfile.rb:112:in `call'
  railties (4.1.8) lib/rails/engine.rb:514:in `call'
  railties (4.1.8) lib/rails/application.rb:144:in `call'
  rack (1.5.2) lib/rack/lock.rb:17:in `call'
  rack (1.5.2) lib/rack/content_length.rb:14:in `call'
  rack (1.5.2) lib/rack/handler/webrick.rb:60:in `service'
  C:/RailsInstaller/Ruby2.1.0/lib/ruby/2.1.0/webrick/httpserver.rb:138:in `service'
  C:/RailsInstaller/Ruby2.1.0/lib/ruby/2.1.0/webrick/httpserver.rb:94:in `run'
  C:/RailsInstaller/Ruby2.1.0/lib/ruby/2.1.0/webrick/server.rb:295:in `block in start_thread'


  Rendered C:/RailsInstaller/Ruby2.1.0/lib/ruby/gems/2.1.0/gems/actionpack-4.1.8/lib/action_dispatch/middleware/templates/rescues/_trace.html.erb (1.0ms)
  Rendered C:/RailsInstaller/Ruby2.1.0/lib/ruby/gems/2.1.0/gems/actionpack-4.1.8/lib/action_dispatch/middleware/templates/routes/_route.html.erb (3.0ms)
  Rendered C:/RailsInstaller/Ruby2.1.0/lib/ruby/gems/2.1.0/gems/actionpack-4.1.8/lib/action_dispatch/middleware/templates/routes/_table.html.erb (1.0ms)
  Rendered C:/RailsInstaller/Ruby2.1.0/lib/ruby/gems/2.1.0/gems/actionpack-4.1.8/lib/action_dispatch/middleware/templates/rescues/routing_error.html.erb within rescues/layout (37.0ms)


Started GET "/key" for 127.0.0.1 at 2015-02-13 16:43:25 -0500

ActionController::RoutingError (No route matches [GET] "/key"):
  actionpack (4.1.8) lib/action_dispatch/middleware/debug_exceptions.rb:21:in `call'
  actionpack (4.1.8) lib/action_dispatch/middleware/show_exceptions.rb:30:in `call'
  railties (4.1.8) lib/rails/rack/logger.rb:38:in `call_app'
  railties (4.1.8) lib/rails/rack/logger.rb:20:in `block in call'
  activesupport (4.1.8) lib/active_support/tagged_logging.rb:68:in `block in tagged'
  activesupport (4.1.8) lib/active_support/tagged_logging.rb:26:in `tagged'
  activesupport (4.1.8) lib/active_support/tagged_logging.rb:68:in `tagged'
  railties (4.1.8) lib/rails/rack/logger.rb:20:in `call'
  actionpack (4.1.8) lib/action_dispatch/middleware/request_id.rb:21:in `call'
  rack (1.5.2) lib/rack/methodoverride.rb:21:in `call'
  rack (1.5.2) lib/rack/runtime.rb:17:in `call'
  activesupport (4.1.8) lib/active_support/cache/strategy/local_cache_middleware.rb:26:in `call'
  rack (1.5.2) lib/rack/lock.rb:17:in `call'
  actionpack (4.1.8) lib/action_dispatch/middleware/static.rb:84:in `call'
  rack (1.5.2) lib/rack/sendfile.rb:112:in `call'
  railties (4.1.8) lib/rails/engine.rb:514:in `call'
  railties (4.1.8) lib/rails/application.rb:144:in `call'
  rack (1.5.2) lib/rack/lock.rb:17:in `call'
  rack (1.5.2) lib/rack/content_length.rb:14:in `call'
  rack (1.5.2) lib/rack/handler/webrick.rb:60:in `service'
  C:/RailsInstaller/Ruby2.1.0/lib/ruby/2.1.0/webrick/httpserver.rb:138:in `service'
  C:/RailsInstaller/Ruby2.1.0/lib/ruby/2.1.0/webrick/httpserver.rb:94:in `run'
  C:/RailsInstaller/Ruby2.1.0/lib/ruby/2.1.0/webrick/server.rb:295:in `block in start_thread'


  Rendered C:/RailsInstaller/Ruby2.1.0/lib/ruby/gems/2.1.0/gems/actionpack-4.1.8/lib/action_dispatch/middleware/templates/rescues/_trace.html.erb (1.0ms)
  Rendered C:/RailsInstaller/Ruby2.1.0/lib/ruby/gems/2.1.0/gems/actionpack-4.1.8/lib/action_dispatch/middleware/templates/routes/_route.html.erb (1.0ms)
  Rendered C:/RailsInstaller/Ruby2.1.0/lib/ruby/gems/2.1.0/gems/actionpack-4.1.8/lib/action_dispatch/middleware/templates/routes/_table.html.erb (1.0ms)
  Rendered C:/RailsInstaller/Ruby2.1.0/lib/ruby/gems/2.1.0/gems/actionpack-4.1.8/lib/action_dispatch/middleware/templates/rescues/routing_error.html.erb within rescues/layout (30.0ms)


Started GET "/keys" for 127.0.0.1 at 2015-02-13 16:43:31 -0500

ActionController::RoutingError (uninitialized constant KeysController):
  activesupport (4.1.8) lib/active_support/inflector/methods.rb:238:in `const_get'
  activesupport (4.1.8) lib/active_support/inflector/methods.rb:238:in `block in constantize'
  activesupport (4.1.8) lib/active_support/inflector/methods.rb:236:in `each'
  activesupport (4.1.8) lib/active_support/inflector/methods.rb:236:in `inject'
  activesupport (4.1.8) lib/active_support/inflector/methods.rb:236:in `constantize'
  actionpack (4.1.8) lib/action_dispatch/routing/route_set.rb:78:in `controller_reference'
  actionpack (4.1.8) lib/action_dispatch/routing/route_set.rb:68:in `controller'
  actionpack (4.1.8) lib/action_dispatch/routing/route_set.rb:46:in `call'
  actionpack (4.1.8) lib/action_dispatch/journey/router.rb:73:in `block in call'
  actionpack (4.1.8) lib/action_dispatch/journey/router.rb:59:in `each'
  actionpack (4.1.8) lib/action_dispatch/journey/router.rb:59:in `call'
  actionpack (4.1.8) lib/action_dispatch/routing/route_set.rb:678:in `call'
  rack (1.5.2) lib/rack/etag.rb:23:in `call'
  rack (1.5.2) lib/rack/conditionalget.rb:25:in `call'
  rack (1.5.2) lib/rack/head.rb:11:in `call'
  actionpack (4.1.8) lib/action_dispatch/middleware/params_parser.rb:27:in `call'
  actionpack (4.1.8) lib/action_dispatch/middleware/flash.rb:254:in `call'
  rack (1.5.2) lib/rack/session/abstract/id.rb:225:in `context'
  rack (1.5.2) lib/rack/session/abstract/id.rb:220:in `call'
  actionpack (4.1.8) lib/action_dispatch/middleware/cookies.rb:560:in `call'
  activerecord (4.1.8) lib/active_record/query_cache.rb:36:in `call'
  activerecord (4.1.8) lib/active_record/connection_adapters/abstract/connection_pool.rb:621:in `call'
  activerecord (4.1.8) lib/active_record/migration.rb:380:in `call'
  actionpack (4.1.8) lib/action_dispatch/middleware/callbacks.rb:29:in `block in call'
  activesupport (4.1.8) lib/active_support/callbacks.rb:82:in `run_callbacks'
  actionpack (4.1.8) lib/action_dispatch/middleware/callbacks.rb:27:in `call'
  actionpack (4.1.8) lib/action_dispatch/middleware/reloader.rb:73:in `call'
  actionpack (4.1.8) lib/action_dispatch/middleware/remote_ip.rb:76:in `call'
  actionpack (4.1.8) lib/action_dispatch/middleware/debug_exceptions.rb:17:in `call'
  actionpack (4.1.8) lib/action_dispatch/middleware/show_exceptions.rb:30:in `call'
  railties (4.1.8) lib/rails/rack/logger.rb:38:in `call_app'
  railties (4.1.8) lib/rails/rack/logger.rb:20:in `block in call'
  activesupport (4.1.8) lib/active_support/tagged_logging.rb:68:in `block in tagged'
  activesupport (4.1.8) lib/active_support/tagged_logging.rb:26:in `tagged'
  activesupport (4.1.8) lib/active_support/tagged_logging.rb:68:in `tagged'
  railties (4.1.8) lib/rails/rack/logger.rb:20:in `call'
  actionpack (4.1.8) lib/action_dispatch/middleware/request_id.rb:21:in `call'
  rack (1.5.2) lib/rack/methodoverride.rb:21:in `call'
  rack (1.5.2) lib/rack/runtime.rb:17:in `call'
  activesupport (4.1.8) lib/active_support/cache/strategy/local_cache_middleware.rb:26:in `call'
  rack (1.5.2) lib/rack/lock.rb:17:in `call'
  actionpack (4.1.8) lib/action_dispatch/middleware/static.rb:84:in `call'
  rack (1.5.2) lib/rack/sendfile.rb:112:in `call'
  railties (4.1.8) lib/rails/engine.rb:514:in `call'
  railties (4.1.8) lib/rails/application.rb:144:in `call'
  rack (1.5.2) lib/rack/lock.rb:17:in `call'
  rack (1.5.2) lib/rack/content_length.rb:14:in `call'
  rack (1.5.2) lib/rack/handler/webrick.rb:60:in `service'
  C:/RailsInstaller/Ruby2.1.0/lib/ruby/2.1.0/webrick/httpserver.rb:138:in `service'
  C:/RailsInstaller/Ruby2.1.0/lib/ruby/2.1.0/webrick/httpserver.rb:94:in `run'
  C:/RailsInstaller/Ruby2.1.0/lib/ruby/2.1.0/webrick/server.rb:295:in `block in start_thread'


  Rendered C:/RailsInstaller/Ruby2.1.0/lib/ruby/gems/2.1.0/gems/actionpack-4.1.8/lib/action_dispatch/middleware/templates/rescues/_trace.html.erb (2.0ms)
  Rendered C:/RailsInstaller/Ruby2.1.0/lib/ruby/gems/2.1.0/gems/actionpack-4.1.8/lib/action_dispatch/middleware/templates/routes/_route.html.erb (2.0ms)
  Rendered C:/RailsInstaller/Ruby2.1.0/lib/ruby/gems/2.1.0/gems/actionpack-4.1.8/lib/action_dispatch/middleware/templates/routes/_table.html.erb (1.0ms)
  Rendered C:/RailsInstaller/Ruby2.1.0/lib/ruby/gems/2.1.0/gems/actionpack-4.1.8/lib/action_dispatch/middleware/templates/rescues/routing_error.html.erb within rescues/layout (35.0ms)


Started GET "/keys" for 127.0.0.1 at 2015-02-13 16:46:53 -0500

AbstractController::ActionNotFound (The action 'index' could not be found for KeysController):
  actionpack (4.1.8) lib/abstract_controller/base.rb:131:in `process'
  actionview (4.1.8) lib/action_view/rendering.rb:30:in `process'
  actionpack (4.1.8) lib/action_controller/metal.rb:196:in `dispatch'
  actionpack (4.1.8) lib/action_controller/metal/rack_delegation.rb:13:in `dispatch'
  actionpack (4.1.8) lib/action_controller/metal.rb:232:in `block in action'
  actionpack (4.1.8) lib/action_dispatch/routing/route_set.rb:82:in `call'
  actionpack (4.1.8) lib/action_dispatch/routing/route_set.rb:82:in `dispatch'
  actionpack (4.1.8) lib/action_dispatch/routing/route_set.rb:50:in `call'
  actionpack (4.1.8) lib/action_dispatch/journey/router.rb:73:in `block in call'
  actionpack (4.1.8) lib/action_dispatch/journey/router.rb:59:in `each'
  actionpack (4.1.8) lib/action_dispatch/journey/router.rb:59:in `call'
  actionpack (4.1.8) lib/action_dispatch/routing/route_set.rb:678:in `call'
  rack (1.5.2) lib/rack/etag.rb:23:in `call'
  rack (1.5.2) lib/rack/conditionalget.rb:25:in `call'
  rack (1.5.2) lib/rack/head.rb:11:in `call'
  actionpack (4.1.8) lib/action_dispatch/middleware/params_parser.rb:27:in `call'
  actionpack (4.1.8) lib/action_dispatch/middleware/flash.rb:254:in `call'
  rack (1.5.2) lib/rack/session/abstract/id.rb:225:in `context'
  rack (1.5.2) lib/rack/session/abstract/id.rb:220:in `call'
  actionpack (4.1.8) lib/action_dispatch/middleware/cookies.rb:560:in `call'
  activerecord (4.1.8) lib/active_record/query_cache.rb:36:in `call'
  activerecord (4.1.8) lib/active_record/connection_adapters/abstract/connection_pool.rb:621:in `call'
  activerecord (4.1.8) lib/active_record/migration.rb:380:in `call'
  actionpack (4.1.8) lib/action_dispatch/middleware/callbacks.rb:29:in `block in call'
  activesupport (4.1.8) lib/active_support/callbacks.rb:82:in `run_callbacks'
  actionpack (4.1.8) lib/action_dispatch/middleware/callbacks.rb:27:in `call'
  actionpack (4.1.8) lib/action_dispatch/middleware/reloader.rb:73:in `call'
  actionpack (4.1.8) lib/action_dispatch/middleware/remote_ip.rb:76:in `call'
  actionpack (4.1.8) lib/action_dispatch/middleware/debug_exceptions.rb:17:in `call'
  actionpack (4.1.8) lib/action_dispatch/middleware/show_exceptions.rb:30:in `call'
  railties (4.1.8) lib/rails/rack/logger.rb:38:in `call_app'
  railties (4.1.8) lib/rails/rack/logger.rb:20:in `block in call'
  activesupport (4.1.8) lib/active_support/tagged_logging.rb:68:in `block in tagged'
  activesupport (4.1.8) lib/active_support/tagged_logging.rb:26:in `tagged'
  activesupport (4.1.8) lib/active_support/tagged_logging.rb:68:in `tagged'
  railties (4.1.8) lib/rails/rack/logger.rb:20:in `call'
  actionpack (4.1.8) lib/action_dispatch/middleware/request_id.rb:21:in `call'
  rack (1.5.2) lib/rack/methodoverride.rb:21:in `call'
  rack (1.5.2) lib/rack/runtime.rb:17:in `call'
  activesupport (4.1.8) lib/active_support/cache/strategy/local_cache_middleware.rb:26:in `call'
  rack (1.5.2) lib/rack/lock.rb:17:in `call'
  actionpack (4.1.8) lib/action_dispatch/middleware/static.rb:84:in `call'
  rack (1.5.2) lib/rack/sendfile.rb:112:in `call'
  railties (4.1.8) lib/rails/engine.rb:514:in `call'
  railties (4.1.8) lib/rails/application.rb:144:in `call'
  rack (1.5.2) lib/rack/lock.rb:17:in `call'
  rack (1.5.2) lib/rack/content_length.rb:14:in `call'
  rack (1.5.2) lib/rack/handler/webrick.rb:60:in `service'
  C:/RailsInstaller/Ruby2.1.0/lib/ruby/2.1.0/webrick/httpserver.rb:138:in `service'
  C:/RailsInstaller/Ruby2.1.0/lib/ruby/2.1.0/webrick/httpserver.rb:94:in `run'
  C:/RailsInstaller/Ruby2.1.0/lib/ruby/2.1.0/webrick/server.rb:295:in `block in start_thread'


  Rendered C:/RailsInstaller/Ruby2.1.0/lib/ruby/gems/2.1.0/gems/actionpack-4.1.8/lib/action_dispatch/middleware/templates/rescues/unknown_action.html.erb within rescues/layout (0.0ms)


Started GET "/keys/new" for 127.0.0.1 at 2015-02-13 16:47:24 -0500
Processing by KeysController#new as HTML
Completed 500 Internal Server Error in 3ms

ActionView::MissingTemplate (Missing template keys/new, application/new with {:locale=>[:en], :formats=>[:html], :variants=>[], :handlers=>[:erb, :builder, :raw, :ruby, :jbuilder]}. Searched in:
  * "C:/Nothing Important/tabbse/app/views"
):
  actionview (4.1.8) lib/action_view/path_set.rb:46:in `find'
  actionview (4.1.8) lib/action_view/lookup_context.rb:124:in `find'
  C:in `find_template'
  actionview (4.1.8) lib/action_view/renderer/template_renderer.rb:41:in `determine_template'
  actionview (4.1.8) lib/action_view/renderer/template_renderer.rb:8:in `render'
  actionview (4.1.8) lib/action_view/renderer/renderer.rb:42:in `render_template'
  actionview (4.1.8) lib/action_view/renderer/renderer.rb:23:in `render'
  actionview (4.1.8) lib/action_view/rendering.rb:99:in `_render_template'
  actionpack (4.1.8) lib/action_controller/metal/streaming.rb:217:in `_render_template'
  actionview (4.1.8) lib/action_view/rendering.rb:82:in `render_to_body'
  actionpack (4.1.8) lib/action_controller/metal/rendering.rb:32:in `render_to_body'
  actionpack (4.1.8) lib/action_controller/metal/renderers.rb:32:in `render_to_body'
  actionpack (4.1.8) lib/abstract_controller/rendering.rb:25:in `render'
  actionpack (4.1.8) lib/action_controller/metal/rendering.rb:16:in `render'
  actionpack (4.1.8) lib/action_controller/metal/instrumentation.rb:41:in `block (2 levels) in render'
  activesupport (4.1.8) lib/active_support/core_ext/benchmark.rb:12:in `block in ms'
  C:/RailsInstaller/Ruby2.1.0/lib/ruby/2.1.0/benchmark.rb:294:in `realtime'
  activesupport (4.1.8) lib/active_support/core_ext/benchmark.rb:12:in `ms'
  actionpack (4.1.8) lib/action_controller/metal/instrumentation.rb:41:in `block in render'
  actionpack (4.1.8) lib/action_controller/metal/instrumentation.rb:84:in `cleanup_view_runtime'
  activerecord (4.1.8) lib/active_record/railties/controller_runtime.rb:25:in `cleanup_view_runtime'
  actionpack (4.1.8) lib/action_controller/metal/instrumentation.rb:40:in `render'
  actionpack (4.1.8) lib/action_controller/metal/implicit_render.rb:10:in `default_render'
  actionpack (4.1.8) lib/action_controller/metal/implicit_render.rb:5:in `send_action'
  actionpack (4.1.8) lib/abstract_controller/base.rb:189:in `process_action'
  actionpack (4.1.8) lib/action_controller/metal/rendering.rb:10:in `process_action'
  actionpack (4.1.8) lib/abstract_controller/callbacks.rb:20:in `block in process_action'
  activesupport (4.1.8) lib/active_support/callbacks.rb:113:in `call'
  activesupport (4.1.8) lib/active_support/callbacks.rb:113:in `call'
  activesupport (4.1.8) lib/active_support/callbacks.rb:229:in `block in halting'
  activesupport (4.1.8) lib/active_support/callbacks.rb:229:in `call'
  activesupport (4.1.8) lib/active_support/callbacks.rb:229:in `block in halting'
  activesupport (4.1.8) lib/active_support/callbacks.rb:166:in `call'
  activesupport (4.1.8) lib/active_support/callbacks.rb:166:in `block in halting'
  activesupport (4.1.8) lib/active_support/callbacks.rb:166:in `call'
  activesupport (4.1.8) lib/active_support/callbacks.rb:166:in `block in halting'
  activesupport (4.1.8) lib/active_support/callbacks.rb:166:in `call'
  activesupport (4.1.8) lib/active_support/callbacks.rb:166:in `block in halting'
  activesupport (4.1.8) lib/active_support/callbacks.rb:86:in `call'
  activesupport (4.1.8) lib/active_support/callbacks.rb:86:in `run_callbacks'
  actionpack (4.1.8) lib/abstract_controller/callbacks.rb:19:in `process_action'
  actionpack (4.1.8) lib/action_controller/metal/rescue.rb:29:in `process_action'
  actionpack (4.1.8) lib/action_controller/metal/instrumentation.rb:31:in `block in process_action'
  activesupport (4.1.8) lib/active_support/notifications.rb:159:in `block in instrument'
  activesupport (4.1.8) lib/active_support/notifications/instrumenter.rb:20:in `instrument'
  activesupport (4.1.8) lib/active_support/notifications.rb:159:in `instrument'
  actionpack (4.1.8) lib/action_controller/metal/instrumentation.rb:30:in `process_action'
  actionpack (4.1.8) lib/action_controller/metal/params_wrapper.rb:250:in `process_action'
  activerecord (4.1.8) lib/active_record/railties/controller_runtime.rb:18:in `process_action'
  actionpack (4.1.8) lib/abstract_controller/base.rb:136:in `process'
  actionview (4.1.8) lib/action_view/rendering.rb:30:in `process'
  actionpack (4.1.8) lib/action_controller/metal.rb:196:in `dispatch'
  actionpack (4.1.8) lib/action_controller/metal/rack_delegation.rb:13:in `dispatch'
  actionpack (4.1.8) lib/action_controller/metal.rb:232:in `block in action'
  actionpack (4.1.8) lib/action_dispatch/routing/route_set.rb:82:in `call'
  actionpack (4.1.8) lib/action_dispatch/routing/route_set.rb:82:in `dispatch'
  actionpack (4.1.8) lib/action_dispatch/routing/route_set.rb:50:in `call'
  actionpack (4.1.8) lib/action_dispatch/journey/router.rb:73:in `block in call'
  actionpack (4.1.8) lib/action_dispatch/journey/router.rb:59:in `each'
  actionpack (4.1.8) lib/action_dispatch/journey/router.rb:59:in `call'
  actionpack (4.1.8) lib/action_dispatch/routing/route_set.rb:678:in `call'
  rack (1.5.2) lib/rack/etag.rb:23:in `call'
  rack (1.5.2) lib/rack/conditionalget.rb:25:in `call'
  rack (1.5.2) lib/rack/head.rb:11:in `call'
  actionpack (4.1.8) lib/action_dispatch/middleware/params_parser.rb:27:in `call'
  actionpack (4.1.8) lib/action_dispatch/middleware/flash.rb:254:in `call'
  rack (1.5.2) lib/rack/session/abstract/id.rb:225:in `context'
  rack (1.5.2) lib/rack/session/abstract/id.rb:220:in `call'
  actionpack (4.1.8) lib/action_dispatch/middleware/cookies.rb:560:in `call'
  activerecord (4.1.8) lib/active_record/query_cache.rb:36:in `call'
  activerecord (4.1.8) lib/active_record/connection_adapters/abstract/connection_pool.rb:621:in `call'
  activerecord (4.1.8) lib/active_record/migration.rb:380:in `call'
  actionpack (4.1.8) lib/action_dispatch/middleware/callbacks.rb:29:in `block in call'
  activesupport (4.1.8) lib/active_support/callbacks.rb:82:in `run_callbacks'
  actionpack (4.1.8) lib/action_dispatch/middleware/callbacks.rb:27:in `call'
  actionpack (4.1.8) lib/action_dispatch/middleware/reloader.rb:73:in `call'
  actionpack (4.1.8) lib/action_dispatch/middleware/remote_ip.rb:76:in `call'
  actionpack (4.1.8) lib/action_dispatch/middleware/debug_exceptions.rb:17:in `call'
  actionpack (4.1.8) lib/action_dispatch/middleware/show_exceptions.rb:30:in `call'
  railties (4.1.8) lib/rails/rack/logger.rb:38:in `call_app'
  railties (4.1.8) lib/rails/rack/logger.rb:20:in `block in call'
  activesupport (4.1.8) lib/active_support/tagged_logging.rb:68:in `block in tagged'
  activesupport (4.1.8) lib/active_support/tagged_logging.rb:26:in `tagged'
  activesupport (4.1.8) lib/active_support/tagged_logging.rb:68:in `tagged'
  railties (4.1.8) lib/rails/rack/logger.rb:20:in `call'
  actionpack (4.1.8) lib/action_dispatch/middleware/request_id.rb:21:in `call'
  rack (1.5.2) lib/rack/methodoverride.rb:21:in `call'
  rack (1.5.2) lib/rack/runtime.rb:17:in `call'
  activesupport (4.1.8) lib/active_support/cache/strategy/local_cache_middleware.rb:26:in `call'
  rack (1.5.2) lib/rack/lock.rb:17:in `call'
  actionpack (4.1.8) lib/action_dispatch/middleware/static.rb:84:in `call'
  rack (1.5.2) lib/rack/sendfile.rb:112:in `call'
  railties (4.1.8) lib/rails/engine.rb:514:in `call'
  railties (4.1.8) lib/rails/application.rb:144:in `call'
  rack (1.5.2) lib/rack/lock.rb:17:in `call'
  rack (1.5.2) lib/rack/content_length.rb:14:in `call'
  rack (1.5.2) lib/rack/handler/webrick.rb:60:in `service'
  C:/RailsInstaller/Ruby2.1.0/lib/ruby/2.1.0/webrick/httpserver.rb:138:in `service'
  C:/RailsInstaller/Ruby2.1.0/lib/ruby/2.1.0/webrick/httpserver.rb:94:in `run'
  C:/RailsInstaller/Ruby2.1.0/lib/ruby/2.1.0/webrick/server.rb:295:in `block in start_thread'


  Rendered C:/RailsInstaller/Ruby2.1.0/lib/ruby/gems/2.1.0/gems/actionpack-4.1.8/lib/action_dispatch/middleware/templates/rescues/missing_template.html.erb within rescues/layout (1.0ms)


Started GET "/keys/new" for 127.0.0.1 at 2015-02-13 16:49:37 -0500
Processing by KeysController#new as HTML
  Rendered keys/new.html.erb within layouts/application (4.0ms)
Completed 200 OK in 131ms (Views: 129.6ms | ActiveRecord: 0.0ms)


Started GET "/assets/scaffolds.css?body=1" for 127.0.0.1 at 2015-02-13 16:49:37 -0500


Started GET "/assets/welcome.css?body=1" for 127.0.0.1 at 2015-02-13 16:49:37 -0500


Started GET "/assets/keys.css?body=1" for 127.0.0.1 at 2015-02-13 16:49:37 -0500


Started GET "/assets/application.css?body=1" for 127.0.0.1 at 2015-02-13 16:49:37 -0500


Started GET "/assets/jquery.js?body=1" for 127.0.0.1 at 2015-02-13 16:49:37 -0500


Started GET "/assets/keys.js?body=1" for 127.0.0.1 at 2015-02-13 16:49:37 -0500


Started GET "/assets/jquery_ujs.js?body=1" for 127.0.0.1 at 2015-02-13 16:49:37 -0500


Started GET "/assets/welcome.js?body=1" for 127.0.0.1 at 2015-02-13 16:49:37 -0500


Started GET "/assets/turbolinks.js?body=1" for 127.0.0.1 at 2015-02-13 16:49:37 -0500


Started GET "/assets/application.js?body=1" for 127.0.0.1 at 2015-02-13 16:49:37 -0500


Started GET "/assets/keys.js?body=1" for 127.0.0.1 at 2015-02-13 16:49:37 -0500


Started GET "/assets/welcome.js?body=1" for 127.0.0.1 at 2015-02-13 16:49:37 -0500


Started GET "/assets/application.js?body=1" for 127.0.0.1 at 2015-02-13 16:49:37 -0500


Started POST "/keys/new" for 127.0.0.1 at 2015-02-13 16:51:56 -0500

ActionController::RoutingError (No route matches [POST] "/keys/new"):
  actionpack (4.1.8) lib/action_dispatch/middleware/debug_exceptions.rb:21:in `call'
  actionpack (4.1.8) lib/action_dispatch/middleware/show_exceptions.rb:30:in `call'
  railties (4.1.8) lib/rails/rack/logger.rb:38:in `call_app'
  railties (4.1.8) lib/rails/rack/logger.rb:20:in `block in call'
  activesupport (4.1.8) lib/active_support/tagged_logging.rb:68:in `block in tagged'
  activesupport (4.1.8) lib/active_support/tagged_logging.rb:26:in `tagged'
  activesupport (4.1.8) lib/active_support/tagged_logging.rb:68:in `tagged'
  railties (4.1.8) lib/rails/rack/logger.rb:20:in `call'
  actionpack (4.1.8) lib/action_dispatch/middleware/request_id.rb:21:in `call'
  rack (1.5.2) lib/rack/methodoverride.rb:21:in `call'
  rack (1.5.2) lib/rack/runtime.rb:17:in `call'
  activesupport (4.1.8) lib/active_support/cache/strategy/local_cache_middleware.rb:26:in `call'
  rack (1.5.2) lib/rack/lock.rb:17:in `call'
  actionpack (4.1.8) lib/action_dispatch/middleware/static.rb:84:in `call'
  rack (1.5.2) lib/rack/sendfile.rb:112:in `call'
  railties (4.1.8) lib/rails/engine.rb:514:in `call'
  railties (4.1.8) lib/rails/application.rb:144:in `call'
  rack (1.5.2) lib/rack/lock.rb:17:in `call'
  rack (1.5.2) lib/rack/content_length.rb:14:in `call'
  rack (1.5.2) lib/rack/handler/webrick.rb:60:in `service'
  C:/RailsInstaller/Ruby2.1.0/lib/ruby/2.1.0/webrick/httpserver.rb:138:in `service'
  C:/RailsInstaller/Ruby2.1.0/lib/ruby/2.1.0/webrick/httpserver.rb:94:in `run'
  C:/RailsInstaller/Ruby2.1.0/lib/ruby/2.1.0/webrick/server.rb:295:in `block in start_thread'


  Rendered C:/RailsInstaller/Ruby2.1.0/lib/ruby/gems/2.1.0/gems/actionpack-4.1.8/lib/action_dispatch/middleware/templates/rescues/_trace.html.erb (1.0ms)
  Rendered C:/RailsInstaller/Ruby2.1.0/lib/ruby/gems/2.1.0/gems/actionpack-4.1.8/lib/action_dispatch/middleware/templates/routes/_route.html.erb (2.0ms)
  Rendered C:/RailsInstaller/Ruby2.1.0/lib/ruby/gems/2.1.0/gems/actionpack-4.1.8/lib/action_dispatch/middleware/templates/routes/_table.html.erb (1.0ms)
  Rendered C:/RailsInstaller/Ruby2.1.0/lib/ruby/gems/2.1.0/gems/actionpack-4.1.8/lib/action_dispatch/middleware/templates/rescues/routing_error.html.erb within rescues/layout (31.0ms)


Started POST "/keys/new" for 127.0.0.1 at 2015-02-13 16:52:00 -0500

ActionController::RoutingError (No route matches [POST] "/keys/new"):
  actionpack (4.1.8) lib/action_dispatch/middleware/debug_exceptions.rb:21:in `call'
  actionpack (4.1.8) lib/action_dispatch/middleware/show_exceptions.rb:30:in `call'
  railties (4.1.8) lib/rails/rack/logger.rb:38:in `call_app'
  railties (4.1.8) lib/rails/rack/logger.rb:20:in `block in call'
  activesupport (4.1.8) lib/active_support/tagged_logging.rb:68:in `block in tagged'
  activesupport (4.1.8) lib/active_support/tagged_logging.rb:26:in `tagged'
  activesupport (4.1.8) lib/active_support/tagged_logging.rb:68:in `tagged'
  railties (4.1.8) lib/rails/rack/logger.rb:20:in `call'
  actionpack (4.1.8) lib/action_dispatch/middleware/request_id.rb:21:in `call'
  rack (1.5.2) lib/rack/methodoverride.rb:21:in `call'
  rack (1.5.2) lib/rack/runtime.rb:17:in `call'
  activesupport (4.1.8) lib/active_support/cache/strategy/local_cache_middleware.rb:26:in `call'
  rack (1.5.2) lib/rack/lock.rb:17:in `call'
  actionpack (4.1.8) lib/action_dispatch/middleware/static.rb:84:in `call'
  rack (1.5.2) lib/rack/sendfile.rb:112:in `call'
  railties (4.1.8) lib/rails/engine.rb:514:in `call'
  railties (4.1.8) lib/rails/application.rb:144:in `call'
  rack (1.5.2) lib/rack/lock.rb:17:in `call'
  rack (1.5.2) lib/rack/content_length.rb:14:in `call'
  rack (1.5.2) lib/rack/handler/webrick.rb:60:in `service'
  C:/RailsInstaller/Ruby2.1.0/lib/ruby/2.1.0/webrick/httpserver.rb:138:in `service'
  C:/RailsInstaller/Ruby2.1.0/lib/ruby/2.1.0/webrick/httpserver.rb:94:in `run'
  C:/RailsInstaller/Ruby2.1.0/lib/ruby/2.1.0/webrick/server.rb:295:in `block in start_thread'


  Rendered C:/RailsInstaller/Ruby2.1.0/lib/ruby/gems/2.1.0/gems/actionpack-4.1.8/lib/action_dispatch/middleware/templates/rescues/_trace.html.erb (1.0ms)
  Rendered C:/RailsInstaller/Ruby2.1.0/lib/ruby/gems/2.1.0/gems/actionpack-4.1.8/lib/action_dispatch/middleware/templates/routes/_route.html.erb (1.0ms)
  Rendered C:/RailsInstaller/Ruby2.1.0/lib/ruby/gems/2.1.0/gems/actionpack-4.1.8/lib/action_dispatch/middleware/templates/routes/_table.html.erb (2.0ms)
  Rendered C:/RailsInstaller/Ruby2.1.0/lib/ruby/gems/2.1.0/gems/actionpack-4.1.8/lib/action_dispatch/middleware/templates/rescues/routing_error.html.erb within rescues/layout (33.0ms)


Started GET "/keys/new" for 127.0.0.1 at 2015-02-13 16:52:05 -0500
Processing by KeysController#new as HTML
  Rendered keys/new.html.erb within layouts/application (4.0ms)
Completed 200 OK in 58ms (Views: 58.0ms | ActiveRecord: 0.0ms)


Started GET "/assets/welcome.css?body=1" for 127.0.0.1 at 2015-02-13 16:52:05 -0500


Started GET "/assets/jquery.js?body=1" for 127.0.0.1 at 2015-02-13 16:52:05 -0500


Started GET "/assets/application.css?body=1" for 127.0.0.1 at 2015-02-13 16:52:05 -0500


Started GET "/assets/jquery_ujs.js?body=1" for 127.0.0.1 at 2015-02-13 16:52:05 -0500


Started GET "/assets/scaffolds.css?body=1" for 127.0.0.1 at 2015-02-13 16:52:05 -0500


Started GET "/assets/keys.css?body=1" for 127.0.0.1 at 2015-02-13 16:52:05 -0500


Started GET "/assets/turbolinks.js?body=1" for 127.0.0.1 at 2015-02-13 16:52:05 -0500


Started GET "/assets/keys.js?body=1" for 127.0.0.1 at 2015-02-13 16:52:05 -0500


Started GET "/assets/welcome.js?body=1" for 127.0.0.1 at 2015-02-13 16:52:05 -0500


Started GET "/assets/application.js?body=1" for 127.0.0.1 at 2015-02-13 16:52:05 -0500


Started POST "/keys" for 127.0.0.1 at 2015-02-13 16:52:06 -0500

AbstractController::ActionNotFound (The action 'create' could not be found for KeysController):
  actionpack (4.1.8) lib/abstract_controller/base.rb:131:in `process'
  actionview (4.1.8) lib/action_view/rendering.rb:30:in `process'
  actionpack (4.1.8) lib/action_controller/metal.rb:196:in `dispatch'
  actionpack (4.1.8) lib/action_controller/metal/rack_delegation.rb:13:in `dispatch'
  actionpack (4.1.8) lib/action_controller/metal.rb:232:in `block in action'
  actionpack (4.1.8) lib/action_dispatch/routing/route_set.rb:82:in `call'
  actionpack (4.1.8) lib/action_dispatch/routing/route_set.rb:82:in `dispatch'
  actionpack (4.1.8) lib/action_dispatch/routing/route_set.rb:50:in `call'
  actionpack (4.1.8) lib/action_dispatch/journey/router.rb:73:in `block in call'
  actionpack (4.1.8) lib/action_dispatch/journey/router.rb:59:in `each'
  actionpack (4.1.8) lib/action_dispatch/journey/router.rb:59:in `call'
  actionpack (4.1.8) lib/action_dispatch/routing/route_set.rb:678:in `call'
  rack (1.5.2) lib/rack/etag.rb:23:in `call'
  rack (1.5.2) lib/rack/conditionalget.rb:35:in `call'
  rack (1.5.2) lib/rack/head.rb:11:in `call'
  actionpack (4.1.8) lib/action_dispatch/middleware/params_parser.rb:27:in `call'
  actionpack (4.1.8) lib/action_dispatch/middleware/flash.rb:254:in `call'
  rack (1.5.2) lib/rack/session/abstract/id.rb:225:in `context'
  rack (1.5.2) lib/rack/session/abstract/id.rb:220:in `call'
  actionpack (4.1.8) lib/action_dispatch/middleware/cookies.rb:560:in `call'
  activerecord (4.1.8) lib/active_record/query_cache.rb:36:in `call'
  activerecord (4.1.8) lib/active_record/connection_adapters/abstract/connection_pool.rb:621:in `call'
  activerecord (4.1.8) lib/active_record/migration.rb:380:in `call'
  actionpack (4.1.8) lib/action_dispatch/middleware/callbacks.rb:29:in `block in call'
  activesupport (4.1.8) lib/active_support/callbacks.rb:82:in `run_callbacks'
  actionpack (4.1.8) lib/action_dispatch/middleware/callbacks.rb:27:in `call'
  actionpack (4.1.8) lib/action_dispatch/middleware/reloader.rb:73:in `call'
  actionpack (4.1.8) lib/action_dispatch/middleware/remote_ip.rb:76:in `call'
  actionpack (4.1.8) lib/action_dispatch/middleware/debug_exceptions.rb:17:in `call'
  actionpack (4.1.8) lib/action_dispatch/middleware/show_exceptions.rb:30:in `call'
  railties (4.1.8) lib/rails/rack/logger.rb:38:in `call_app'
  railties (4.1.8) lib/rails/rack/logger.rb:20:in `block in call'
  activesupport (4.1.8) lib/active_support/tagged_logging.rb:68:in `block in tagged'
  activesupport (4.1.8) lib/active_support/tagged_logging.rb:26:in `tagged'
  activesupport (4.1.8) lib/active_support/tagged_logging.rb:68:in `tagged'
  railties (4.1.8) lib/rails/rack/logger.rb:20:in `call'
  actionpack (4.1.8) lib/action_dispatch/middleware/request_id.rb:21:in `call'
  rack (1.5.2) lib/rack/methodoverride.rb:21:in `call'
  rack (1.5.2) lib/rack/runtime.rb:17:in `call'
  activesupport (4.1.8) lib/active_support/cache/strategy/local_cache_middleware.rb:26:in `call'
  rack (1.5.2) lib/rack/lock.rb:17:in `call'
  actionpack (4.1.8) lib/action_dispatch/middleware/static.rb:84:in `call'
  rack (1.5.2) lib/rack/sendfile.rb:112:in `call'
  railties (4.1.8) lib/rails/engine.rb:514:in `call'
  railties (4.1.8) lib/rails/application.rb:144:in `call'
  rack (1.5.2) lib/rack/lock.rb:17:in `call'
  rack (1.5.2) lib/rack/content_length.rb:14:in `call'
  rack (1.5.2) lib/rack/handler/webrick.rb:60:in `service'
  C:/RailsInstaller/Ruby2.1.0/lib/ruby/2.1.0/webrick/httpserver.rb:138:in `service'
  C:/RailsInstaller/Ruby2.1.0/lib/ruby/2.1.0/webrick/httpserver.rb:94:in `run'
  C:/RailsInstaller/Ruby2.1.0/lib/ruby/2.1.0/webrick/server.rb:295:in `block in start_thread'


  Rendered C:/RailsInstaller/Ruby2.1.0/lib/ruby/gems/2.1.0/gems/actionpack-4.1.8/lib/action_dispatch/middleware/templates/rescues/unknown_action.html.erb within rescues/layout (1.0ms)


Started POST "/keys" for 127.0.0.1 at 2015-02-13 16:53:34 -0500
Processing by KeysController#create as HTML
  Parameters: {"utf8"=>"", "authenticity_token"=>"eRGDgNfRqUQXNSd2dCj9KiKBK38M+J3+JmKeq+D3ahw=", "root"=>"0", "commit"=>"Save Key"}
Completed 500 Internal Server Error in 2ms

ActionView::MissingTemplate (Missing template keys/create, application/create with {:locale=>[:en], :formats=>[:html], :variants=>[], :handlers=>[:erb, :builder, :raw, :ruby, :jbuilder]}. Searched in:
  * "C:/Nothing Important/tabbse/app/views"
):
  actionview (4.1.8) lib/action_view/path_set.rb:46:in `find'
  actionview (4.1.8) lib/action_view/lookup_context.rb:124:in `find'
  C:in `find_template'
  actionview (4.1.8) lib/action_view/renderer/template_renderer.rb:41:in `determine_template'
  actionview (4.1.8) lib/action_view/renderer/template_renderer.rb:8:in `render'
  actionview (4.1.8) lib/action_view/renderer/renderer.rb:42:in `render_template'
  actionview (4.1.8) lib/action_view/renderer/renderer.rb:23:in `render'
  actionview (4.1.8) lib/action_view/rendering.rb:99:in `_render_template'
  actionpack (4.1.8) lib/action_controller/metal/streaming.rb:217:in `_render_template'
  actionview (4.1.8) lib/action_view/rendering.rb:82:in `render_to_body'
  actionpack (4.1.8) lib/action_controller/metal/rendering.rb:32:in `render_to_body'
  actionpack (4.1.8) lib/action_controller/metal/renderers.rb:32:in `render_to_body'
  actionpack (4.1.8) lib/abstract_controller/rendering.rb:25:in `render'
  actionpack (4.1.8) lib/action_controller/metal/rendering.rb:16:in `render'
  actionpack (4.1.8) lib/action_controller/metal/instrumentation.rb:41:in `block (2 levels) in render'
  activesupport (4.1.8) lib/active_support/core_ext/benchmark.rb:12:in `block in ms'
  C:/RailsInstaller/Ruby2.1.0/lib/ruby/2.1.0/benchmark.rb:294:in `realtime'
  activesupport (4.1.8) lib/active_support/core_ext/benchmark.rb:12:in `ms'
  actionpack (4.1.8) lib/action_controller/metal/instrumentation.rb:41:in `block in render'
  actionpack (4.1.8) lib/action_controller/metal/instrumentation.rb:84:in `cleanup_view_runtime'
  activerecord (4.1.8) lib/active_record/railties/controller_runtime.rb:25:in `cleanup_view_runtime'
  actionpack (4.1.8) lib/action_controller/metal/instrumentation.rb:40:in `render'
  actionpack (4.1.8) lib/action_controller/metal/implicit_render.rb:10:in `default_render'
  actionpack (4.1.8) lib/action_controller/metal/implicit_render.rb:5:in `send_action'
  actionpack (4.1.8) lib/abstract_controller/base.rb:189:in `process_action'
  actionpack (4.1.8) lib/action_controller/metal/rendering.rb:10:in `process_action'
  actionpack (4.1.8) lib/abstract_controller/callbacks.rb:20:in `block in process_action'
  activesupport (4.1.8) lib/active_support/callbacks.rb:113:in `call'
  activesupport (4.1.8) lib/active_support/callbacks.rb:113:in `call'
  activesupport (4.1.8) lib/active_support/callbacks.rb:229:in `block in halting'
  activesupport (4.1.8) lib/active_support/callbacks.rb:229:in `call'
  activesupport (4.1.8) lib/active_support/callbacks.rb:229:in `block in halting'
  activesupport (4.1.8) lib/active_support/callbacks.rb:166:in `call'
  activesupport (4.1.8) lib/active_support/callbacks.rb:166:in `block in halting'
  activesupport (4.1.8) lib/active_support/callbacks.rb:166:in `call'
  activesupport (4.1.8) lib/active_support/callbacks.rb:166:in `block in halting'
  activesupport (4.1.8) lib/active_support/callbacks.rb:166:in `call'
  activesupport (4.1.8) lib/active_support/callbacks.rb:166:in `block in halting'
  activesupport (4.1.8) lib/active_support/callbacks.rb:86:in `call'
  activesupport (4.1.8) lib/active_support/callbacks.rb:86:in `run_callbacks'
  actionpack (4.1.8) lib/abstract_controller/callbacks.rb:19:in `process_action'
  actionpack (4.1.8) lib/action_controller/metal/rescue.rb:29:in `process_action'
  actionpack (4.1.8) lib/action_controller/metal/instrumentation.rb:31:in `block in process_action'
  activesupport (4.1.8) lib/active_support/notifications.rb:159:in `block in instrument'
  activesupport (4.1.8) lib/active_support/notifications/instrumenter.rb:20:in `instrument'
  activesupport (4.1.8) lib/active_support/notifications.rb:159:in `instrument'
  actionpack (4.1.8) lib/action_controller/metal/instrumentation.rb:30:in `process_action'
  actionpack (4.1.8) lib/action_controller/metal/params_wrapper.rb:250:in `process_action'
  activerecord (4.1.8) lib/active_record/railties/controller_runtime.rb:18:in `process_action'
  actionpack (4.1.8) lib/abstract_controller/base.rb:136:in `process'
  actionview (4.1.8) lib/action_view/rendering.rb:30:in `process'
  actionpack (4.1.8) lib/action_controller/metal.rb:196:in `dispatch'
  actionpack (4.1.8) lib/action_controller/metal/rack_delegation.rb:13:in `dispatch'
  actionpack (4.1.8) lib/action_controller/metal.rb:232:in `block in action'
  actionpack (4.1.8) lib/action_dispatch/routing/route_set.rb:82:in `call'
  actionpack (4.1.8) lib/action_dispatch/routing/route_set.rb:82:in `dispatch'
  actionpack (4.1.8) lib/action_dispatch/routing/route_set.rb:50:in `call'
  actionpack (4.1.8) lib/action_dispatch/journey/router.rb:73:in `block in call'
  actionpack (4.1.8) lib/action_dispatch/journey/router.rb:59:in `each'
  actionpack (4.1.8) lib/action_dispatch/journey/router.rb:59:in `call'
  actionpack (4.1.8) lib/action_dispatch/routing/route_set.rb:678:in `call'
  rack (1.5.2) lib/rack/etag.rb:23:in `call'
  rack (1.5.2) lib/rack/conditionalget.rb:35:in `call'
  rack (1.5.2) lib/rack/head.rb:11:in `call'
  actionpack (4.1.8) lib/action_dispatch/middleware/params_parser.rb:27:in `call'
  actionpack (4.1.8) lib/action_dispatch/middleware/flash.rb:254:in `call'
  rack (1.5.2) lib/rack/session/abstract/id.rb:225:in `context'
  rack (1.5.2) lib/rack/session/abstract/id.rb:220:in `call'
  actionpack (4.1.8) lib/action_dispatch/middleware/cookies.rb:560:in `call'
  activerecord (4.1.8) lib/active_record/query_cache.rb:36:in `call'
  activerecord (4.1.8) lib/active_record/connection_adapters/abstract/connection_pool.rb:621:in `call'
  activerecord (4.1.8) lib/active_record/migration.rb:380:in `call'
  actionpack (4.1.8) lib/action_dispatch/middleware/callbacks.rb:29:in `block in call'
  activesupport (4.1.8) lib/active_support/callbacks.rb:82:in `run_callbacks'
  actionpack (4.1.8) lib/action_dispatch/middleware/callbacks.rb:27:in `call'
  actionpack (4.1.8) lib/action_dispatch/middleware/reloader.rb:73:in `call'
  actionpack (4.1.8) lib/action_dispatch/middleware/remote_ip.rb:76:in `call'
  actionpack (4.1.8) lib/action_dispatch/middleware/debug_exceptions.rb:17:in `call'
  actionpack (4.1.8) lib/action_dispatch/middleware/show_exceptions.rb:30:in `call'
  railties (4.1.8) lib/rails/rack/logger.rb:38:in `call_app'
  railties (4.1.8) lib/rails/rack/logger.rb:20:in `block in call'
  activesupport (4.1.8) lib/active_support/tagged_logging.rb:68:in `block in tagged'
  activesupport (4.1.8) lib/active_support/tagged_logging.rb:26:in `tagged'
  activesupport (4.1.8) lib/active_support/tagged_logging.rb:68:in `tagged'
  railties (4.1.8) lib/rails/rack/logger.rb:20:in `call'
  actionpack (4.1.8) lib/action_dispatch/middleware/request_id.rb:21:in `call'
  rack (1.5.2) lib/rack/methodoverride.rb:21:in `call'
  rack (1.5.2) lib/rack/runtime.rb:17:in `call'
  activesupport (4.1.8) lib/active_support/cache/strategy/local_cache_middleware.rb:26:in `call'
  rack (1.5.2) lib/rack/lock.rb:17:in `call'
  actionpack (4.1.8) lib/action_dispatch/middleware/static.rb:84:in `call'
  rack (1.5.2) lib/rack/sendfile.rb:112:in `call'
  railties (4.1.8) lib/rails/engine.rb:514:in `call'
  railties (4.1.8) lib/rails/application.rb:144:in `call'
  rack (1.5.2) lib/rack/lock.rb:17:in `call'
  rack (1.5.2) lib/rack/content_length.rb:14:in `call'
  rack (1.5.2) lib/rack/handler/webrick.rb:60:in `service'
  C:/RailsInstaller/Ruby2.1.0/lib/ruby/2.1.0/webrick/httpserver.rb:138:in `service'
  C:/RailsInstaller/Ruby2.1.0/lib/ruby/2.1.0/webrick/httpserver.rb:94:in `run'
  C:/RailsInstaller/Ruby2.1.0/lib/ruby/2.1.0/webrick/server.rb:295:in `block in start_thread'


  Rendered C:/RailsInstaller/Ruby2.1.0/lib/ruby/gems/2.1.0/gems/actionpack-4.1.8/lib/action_dispatch/middleware/templates/rescues/missing_template.html.erb within rescues/layout (0.0ms)


Started POST "/keys" for 127.0.0.1 at 2015-02-13 16:55:58 -0500
Processing by KeysController#create as HTML
  Parameters: {"utf8"=>"", "authenticity_token"=>"eRGDgNfRqUQXNSd2dCj9KiKBK38M+J3+JmKeq+D3ahw=", "root"=>"0", "commit"=>"Save Key"}
  Rendered text template (0.0ms)
Completed 200 OK in 3ms (Views: 3.0ms | ActiveRecord: 0.0ms)


Started GET "/keys" for 127.0.0.1 at 2015-02-13 16:56:15 -0500

AbstractController::ActionNotFound (The action 'index' could not be found for KeysController):
  actionpack (4.1.8) lib/abstract_controller/base.rb:131:in `process'
  actionview (4.1.8) lib/action_view/rendering.rb:30:in `process'
  actionpack (4.1.8) lib/action_controller/metal.rb:196:in `dispatch'
  actionpack (4.1.8) lib/action_controller/metal/rack_delegation.rb:13:in `dispatch'
  actionpack (4.1.8) lib/action_controller/metal.rb:232:in `block in action'
  actionpack (4.1.8) lib/action_dispatch/routing/route_set.rb:82:in `call'
  actionpack (4.1.8) lib/action_dispatch/routing/route_set.rb:82:in `dispatch'
  actionpack (4.1.8) lib/action_dispatch/routing/route_set.rb:50:in `call'
  actionpack (4.1.8) lib/action_dispatch/journey/router.rb:73:in `block in call'
  actionpack (4.1.8) lib/action_dispatch/journey/router.rb:59:in `each'
  actionpack (4.1.8) lib/action_dispatch/journey/router.rb:59:in `call'
  actionpack (4.1.8) lib/action_dispatch/routing/route_set.rb:678:in `call'
  rack (1.5.2) lib/rack/etag.rb:23:in `call'
  rack (1.5.2) lib/rack/conditionalget.rb:25:in `call'
  rack (1.5.2) lib/rack/head.rb:11:in `call'
  actionpack (4.1.8) lib/action_dispatch/middleware/params_parser.rb:27:in `call'
  actionpack (4.1.8) lib/action_dispatch/middleware/flash.rb:254:in `call'
  rack (1.5.2) lib/rack/session/abstract/id.rb:225:in `context'
  rack (1.5.2) lib/rack/session/abstract/id.rb:220:in `call'
  actionpack (4.1.8) lib/action_dispatch/middleware/cookies.rb:560:in `call'
  activerecord (4.1.8) lib/active_record/query_cache.rb:36:in `call'
  activerecord (4.1.8) lib/active_record/connection_adapters/abstract/connection_pool.rb:621:in `call'
  activerecord (4.1.8) lib/active_record/migration.rb:380:in `call'
  actionpack (4.1.8) lib/action_dispatch/middleware/callbacks.rb:29:in `block in call'
  activesupport (4.1.8) lib/active_support/callbacks.rb:82:in `run_callbacks'
  actionpack (4.1.8) lib/action_dispatch/middleware/callbacks.rb:27:in `call'
  actionpack (4.1.8) lib/action_dispatch/middleware/reloader.rb:73:in `call'
  actionpack (4.1.8) lib/action_dispatch/middleware/remote_ip.rb:76:in `call'
  actionpack (4.1.8) lib/action_dispatch/middleware/debug_exceptions.rb:17:in `call'
  actionpack (4.1.8) lib/action_dispatch/middleware/show_exceptions.rb:30:in `call'
  railties (4.1.8) lib/rails/rack/logger.rb:38:in `call_app'
  railties (4.1.8) lib/rails/rack/logger.rb:20:in `block in call'
  activesupport (4.1.8) lib/active_support/tagged_logging.rb:68:in `block in tagged'
  activesupport (4.1.8) lib/active_support/tagged_logging.rb:26:in `tagged'
  activesupport (4.1.8) lib/active_support/tagged_logging.rb:68:in `tagged'
  railties (4.1.8) lib/rails/rack/logger.rb:20:in `call'
  actionpack (4.1.8) lib/action_dispatch/middleware/request_id.rb:21:in `call'
  rack (1.5.2) lib/rack/methodoverride.rb:21:in `call'
  rack (1.5.2) lib/rack/runtime.rb:17:in `call'
  activesupport (4.1.8) lib/active_support/cache/strategy/local_cache_middleware.rb:26:in `call'
  rack (1.5.2) lib/rack/lock.rb:17:in `call'
  actionpack (4.1.8) lib/action_dispatch/middleware/static.rb:84:in `call'
  rack (1.5.2) lib/rack/sendfile.rb:112:in `call'
  railties (4.1.8) lib/rails/engine.rb:514:in `call'
  railties (4.1.8) lib/rails/application.rb:144:in `call'
  rack (1.5.2) lib/rack/lock.rb:17:in `call'
  rack (1.5.2) lib/rack/content_length.rb:14:in `call'
  rack (1.5.2) lib/rack/handler/webrick.rb:60:in `service'
  C:/RailsInstaller/Ruby2.1.0/lib/ruby/2.1.0/webrick/httpserver.rb:138:in `service'
  C:/RailsInstaller/Ruby2.1.0/lib/ruby/2.1.0/webrick/httpserver.rb:94:in `run'
  C:/RailsInstaller/Ruby2.1.0/lib/ruby/2.1.0/webrick/server.rb:295:in `block in start_thread'


  Rendered C:/RailsInstaller/Ruby2.1.0/lib/ruby/gems/2.1.0/gems/actionpack-4.1.8/lib/action_dispatch/middleware/templates/rescues/unknown_action.html.erb within rescues/layout (0.0ms)


Started POST "/keys" for 127.0.0.1 at 2015-02-13 16:56:17 -0500
Processing by KeysController#create as HTML
  Parameters: {"utf8"=>"", "authenticity_token"=>"eRGDgNfRqUQXNSd2dCj9KiKBK38M+J3+JmKeq+D3ahw=", "root"=>"0", "commit"=>"Save Key"}
  Rendered text template (0.0ms)
Completed 200 OK in 0ms (Views: 0.0ms | ActiveRecord: 0.0ms)


Started POST "/keys" for 127.0.0.1 at 2015-02-13 16:58:03 -0500
Processing by KeysController#create as HTML
  Parameters: {"utf8"=>"", "authenticity_token"=>"eRGDgNfRqUQXNSd2dCj9KiKBK38M+J3+JmKeq+D3ahw=", "root"=>"0", "commit"=>"Save Key"}
  Rendered text template (0.0ms)
Completed 200 OK in 1ms (Views: 0.0ms | ActiveRecord: 0.0ms)


Started POST "/keys" for 127.0.0.1 at 2015-02-13 16:58:08 -0500
Processing by KeysController#create as HTML
  Parameters: {"utf8"=>"", "authenticity_token"=>"eRGDgNfRqUQXNSd2dCj9KiKBK38M+J3+JmKeq+D3ahw=", "root"=>"3", "commit"=>"Save Key"}
  Rendered text template (0.0ms)
Completed 200 OK in 1ms (Views: 1.0ms | ActiveRecord: 0.0ms)


Started POST "/keys" for 127.0.0.1 at 2015-02-13 16:58:42 -0500
Processing by KeysController#create as HTML
  Parameters: {"utf8"=>"", "authenticity_token"=>"eRGDgNfRqUQXNSd2dCj9KiKBK38M+J3+JmKeq+D3ahw=", "root"=>"3", "commit"=>"Save Key"}
  Rendered text template (0.0ms)
Completed 200 OK in 1ms (Views: 0.0ms | ActiveRecord: 0.0ms)


Started GET "/keys/new" for 127.0.0.1 at 2015-02-13 16:58:52 -0500
Processing by KeysController#new as HTML
  Rendered keys/new.html.erb within layouts/application (2.0ms)
Completed 200 OK in 56ms (Views: 56.0ms | ActiveRecord: 0.0ms)


Started GET "/assets/keys.css?body=1" for 127.0.0.1 at 2015-02-13 16:58:52 -0500


Started GET "/assets/scaffolds.css?body=1" for 127.0.0.1 at 2015-02-13 16:58:52 -0500


Started GET "/assets/welcome.css?body=1" for 127.0.0.1 at 2015-02-13 16:58:52 -0500


Started GET "/assets/application.css?body=1" for 127.0.0.1 at 2015-02-13 16:58:52 -0500


Started GET "/assets/jquery.js?body=1" for 127.0.0.1 at 2015-02-13 16:58:52 -0500


Started GET "/assets/jquery_ujs.js?body=1" for 127.0.0.1 at 2015-02-13 16:58:52 -0500


Started GET "/assets/turbolinks.js?body=1" for 127.0.0.1 at 2015-02-13 16:58:53 -0500


Started GET "/assets/welcome.js?body=1" for 127.0.0.1 at 2015-02-13 16:58:53 -0500


Started GET "/assets/keys.js?body=1" for 127.0.0.1 at 2015-02-13 16:58:53 -0500


Started GET "/assets/application.js?body=1" for 127.0.0.1 at 2015-02-13 16:58:53 -0500


Started POST "/keys" for 127.0.0.1 at 2015-02-13 16:58:54 -0500
Processing by KeysController#create as HTML
  Parameters: {"utf8"=>"", "authenticity_token"=>"eRGDgNfRqUQXNSd2dCj9KiKBK38M+J3+JmKeq+D3ahw=", "root"=>"0", "commit"=>"Save Key"}
Completed 500 Internal Server Error in 2ms

ActionView::MissingTemplate (Missing template keys/create, application/create with {:locale=>[:en], :formats=>[:html], :variants=>[], :handlers=>[:erb, :builder, :raw, :ruby, :jbuilder]}. Searched in:
  * "C:/Nothing Important/tabbse/app/views"
):
  actionview (4.1.8) lib/action_view/path_set.rb:46:in `find'
  actionview (4.1.8) lib/action_view/lookup_context.rb:124:in `find'
  C:in `find_template'
  actionview (4.1.8) lib/action_view/renderer/template_renderer.rb:41:in `determine_template'
  actionview (4.1.8) lib/action_view/renderer/template_renderer.rb:8:in `render'
  actionview (4.1.8) lib/action_view/renderer/renderer.rb:42:in `render_template'
  actionview (4.1.8) lib/action_view/renderer/renderer.rb:23:in `render'
  actionview (4.1.8) lib/action_view/rendering.rb:99:in `_render_template'
  actionpack (4.1.8) lib/action_controller/metal/streaming.rb:217:in `_render_template'
  actionview (4.1.8) lib/action_view/rendering.rb:82:in `render_to_body'
  actionpack (4.1.8) lib/action_controller/metal/rendering.rb:32:in `render_to_body'
  actionpack (4.1.8) lib/action_controller/metal/renderers.rb:32:in `render_to_body'
  actionpack (4.1.8) lib/abstract_controller/rendering.rb:25:in `render'
  actionpack (4.1.8) lib/action_controller/metal/rendering.rb:16:in `render'
  actionpack (4.1.8) lib/action_controller/metal/instrumentation.rb:41:in `block (2 levels) in render'
  activesupport (4.1.8) lib/active_support/core_ext/benchmark.rb:12:in `block in ms'
  C:/RailsInstaller/Ruby2.1.0/lib/ruby/2.1.0/benchmark.rb:294:in `realtime'
  activesupport (4.1.8) lib/active_support/core_ext/benchmark.rb:12:in `ms'
  actionpack (4.1.8) lib/action_controller/metal/instrumentation.rb:41:in `block in render'
  actionpack (4.1.8) lib/action_controller/metal/instrumentation.rb:84:in `cleanup_view_runtime'
  activerecord (4.1.8) lib/active_record/railties/controller_runtime.rb:25:in `cleanup_view_runtime'
  actionpack (4.1.8) lib/action_controller/metal/instrumentation.rb:40:in `render'
  actionpack (4.1.8) lib/action_controller/metal/implicit_render.rb:10:in `default_render'
  actionpack (4.1.8) lib/action_controller/metal/implicit_render.rb:5:in `send_action'
  actionpack (4.1.8) lib/abstract_controller/base.rb:189:in `process_action'
  actionpack (4.1.8) lib/action_controller/metal/rendering.rb:10:in `process_action'
  actionpack (4.1.8) lib/abstract_controller/callbacks.rb:20:in `block in process_action'
  activesupport (4.1.8) lib/active_support/callbacks.rb:113:in `call'
  activesupport (4.1.8) lib/active_support/callbacks.rb:113:in `call'
  activesupport (4.1.8) lib/active_support/callbacks.rb:229:in `block in halting'
  activesupport (4.1.8) lib/active_support/callbacks.rb:229:in `call'
  activesupport (4.1.8) lib/active_support/callbacks.rb:229:in `block in halting'
  activesupport (4.1.8) lib/active_support/callbacks.rb:166:in `call'
  activesupport (4.1.8) lib/active_support/callbacks.rb:166:in `block in halting'
  activesupport (4.1.8) lib/active_support/callbacks.rb:166:in `call'
  activesupport (4.1.8) lib/active_support/callbacks.rb:166:in `block in halting'
  activesupport (4.1.8) lib/active_support/callbacks.rb:166:in `call'
  activesupport (4.1.8) lib/active_support/callbacks.rb:166:in `block in halting'
  activesupport (4.1.8) lib/active_support/callbacks.rb:86:in `call'
  activesupport (4.1.8) lib/active_support/callbacks.rb:86:in `run_callbacks'
  actionpack (4.1.8) lib/abstract_controller/callbacks.rb:19:in `process_action'
  actionpack (4.1.8) lib/action_controller/metal/rescue.rb:29:in `process_action'
  actionpack (4.1.8) lib/action_controller/metal/instrumentation.rb:31:in `block in process_action'
  activesupport (4.1.8) lib/active_support/notifications.rb:159:in `block in instrument'
  activesupport (4.1.8) lib/active_support/notifications/instrumenter.rb:20:in `instrument'
  activesupport (4.1.8) lib/active_support/notifications.rb:159:in `instrument'
  actionpack (4.1.8) lib/action_controller/metal/instrumentation.rb:30:in `process_action'
  actionpack (4.1.8) lib/action_controller/metal/params_wrapper.rb:250:in `process_action'
  activerecord (4.1.8) lib/active_record/railties/controller_runtime.rb:18:in `process_action'
  actionpack (4.1.8) lib/abstract_controller/base.rb:136:in `process'
  actionview (4.1.8) lib/action_view/rendering.rb:30:in `process'
  actionpack (4.1.8) lib/action_controller/metal.rb:196:in `dispatch'
  actionpack (4.1.8) lib/action_controller/metal/rack_delegation.rb:13:in `dispatch'
  actionpack (4.1.8) lib/action_controller/metal.rb:232:in `block in action'
  actionpack (4.1.8) lib/action_dispatch/routing/route_set.rb:82:in `call'
  actionpack (4.1.8) lib/action_dispatch/routing/route_set.rb:82:in `dispatch'
  actionpack (4.1.8) lib/action_dispatch/routing/route_set.rb:50:in `call'
  actionpack (4.1.8) lib/action_dispatch/journey/router.rb:73:in `block in call'
  actionpack (4.1.8) lib/action_dispatch/journey/router.rb:59:in `each'
  actionpack (4.1.8) lib/action_dispatch/journey/router.rb:59:in `call'
  actionpack (4.1.8) lib/action_dispatch/routing/route_set.rb:678:in `call'
  rack (1.5.2) lib/rack/etag.rb:23:in `call'
  rack (1.5.2) lib/rack/conditionalget.rb:35:in `call'
  rack (1.5.2) lib/rack/head.rb:11:in `call'
  actionpack (4.1.8) lib/action_dispatch/middleware/params_parser.rb:27:in `call'
  actionpack (4.1.8) lib/action_dispatch/middleware/flash.rb:254:in `call'
  rack (1.5.2) lib/rack/session/abstract/id.rb:225:in `context'
  rack (1.5.2) lib/rack/session/abstract/id.rb:220:in `call'
  actionpack (4.1.8) lib/action_dispatch/middleware/cookies.rb:560:in `call'
  activerecord (4.1.8) lib/active_record/query_cache.rb:36:in `call'
  activerecord (4.1.8) lib/active_record/connection_adapters/abstract/connection_pool.rb:621:in `call'
  activerecord (4.1.8) lib/active_record/migration.rb:380:in `call'
  actionpack (4.1.8) lib/action_dispatch/middleware/callbacks.rb:29:in `block in call'
  activesupport (4.1.8) lib/active_support/callbacks.rb:82:in `run_callbacks'
  actionpack (4.1.8) lib/action_dispatch/middleware/callbacks.rb:27:in `call'
  actionpack (4.1.8) lib/action_dispatch/middleware/reloader.rb:73:in `call'
  actionpack (4.1.8) lib/action_dispatch/middleware/remote_ip.rb:76:in `call'
  actionpack (4.1.8) lib/action_dispatch/middleware/debug_exceptions.rb:17:in `call'
  actionpack (4.1.8) lib/action_dispatch/middleware/show_exceptions.rb:30:in `call'
  railties (4.1.8) lib/rails/rack/logger.rb:38:in `call_app'
  railties (4.1.8) lib/rails/rack/logger.rb:20:in `block in call'
  activesupport (4.1.8) lib/active_support/tagged_logging.rb:68:in `block in tagged'
  activesupport (4.1.8) lib/active_support/tagged_logging.rb:26:in `tagged'
  activesupport (4.1.8) lib/active_support/tagged_logging.rb:68:in `tagged'
  railties (4.1.8) lib/rails/rack/logger.rb:20:in `call'
  actionpack (4.1.8) lib/action_dispatch/middleware/request_id.rb:21:in `call'
  rack (1.5.2) lib/rack/methodoverride.rb:21:in `call'
  rack (1.5.2) lib/rack/runtime.rb:17:in `call'
  activesupport (4.1.8) lib/active_support/cache/strategy/local_cache_middleware.rb:26:in `call'
  rack (1.5.2) lib/rack/lock.rb:17:in `call'
  actionpack (4.1.8) lib/action_dispatch/middleware/static.rb:84:in `call'
  rack (1.5.2) lib/rack/sendfile.rb:112:in `call'
  railties (4.1.8) lib/rails/engine.rb:514:in `call'
  railties (4.1.8) lib/rails/application.rb:144:in `call'
  rack (1.5.2) lib/rack/lock.rb:17:in `call'
  rack (1.5.2) lib/rack/content_length.rb:14:in `call'
  rack (1.5.2) lib/rack/handler/webrick.rb:60:in `service'
  C:/RailsInstaller/Ruby2.1.0/lib/ruby/2.1.0/webrick/httpserver.rb:138:in `service'
  C:/RailsInstaller/Ruby2.1.0/lib/ruby/2.1.0/webrick/httpserver.rb:94:in `run'
  C:/RailsInstaller/Ruby2.1.0/lib/ruby/2.1.0/webrick/server.rb:295:in `block in start_thread'


  Rendered C:/RailsInstaller/Ruby2.1.0/lib/ruby/gems/2.1.0/gems/actionpack-4.1.8/lib/action_dispatch/middleware/templates/rescues/missing_template.html.erb within rescues/layout (1.0ms)


Started POST "/keys" for 127.0.0.1 at 2015-02-13 16:59:03 -0500
Processing by KeysController#create as HTML
  Parameters: {"utf8"=>"", "authenticity_token"=>"eRGDgNfRqUQXNSd2dCj9KiKBK38M+J3+JmKeq+D3ahw=", "root"=>"0", "commit"=>"Save Key"}
  Rendered text template (0.0ms)
Completed 200 OK in 1ms (Views: 0.0ms | ActiveRecord: 0.0ms)


Started POST "/keys" for 127.0.0.1 at 2015-02-13 16:59:37 -0500
Processing by KeysController#create as HTML
  Parameters: {"utf8"=>"", "authenticity_token"=>"eRGDgNfRqUQXNSd2dCj9KiKBK38M+J3+JmKeq+D3ahw=", "root"=>"0", "commit"=>"Save Key"}
  Rendered text template (0.0ms)
Completed 200 OK in 1ms (Views: 1.0ms | ActiveRecord: 0.0ms)


Started POST "/keys" for 127.0.0.1 at 2015-02-13 16:59:40 -0500
Processing by KeysController#create as HTML
  Parameters: {"utf8"=>"", "authenticity_token"=>"eRGDgNfRqUQXNSd2dCj9KiKBK38M+J3+JmKeq+D3ahw=", "root"=>"0", "commit"=>"Save Key"}
  Rendered text template (0.0ms)
Completed 200 OK in 0ms (Views: 0.0ms | ActiveRecord: 0.0ms)


Started POST "/keys" for 127.0.0.1 at 2015-02-13 17:00:20 -0500
Processing by KeysController#create as HTML
  Parameters: {"utf8"=>"", "authenticity_token"=>"eRGDgNfRqUQXNSd2dCj9KiKBK38M+J3+JmKeq+D3ahw=", "root"=>"0", "commit"=>"Save Key"}
  Rendered text template (0.0ms)
Completed 200 OK in 1ms (Views: 0.0ms | ActiveRecord: 0.0ms)


Started GET "/keys/new" for 127.0.0.1 at 2015-02-13 17:00:22 -0500
Processing by KeysController#new as HTML
  Rendered keys/new.html.erb within layouts/application (10.0ms)
Completed 500 Internal Server Error in 13ms

ActionView::Template::Error (undefined method `radio_button_tag' for #<ActionView::Helpers::FormBuilder:0x5bb0b10>):
    46: 	  	<%= 	"D| ||" if y == 3 %>
    47: 	  	<%= 	"A| ||" if y == 4 %>
    48: 	  	<%  	if y == 5 %>
    49: 	 	D|<%=		f.radio_button_tag(:root, "0", checked = true) %>||
    50: 		<%  	end %>
    51: 	  			</td>
    52: 	  	<%      23.times do |x| %>
  app/views/keys/new.html.erb:49:in `block (2 levels) in _app_views_keys_new_html_erb___493977647_48143784'
  app/views/keys/new.html.erb:41:in `times'
  app/views/keys/new.html.erb:41:in `block in _app_views_keys_new_html_erb___493977647_48143784'
  app/views/keys/new.html.erb:39:in `_app_views_keys_new_html_erb___493977647_48143784'


  Rendered C:/RailsInstaller/Ruby2.1.0/lib/ruby/gems/2.1.0/gems/actionpack-4.1.8/lib/action_dispatch/middleware/templates/rescues/_trace.html.erb (1.0ms)
  Rendered C:/RailsInstaller/Ruby2.1.0/lib/ruby/gems/2.1.0/gems/actionpack-4.1.8/lib/action_dispatch/middleware/templates/rescues/_request_and_response.html.erb (1.0ms)
  Rendered C:/RailsInstaller/Ruby2.1.0/lib/ruby/gems/2.1.0/gems/actionpack-4.1.8/lib/action_dispatch/middleware/templates/rescues/template_error.html.erb within rescues/layout (20.0ms)


Started GET "/keys/new" for 127.0.0.1 at 2015-02-13 17:01:13 -0500
Processing by KeysController#new as HTML
  Rendered keys/new.html.erb within layouts/application (3.0ms)
Completed 500 Internal Server Error in 6ms

ActionView::Template::Error (undefined method `merge' for true:TrueClass):
    46: 	  	<%= 	"D| ||" if y == 3 %>
    47: 	  	<%= 	"A| ||" if y == 4 %>
    48: 	  	<%  	if y == 5 %>
    49: 	 	D|<%=		f.radio_button(:root, "0", checked = true) %>||
    50: 		<%  	end %>
    51: 	  			</td>
    52: 	  	<%      23.times do |x| %>
  app/views/keys/new.html.erb:49:in `block (2 levels) in _app_views_keys_new_html_erb___493977647_46124496'
  app/views/keys/new.html.erb:41:in `times'
  app/views/keys/new.html.erb:41:in `block in _app_views_keys_new_html_erb___493977647_46124496'
  app/views/keys/new.html.erb:39:in `_app_views_keys_new_html_erb___493977647_46124496'


  Rendered C:/RailsInstaller/Ruby2.1.0/lib/ruby/gems/2.1.0/gems/actionpack-4.1.8/lib/action_dispatch/middleware/templates/rescues/_trace.html.erb (1.0ms)
  Rendered C:/RailsInstaller/Ruby2.1.0/lib/ruby/gems/2.1.0/gems/actionpack-4.1.8/lib/action_dispatch/middleware/templates/rescues/_request_and_response.html.erb (1.0ms)
  Rendered C:/RailsInstaller/Ruby2.1.0/lib/ruby/gems/2.1.0/gems/actionpack-4.1.8/lib/action_dispatch/middleware/templates/rescues/template_error.html.erb within rescues/layout (19.0ms)


Started GET "/keys" for 127.0.0.1 at 2015-02-13 17:01:15 -0500

AbstractController::ActionNotFound (The action 'index' could not be found for KeysController):
  actionpack (4.1.8) lib/abstract_controller/base.rb:131:in `process'
  actionview (4.1.8) lib/action_view/rendering.rb:30:in `process'
  actionpack (4.1.8) lib/action_controller/metal.rb:196:in `dispatch'
  actionpack (4.1.8) lib/action_controller/metal/rack_delegation.rb:13:in `dispatch'
  actionpack (4.1.8) lib/action_controller/metal.rb:232:in `block in action'
  actionpack (4.1.8) lib/action_dispatch/routing/route_set.rb:82:in `call'
  actionpack (4.1.8) lib/action_dispatch/routing/route_set.rb:82:in `dispatch'
  actionpack (4.1.8) lib/action_dispatch/routing/route_set.rb:50:in `call'
  actionpack (4.1.8) lib/action_dispatch/journey/router.rb:73:in `block in call'
  actionpack (4.1.8) lib/action_dispatch/journey/router.rb:59:in `each'
  actionpack (4.1.8) lib/action_dispatch/journey/router.rb:59:in `call'
  actionpack (4.1.8) lib/action_dispatch/routing/route_set.rb:678:in `call'
  rack (1.5.2) lib/rack/etag.rb:23:in `call'
  rack (1.5.2) lib/rack/conditionalget.rb:25:in `call'
  rack (1.5.2) lib/rack/head.rb:11:in `call'
  actionpack (4.1.8) lib/action_dispatch/middleware/params_parser.rb:27:in `call'
  actionpack (4.1.8) lib/action_dispatch/middleware/flash.rb:254:in `call'
  rack (1.5.2) lib/rack/session/abstract/id.rb:225:in `context'
  rack (1.5.2) lib/rack/session/abstract/id.rb:220:in `call'
  actionpack (4.1.8) lib/action_dispatch/middleware/cookies.rb:560:in `call'
  activerecord (4.1.8) lib/active_record/query_cache.rb:36:in `call'
  activerecord (4.1.8) lib/active_record/connection_adapters/abstract/connection_pool.rb:621:in `call'
  activerecord (4.1.8) lib/active_record/migration.rb:380:in `call'
  actionpack (4.1.8) lib/action_dispatch/middleware/callbacks.rb:29:in `block in call'
  activesupport (4.1.8) lib/active_support/callbacks.rb:82:in `run_callbacks'
  actionpack (4.1.8) lib/action_dispatch/middleware/callbacks.rb:27:in `call'
  actionpack (4.1.8) lib/action_dispatch/middleware/reloader.rb:73:in `call'
  actionpack (4.1.8) lib/action_dispatch/middleware/remote_ip.rb:76:in `call'
  actionpack (4.1.8) lib/action_dispatch/middleware/debug_exceptions.rb:17:in `call'
  actionpack (4.1.8) lib/action_dispatch/middleware/show_exceptions.rb:30:in `call'
  railties (4.1.8) lib/rails/rack/logger.rb:38:in `call_app'
  railties (4.1.8) lib/rails/rack/logger.rb:20:in `block in call'
  activesupport (4.1.8) lib/active_support/tagged_logging.rb:68:in `block in tagged'
  activesupport (4.1.8) lib/active_support/tagged_logging.rb:26:in `tagged'
  activesupport (4.1.8) lib/active_support/tagged_logging.rb:68:in `tagged'
  railties (4.1.8) lib/rails/rack/logger.rb:20:in `call'
  actionpack (4.1.8) lib/action_dispatch/middleware/request_id.rb:21:in `call'
  rack (1.5.2) lib/rack/methodoverride.rb:21:in `call'
  rack (1.5.2) lib/rack/runtime.rb:17:in `call'
  activesupport (4.1.8) lib/active_support/cache/strategy/local_cache_middleware.rb:26:in `call'
  rack (1.5.2) lib/rack/lock.rb:17:in `call'
  actionpack (4.1.8) lib/action_dispatch/middleware/static.rb:84:in `call'
  rack (1.5.2) lib/rack/sendfile.rb:112:in `call'
  railties (4.1.8) lib/rails/engine.rb:514:in `call'
  railties (4.1.8) lib/rails/application.rb:144:in `call'
  rack (1.5.2) lib/rack/lock.rb:17:in `call'
  rack (1.5.2) lib/rack/content_length.rb:14:in `call'
  rack (1.5.2) lib/rack/handler/webrick.rb:60:in `service'
  C:/RailsInstaller/Ruby2.1.0/lib/ruby/2.1.0/webrick/httpserver.rb:138:in `service'
  C:/RailsInstaller/Ruby2.1.0/lib/ruby/2.1.0/webrick/httpserver.rb:94:in `run'
  C:/RailsInstaller/Ruby2.1.0/lib/ruby/2.1.0/webrick/server.rb:295:in `block in start_thread'


  Rendered C:/RailsInstaller/Ruby2.1.0/lib/ruby/gems/2.1.0/gems/actionpack-4.1.8/lib/action_dispatch/middleware/templates/rescues/unknown_action.html.erb within rescues/layout (1.0ms)


Started GET "/keys/new" for 127.0.0.1 at 2015-02-13 17:01:30 -0500
Processing by KeysController#new as HTML
  Rendered keys/new.html.erb within layouts/application (3.0ms)
Completed 500 Internal Server Error in 6ms

ActionView::Template::Error (undefined method `merge' for true:TrueClass):
    46: 	  	<%= 	"D| ||" if y == 3 %>
    47: 	  	<%= 	"A| ||" if y == 4 %>
    48: 	  	<%  	if y == 5 %>
    49: 	 	D|<%=		f.radio_button(:root, "0", checked = true) %>||
    50: 		<%  	end %>
    51: 	  			</td>
    52: 	  	<%      23.times do |x| %>
  app/views/keys/new.html.erb:49:in `block (2 levels) in _app_views_keys_new_html_erb___493977647_46124496'
  app/views/keys/new.html.erb:41:in `times'
  app/views/keys/new.html.erb:41:in `block in _app_views_keys_new_html_erb___493977647_46124496'
  app/views/keys/new.html.erb:39:in `_app_views_keys_new_html_erb___493977647_46124496'


  Rendered C:/RailsInstaller/Ruby2.1.0/lib/ruby/gems/2.1.0/gems/actionpack-4.1.8/lib/action_dispatch/middleware/templates/rescues/_trace.html.erb (1.0ms)
  Rendered C:/RailsInstaller/Ruby2.1.0/lib/ruby/gems/2.1.0/gems/actionpack-4.1.8/lib/action_dispatch/middleware/templates/rescues/_request_and_response.html.erb (1.0ms)
  Rendered C:/RailsInstaller/Ruby2.1.0/lib/ruby/gems/2.1.0/gems/actionpack-4.1.8/lib/action_dispatch/middleware/templates/rescues/template_error.html.erb within rescues/layout (20.0ms)


Started GET "/keys/new" for 127.0.0.1 at 2015-02-13 17:02:16 -0500
Processing by KeysController#new as HTML
  Rendered keys/new.html.erb within layouts/application (8.0ms)
Completed 200 OK in 72ms (Views: 72.0ms | ActiveRecord: 0.0ms)


Started GET "/assets/keys.css?body=1" for 127.0.0.1 at 2015-02-13 17:02:16 -0500


Started GET "/assets/scaffolds.css?body=1" for 127.0.0.1 at 2015-02-13 17:02:16 -0500


Started GET "/assets/welcome.css?body=1" for 127.0.0.1 at 2015-02-13 17:02:16 -0500


Started GET "/assets/application.css?body=1" for 127.0.0.1 at 2015-02-13 17:02:16 -0500


Started GET "/assets/jquery.js?body=1" for 127.0.0.1 at 2015-02-13 17:02:16 -0500


Started GET "/assets/jquery_ujs.js?body=1" for 127.0.0.1 at 2015-02-13 17:02:16 -0500


Started GET "/assets/turbolinks.js?body=1" for 127.0.0.1 at 2015-02-13 17:02:16 -0500


Started GET "/assets/keys.js?body=1" for 127.0.0.1 at 2015-02-13 17:02:16 -0500


Started GET "/assets/welcome.js?body=1" for 127.0.0.1 at 2015-02-13 17:02:16 -0500


Started GET "/assets/application.js?body=1" for 127.0.0.1 at 2015-02-13 17:02:16 -0500


Started POST "/keys" for 127.0.0.1 at 2015-02-13 17:02:18 -0500
Processing by KeysController#create as HTML
  Parameters: {"utf8"=>"", "authenticity_token"=>"eRGDgNfRqUQXNSd2dCj9KiKBK38M+J3+JmKeq+D3ahw=", "key"=>{"root"=>"0"}, "commit"=>"Save Key"}
  Rendered text template (0.0ms)
Completed 200 OK in 1ms (Views: 1.0ms | ActiveRecord: 0.0ms)
  [1m[36mActiveRecord::SchemaMigration Load (1.0ms)[0m  [1mSELECT "schema_migrations".* FROM "schema_migrations"[0m
Migrating to CreateKeys (20150213220356)
  [1m[35m (0.0ms)[0m  begin transaction
  [1m[36m (0.0ms)[0m  [1mCREATE TABLE "keys" ("id" INTEGER PRIMARY KEY AUTOINCREMENT NOT NULL, "scale" varchar(255), "root" integer, "created_at" datetime, "updated_at" datetime) [0m
SQLite3::SQLException: table "keys" already exists: CREATE TABLE "keys" ("id" INTEGER PRIMARY KEY AUTOINCREMENT NOT NULL, "scale" varchar(255), "root" integer, "created_at" datetime, "updated_at" datetime) 
  [1m[35m (0.0ms)[0m  rollback transaction
  [1m[36mActiveRecord::SchemaMigration Load (0.0ms)[0m  [1mSELECT "schema_migrations".* FROM "schema_migrations"[0m
Migrating to CreateKeys (20150213220356)
  [1m[35m (0.0ms)[0m  begin transaction
  [1m[36m (1.0ms)[0m  [1mCREATE TABLE "keys" ("id" INTEGER PRIMARY KEY AUTOINCREMENT NOT NULL, "scale" varchar(255), "root" integer, "created_at" datetime, "updated_at" datetime) [0m
SQLite3::SQLException: table "keys" already exists: CREATE TABLE "keys" ("id" INTEGER PRIMARY KEY AUTOINCREMENT NOT NULL, "scale" varchar(255), "root" integer, "created_at" datetime, "updated_at" datetime) 
  [1m[35m (0.0ms)[0m  rollback transaction
  [1m[36mActiveRecord::SchemaMigration Load (0.0ms)[0m  [1mSELECT "schema_migrations".* FROM "schema_migrations"[0m
Migrating to CreateKeys (20150213220356)
  [1m[35m (0.0ms)[0m  begin transaction
  [1m[36m (0.0ms)[0m  [1mCREATE TABLE "keys" ("id" INTEGER PRIMARY KEY AUTOINCREMENT NOT NULL, "scale" varchar(255), "root" integer, "created_at" datetime, "updated_at" datetime) [0m
SQLite3::SQLException: table "keys" already exists: CREATE TABLE "keys" ("id" INTEGER PRIMARY KEY AUTOINCREMENT NOT NULL, "scale" varchar(255), "root" integer, "created_at" datetime, "updated_at" datetime) 
  [1m[35m (0.0ms)[0m  rollback transaction
  [1m[36m (3.0ms)[0m  [1mCREATE TABLE "schema_migrations" ("version" varchar(255) NOT NULL) [0m
  [1m[35m (0.0ms)[0m  select sqlite_version(*)
  [1m[36m (2.0ms)[0m  [1mCREATE UNIQUE INDEX "unique_schema_migrations" ON "schema_migrations" ("version")[0m
  [1m[35mActiveRecord::SchemaMigration Load (0.0ms)[0m  SELECT "schema_migrations".* FROM "schema_migrations"
Migrating to CreateKeys (20150213220356)
  [1m[36m (1.0ms)[0m  [1mbegin transaction[0m
  [1m[35m (1.0ms)[0m  CREATE TABLE "keys" ("id" INTEGER PRIMARY KEY AUTOINCREMENT NOT NULL, "scale" varchar(255), "root" integer, "created_at" datetime, "updated_at" datetime) 
  [1m[36mSQL (0.0ms)[0m  [1mINSERT INTO "schema_migrations" ("version") VALUES (?)[0m  [["version", "20150213220356"]]
  [1m[35m (3.0ms)[0m  commit transaction
  [1m[36mActiveRecord::SchemaMigration Load (0.0ms)[0m  [1mSELECT "schema_migrations".* FROM "schema_migrations"[0m


Started POST "/keys" for 127.0.0.1 at 2015-02-13 17:13:32 -0500
  [1m[36mActiveRecord::SchemaMigration Load (0.0ms)[0m  [1mSELECT "schema_migrations".* FROM "schema_migrations"[0m
Processing by KeysController#create as HTML
  Parameters: {"utf8"=>"", "authenticity_token"=>"eRGDgNfRqUQXNSd2dCj9KiKBK38M+J3+JmKeq+D3ahw=", "key"=>{"root"=>"0"}, "commit"=>"Save Key"}
  Rendered text template (0.0ms)
Completed 200 OK in 25ms (Views: 11.5ms | ActiveRecord: 0.0ms)


Started POST "/keys" for 127.0.0.1 at 2015-02-13 17:13:36 -0500
Processing by KeysController#create as HTML
  Parameters: {"utf8"=>"", "authenticity_token"=>"eRGDgNfRqUQXNSd2dCj9KiKBK38M+J3+JmKeq+D3ahw=", "key"=>{"root"=>"0"}, "commit"=>"Save Key"}
  Rendered text template (0.0ms)
Completed 200 OK in 2ms (Views: 1.0ms | ActiveRecord: 0.0ms)


Started POST "/keys" for 127.0.0.1 at 2015-02-13 17:18:46 -0500

SyntaxError (C:/Nothing Important/tabbse/app/controllers/keys_controller.rb:12: syntax error, unexpected end-of-input, expecting keyword_end):
  app/controllers/keys_controller.rb:12: syntax error, unexpected end-of-input, expecting keyword_end


  Rendered C:/RailsInstaller/Ruby2.1.0/lib/ruby/gems/2.1.0/gems/actionpack-4.1.8/lib/action_dispatch/middleware/templates/rescues/_source.erb (1.0ms)
  Rendered C:/RailsInstaller/Ruby2.1.0/lib/ruby/gems/2.1.0/gems/actionpack-4.1.8/lib/action_dispatch/middleware/templates/rescues/_trace.html.erb (1.0ms)
  Rendered C:/RailsInstaller/Ruby2.1.0/lib/ruby/gems/2.1.0/gems/actionpack-4.1.8/lib/action_dispatch/middleware/templates/rescues/_request_and_response.html.erb (1.0ms)
  Rendered C:/RailsInstaller/Ruby2.1.0/lib/ruby/gems/2.1.0/gems/actionpack-4.1.8/lib/action_dispatch/middleware/templates/rescues/diagnostics.erb within rescues/layout (32.0ms)


Started POST "/keys" for 127.0.0.1 at 2015-02-13 17:18:50 -0500

SyntaxError (C:/Nothing Important/tabbse/app/controllers/keys_controller.rb:12: syntax error, unexpected end-of-input, expecting keyword_end):
  app/controllers/keys_controller.rb:12: syntax error, unexpected end-of-input, expecting keyword_end


  Rendered C:/RailsInstaller/Ruby2.1.0/lib/ruby/gems/2.1.0/gems/actionpack-4.1.8/lib/action_dispatch/middleware/templates/rescues/_source.erb (0.0ms)
  Rendered C:/RailsInstaller/Ruby2.1.0/lib/ruby/gems/2.1.0/gems/actionpack-4.1.8/lib/action_dispatch/middleware/templates/rescues/_trace.html.erb (1.0ms)
  Rendered C:/RailsInstaller/Ruby2.1.0/lib/ruby/gems/2.1.0/gems/actionpack-4.1.8/lib/action_dispatch/middleware/templates/rescues/_request_and_response.html.erb (3.0ms)
  Rendered C:/RailsInstaller/Ruby2.1.0/lib/ruby/gems/2.1.0/gems/actionpack-4.1.8/lib/action_dispatch/middleware/templates/rescues/diagnostics.erb within rescues/layout (32.0ms)


Started POST "/keys" for 127.0.0.1 at 2015-02-13 17:19:04 -0500
Processing by KeysController#create as HTML
  Parameters: {"utf8"=>"", "authenticity_token"=>"eRGDgNfRqUQXNSd2dCj9KiKBK38M+J3+JmKeq+D3ahw=", "key"=>{"root"=>"0"}, "commit"=>"Save Key"}
  [1m[35m (0.0ms)[0m  begin transaction
  [1m[36mSQL (1.0ms)[0m  [1mINSERT INTO "keys" ("created_at", "root", "updated_at") VALUES (?, ?, ?)[0m  [["created_at", "2015-02-13 22:19:04.946037"], ["root", 0], ["updated_at", "2015-02-13 22:19:04.946037"]]
  [1m[35m (1.1ms)[0m  commit transaction
Redirected to http://localhost:3000/keys/1
Completed 302 Found in 27ms (ActiveRecord: 2.1ms)


Started GET "/keys/1" for 127.0.0.1 at 2015-02-13 17:19:04 -0500

AbstractController::ActionNotFound (The action 'show' could not be found for KeysController):
  actionpack (4.1.8) lib/abstract_controller/base.rb:131:in `process'
  actionview (4.1.8) lib/action_view/rendering.rb:30:in `process'
  actionpack (4.1.8) lib/action_controller/metal.rb:196:in `dispatch'
  actionpack (4.1.8) lib/action_controller/metal/rack_delegation.rb:13:in `dispatch'
  actionpack (4.1.8) lib/action_controller/metal.rb:232:in `block in action'
  actionpack (4.1.8) lib/action_dispatch/routing/route_set.rb:82:in `call'
  actionpack (4.1.8) lib/action_dispatch/routing/route_set.rb:82:in `dispatch'
  actionpack (4.1.8) lib/action_dispatch/routing/route_set.rb:50:in `call'
  actionpack (4.1.8) lib/action_dispatch/journey/router.rb:73:in `block in call'
  actionpack (4.1.8) lib/action_dispatch/journey/router.rb:59:in `each'
  actionpack (4.1.8) lib/action_dispatch/journey/router.rb:59:in `call'
  actionpack (4.1.8) lib/action_dispatch/routing/route_set.rb:678:in `call'
  rack (1.5.2) lib/rack/etag.rb:23:in `call'
  rack (1.5.2) lib/rack/conditionalget.rb:25:in `call'
  rack (1.5.2) lib/rack/head.rb:11:in `call'
  actionpack (4.1.8) lib/action_dispatch/middleware/params_parser.rb:27:in `call'
  actionpack (4.1.8) lib/action_dispatch/middleware/flash.rb:254:in `call'
  rack (1.5.2) lib/rack/session/abstract/id.rb:225:in `context'
  rack (1.5.2) lib/rack/session/abstract/id.rb:220:in `call'
  actionpack (4.1.8) lib/action_dispatch/middleware/cookies.rb:560:in `call'
  activerecord (4.1.8) lib/active_record/query_cache.rb:36:in `call'
  activerecord (4.1.8) lib/active_record/connection_adapters/abstract/connection_pool.rb:621:in `call'
  activerecord (4.1.8) lib/active_record/migration.rb:380:in `call'
  actionpack (4.1.8) lib/action_dispatch/middleware/callbacks.rb:29:in `block in call'
  activesupport (4.1.8) lib/active_support/callbacks.rb:82:in `run_callbacks'
  actionpack (4.1.8) lib/action_dispatch/middleware/callbacks.rb:27:in `call'
  actionpack (4.1.8) lib/action_dispatch/middleware/reloader.rb:73:in `call'
  actionpack (4.1.8) lib/action_dispatch/middleware/remote_ip.rb:76:in `call'
  actionpack (4.1.8) lib/action_dispatch/middleware/debug_exceptions.rb:17:in `call'
  actionpack (4.1.8) lib/action_dispatch/middleware/show_exceptions.rb:30:in `call'
  railties (4.1.8) lib/rails/rack/logger.rb:38:in `call_app'
  railties (4.1.8) lib/rails/rack/logger.rb:20:in `block in call'
  activesupport (4.1.8) lib/active_support/tagged_logging.rb:68:in `block in tagged'
  activesupport (4.1.8) lib/active_support/tagged_logging.rb:26:in `tagged'
  activesupport (4.1.8) lib/active_support/tagged_logging.rb:68:in `tagged'
  railties (4.1.8) lib/rails/rack/logger.rb:20:in `call'
  actionpack (4.1.8) lib/action_dispatch/middleware/request_id.rb:21:in `call'
  rack (1.5.2) lib/rack/methodoverride.rb:21:in `call'
  rack (1.5.2) lib/rack/runtime.rb:17:in `call'
  activesupport (4.1.8) lib/active_support/cache/strategy/local_cache_middleware.rb:26:in `call'
  rack (1.5.2) lib/rack/lock.rb:17:in `call'
  actionpack (4.1.8) lib/action_dispatch/middleware/static.rb:84:in `call'
  rack (1.5.2) lib/rack/sendfile.rb:112:in `call'
  railties (4.1.8) lib/rails/engine.rb:514:in `call'
  railties (4.1.8) lib/rails/application.rb:144:in `call'
  rack (1.5.2) lib/rack/lock.rb:17:in `call'
  rack (1.5.2) lib/rack/content_length.rb:14:in `call'
  rack (1.5.2) lib/rack/handler/webrick.rb:60:in `service'
  C:/RailsInstaller/Ruby2.1.0/lib/ruby/2.1.0/webrick/httpserver.rb:138:in `service'
  C:/RailsInstaller/Ruby2.1.0/lib/ruby/2.1.0/webrick/httpserver.rb:94:in `run'
  C:/RailsInstaller/Ruby2.1.0/lib/ruby/2.1.0/webrick/server.rb:295:in `block in start_thread'


  Rendered C:/RailsInstaller/Ruby2.1.0/lib/ruby/gems/2.1.0/gems/actionpack-4.1.8/lib/action_dispatch/middleware/templates/rescues/unknown_action.html.erb within rescues/layout (1.0ms)


Started GET "/keys/1" for 127.0.0.1 at 2015-02-13 17:20:11 -0500
Processing by KeysController#show as HTML
  Parameters: {"id"=>"1"}
  [1m[36mKey Load (0.0ms)[0m  [1mSELECT  "keys".* FROM "keys"  WHERE "keys"."id" = ? LIMIT 1[0m  [["id", 1]]
Completed 500 Internal Server Error in 9ms

ActionView::MissingTemplate (Missing template keys/show, application/show with {:locale=>[:en], :formats=>[:html], :variants=>[], :handlers=>[:erb, :builder, :raw, :ruby, :jbuilder]}. Searched in:
  * "C:/Nothing Important/tabbse/app/views"
):
  actionview (4.1.8) lib/action_view/path_set.rb:46:in `find'
  actionview (4.1.8) lib/action_view/lookup_context.rb:124:in `find'
  C:in `find_template'
  actionview (4.1.8) lib/action_view/renderer/template_renderer.rb:41:in `determine_template'
  actionview (4.1.8) lib/action_view/renderer/template_renderer.rb:8:in `render'
  actionview (4.1.8) lib/action_view/renderer/renderer.rb:42:in `render_template'
  actionview (4.1.8) lib/action_view/renderer/renderer.rb:23:in `render'
  actionview (4.1.8) lib/action_view/rendering.rb:99:in `_render_template'
  actionpack (4.1.8) lib/action_controller/metal/streaming.rb:217:in `_render_template'
  actionview (4.1.8) lib/action_view/rendering.rb:82:in `render_to_body'
  actionpack (4.1.8) lib/action_controller/metal/rendering.rb:32:in `render_to_body'
  actionpack (4.1.8) lib/action_controller/metal/renderers.rb:32:in `render_to_body'
  actionpack (4.1.8) lib/abstract_controller/rendering.rb:25:in `render'
  actionpack (4.1.8) lib/action_controller/metal/rendering.rb:16:in `render'
  actionpack (4.1.8) lib/action_controller/metal/instrumentation.rb:41:in `block (2 levels) in render'
  activesupport (4.1.8) lib/active_support/core_ext/benchmark.rb:12:in `block in ms'
  C:/RailsInstaller/Ruby2.1.0/lib/ruby/2.1.0/benchmark.rb:294:in `realtime'
  activesupport (4.1.8) lib/active_support/core_ext/benchmark.rb:12:in `ms'
  actionpack (4.1.8) lib/action_controller/metal/instrumentation.rb:41:in `block in render'
  actionpack (4.1.8) lib/action_controller/metal/instrumentation.rb:84:in `cleanup_view_runtime'
  activerecord (4.1.8) lib/active_record/railties/controller_runtime.rb:25:in `cleanup_view_runtime'
  actionpack (4.1.8) lib/action_controller/metal/instrumentation.rb:40:in `render'
  actionpack (4.1.8) lib/action_controller/metal/implicit_render.rb:10:in `default_render'
  actionpack (4.1.8) lib/action_controller/metal/implicit_render.rb:5:in `send_action'
  actionpack (4.1.8) lib/abstract_controller/base.rb:189:in `process_action'
  actionpack (4.1.8) lib/action_controller/metal/rendering.rb:10:in `process_action'
  actionpack (4.1.8) lib/abstract_controller/callbacks.rb:20:in `block in process_action'
  activesupport (4.1.8) lib/active_support/callbacks.rb:113:in `call'
  activesupport (4.1.8) lib/active_support/callbacks.rb:113:in `call'
  activesupport (4.1.8) lib/active_support/callbacks.rb:229:in `block in halting'
  activesupport (4.1.8) lib/active_support/callbacks.rb:229:in `call'
  activesupport (4.1.8) lib/active_support/callbacks.rb:229:in `block in halting'
  activesupport (4.1.8) lib/active_support/callbacks.rb:166:in `call'
  activesupport (4.1.8) lib/active_support/callbacks.rb:166:in `block in halting'
  activesupport (4.1.8) lib/active_support/callbacks.rb:166:in `call'
  activesupport (4.1.8) lib/active_support/callbacks.rb:166:in `block in halting'
  activesupport (4.1.8) lib/active_support/callbacks.rb:166:in `call'
  activesupport (4.1.8) lib/active_support/callbacks.rb:166:in `block in halting'
  activesupport (4.1.8) lib/active_support/callbacks.rb:86:in `call'
  activesupport (4.1.8) lib/active_support/callbacks.rb:86:in `run_callbacks'
  actionpack (4.1.8) lib/abstract_controller/callbacks.rb:19:in `process_action'
  actionpack (4.1.8) lib/action_controller/metal/rescue.rb:29:in `process_action'
  actionpack (4.1.8) lib/action_controller/metal/instrumentation.rb:31:in `block in process_action'
  activesupport (4.1.8) lib/active_support/notifications.rb:159:in `block in instrument'
  activesupport (4.1.8) lib/active_support/notifications/instrumenter.rb:20:in `instrument'
  activesupport (4.1.8) lib/active_support/notifications.rb:159:in `instrument'
  actionpack (4.1.8) lib/action_controller/metal/instrumentation.rb:30:in `process_action'
  actionpack (4.1.8) lib/action_controller/metal/params_wrapper.rb:250:in `process_action'
  activerecord (4.1.8) lib/active_record/railties/controller_runtime.rb:18:in `process_action'
  actionpack (4.1.8) lib/abstract_controller/base.rb:136:in `process'
  actionview (4.1.8) lib/action_view/rendering.rb:30:in `process'
  actionpack (4.1.8) lib/action_controller/metal.rb:196:in `dispatch'
  actionpack (4.1.8) lib/action_controller/metal/rack_delegation.rb:13:in `dispatch'
  actionpack (4.1.8) lib/action_controller/metal.rb:232:in `block in action'
  actionpack (4.1.8) lib/action_dispatch/routing/route_set.rb:82:in `call'
  actionpack (4.1.8) lib/action_dispatch/routing/route_set.rb:82:in `dispatch'
  actionpack (4.1.8) lib/action_dispatch/routing/route_set.rb:50:in `call'
  actionpack (4.1.8) lib/action_dispatch/journey/router.rb:73:in `block in call'
  actionpack (4.1.8) lib/action_dispatch/journey/router.rb:59:in `each'
  actionpack (4.1.8) lib/action_dispatch/journey/router.rb:59:in `call'
  actionpack (4.1.8) lib/action_dispatch/routing/route_set.rb:678:in `call'
  rack (1.5.2) lib/rack/etag.rb:23:in `call'
  rack (1.5.2) lib/rack/conditionalget.rb:25:in `call'
  rack (1.5.2) lib/rack/head.rb:11:in `call'
  actionpack (4.1.8) lib/action_dispatch/middleware/params_parser.rb:27:in `call'
  actionpack (4.1.8) lib/action_dispatch/middleware/flash.rb:254:in `call'
  rack (1.5.2) lib/rack/session/abstract/id.rb:225:in `context'
  rack (1.5.2) lib/rack/session/abstract/id.rb:220:in `call'
  actionpack (4.1.8) lib/action_dispatch/middleware/cookies.rb:560:in `call'
  activerecord (4.1.8) lib/active_record/query_cache.rb:36:in `call'
  activerecord (4.1.8) lib/active_record/connection_adapters/abstract/connection_pool.rb:621:in `call'
  activerecord (4.1.8) lib/active_record/migration.rb:380:in `call'
  actionpack (4.1.8) lib/action_dispatch/middleware/callbacks.rb:29:in `block in call'
  activesupport (4.1.8) lib/active_support/callbacks.rb:82:in `run_callbacks'
  actionpack (4.1.8) lib/action_dispatch/middleware/callbacks.rb:27:in `call'
  actionpack (4.1.8) lib/action_dispatch/middleware/reloader.rb:73:in `call'
  actionpack (4.1.8) lib/action_dispatch/middleware/remote_ip.rb:76:in `call'
  actionpack (4.1.8) lib/action_dispatch/middleware/debug_exceptions.rb:17:in `call'
  actionpack (4.1.8) lib/action_dispatch/middleware/show_exceptions.rb:30:in `call'
  railties (4.1.8) lib/rails/rack/logger.rb:38:in `call_app'
  railties (4.1.8) lib/rails/rack/logger.rb:20:in `block in call'
  activesupport (4.1.8) lib/active_support/tagged_logging.rb:68:in `block in tagged'
  activesupport (4.1.8) lib/active_support/tagged_logging.rb:26:in `tagged'
  activesupport (4.1.8) lib/active_support/tagged_logging.rb:68:in `tagged'
  railties (4.1.8) lib/rails/rack/logger.rb:20:in `call'
  actionpack (4.1.8) lib/action_dispatch/middleware/request_id.rb:21:in `call'
  rack (1.5.2) lib/rack/methodoverride.rb:21:in `call'
  rack (1.5.2) lib/rack/runtime.rb:17:in `call'
  activesupport (4.1.8) lib/active_support/cache/strategy/local_cache_middleware.rb:26:in `call'
  rack (1.5.2) lib/rack/lock.rb:17:in `call'
  actionpack (4.1.8) lib/action_dispatch/middleware/static.rb:84:in `call'
  rack (1.5.2) lib/rack/sendfile.rb:112:in `call'
  railties (4.1.8) lib/rails/engine.rb:514:in `call'
  railties (4.1.8) lib/rails/application.rb:144:in `call'
  rack (1.5.2) lib/rack/lock.rb:17:in `call'
  rack (1.5.2) lib/rack/content_length.rb:14:in `call'
  rack (1.5.2) lib/rack/handler/webrick.rb:60:in `service'
  C:/RailsInstaller/Ruby2.1.0/lib/ruby/2.1.0/webrick/httpserver.rb:138:in `service'
  C:/RailsInstaller/Ruby2.1.0/lib/ruby/2.1.0/webrick/httpserver.rb:94:in `run'
  C:/RailsInstaller/Ruby2.1.0/lib/ruby/2.1.0/webrick/server.rb:295:in `block in start_thread'


  Rendered C:/RailsInstaller/Ruby2.1.0/lib/ruby/gems/2.1.0/gems/actionpack-4.1.8/lib/action_dispatch/middleware/templates/rescues/missing_template.html.erb within rescues/layout (1.0ms)


Started GET "/keys/1" for 127.0.0.1 at 2015-02-13 17:21:28 -0500
Processing by KeysController#show as HTML
  Parameters: {"id"=>"1"}
  [1m[35mKey Load (0.0ms)[0m  SELECT  "keys".* FROM "keys"  WHERE "keys"."id" = ? LIMIT 1  [["id", 1]]
  Rendered keys/show.html.erb within layouts/application (0.0ms)
Completed 200 OK in 115ms (Views: 114.0ms | ActiveRecord: 0.0ms)


Started GET "/assets/keys.css?body=1" for 127.0.0.1 at 2015-02-13 17:21:29 -0500


Started GET "/assets/scaffolds.css?body=1" for 127.0.0.1 at 2015-02-13 17:21:29 -0500


Started GET "/assets/welcome.css?body=1" for 127.0.0.1 at 2015-02-13 17:21:29 -0500


Started GET "/assets/application.css?body=1" for 127.0.0.1 at 2015-02-13 17:21:29 -0500


Started GET "/assets/jquery.js?body=1" for 127.0.0.1 at 2015-02-13 17:21:29 -0500


Started GET "/assets/jquery_ujs.js?body=1" for 127.0.0.1 at 2015-02-13 17:21:29 -0500


Started GET "/assets/turbolinks.js?body=1" for 127.0.0.1 at 2015-02-13 17:21:29 -0500


Started GET "/assets/welcome.js?body=1" for 127.0.0.1 at 2015-02-13 17:21:29 -0500


Started GET "/assets/keys.js?body=1" for 127.0.0.1 at 2015-02-13 17:21:29 -0500


Started GET "/assets/application.js?body=1" for 127.0.0.1 at 2015-02-13 17:21:29 -0500


Started GET "/keys/1" for 127.0.0.1 at 2015-02-13 17:22:31 -0500
Processing by KeysController#show as HTML
  Parameters: {"id"=>"1"}
  [1m[36mKey Load (0.0ms)[0m  [1mSELECT  "keys".* FROM "keys"  WHERE "keys"."id" = ? LIMIT 1[0m  [["id", 1]]
  Rendered keys/show.html.erb within layouts/application (1.0ms)
Completed 200 OK in 58ms (Views: 52.0ms | ActiveRecord: 0.0ms)


Started GET "/assets/keys.css?body=1" for 127.0.0.1 at 2015-02-13 17:22:31 -0500


Started GET "/assets/scaffolds.css?body=1" for 127.0.0.1 at 2015-02-13 17:22:31 -0500


Started GET "/assets/welcome.css?body=1" for 127.0.0.1 at 2015-02-13 17:22:31 -0500


Started GET "/assets/application.css?body=1" for 127.0.0.1 at 2015-02-13 17:22:31 -0500


Started GET "/assets/jquery.js?body=1" for 127.0.0.1 at 2015-02-13 17:22:31 -0500


Started GET "/assets/turbolinks.js?body=1" for 127.0.0.1 at 2015-02-13 17:22:31 -0500


Started GET "/assets/jquery_ujs.js?body=1" for 127.0.0.1 at 2015-02-13 17:22:31 -0500


Started GET "/assets/keys.js?body=1" for 127.0.0.1 at 2015-02-13 17:22:31 -0500


Started GET "/assets/welcome.js?body=1" for 127.0.0.1 at 2015-02-13 17:22:31 -0500


Started GET "/assets/application.js?body=1" for 127.0.0.1 at 2015-02-13 17:22:31 -0500


Started POST "/keys" for 127.0.0.1 at 2015-02-13 17:22:34 -0500
Processing by KeysController#create as HTML
  Parameters: {"utf8"=>"", "authenticity_token"=>"eRGDgNfRqUQXNSd2dCj9KiKBK38M+J3+JmKeq+D3ahw=", "key"=>{"root"=>"0"}, "commit"=>"Save Key"}
Completed 500 Internal Server Error in 0ms

NoMethodError (undefined method `[]' for nil:NilClass):
  app/controllers/keys_controller.rb:6:in `create'


  Rendered C:/RailsInstaller/Ruby2.1.0/lib/ruby/gems/2.1.0/gems/actionpack-4.1.8/lib/action_dispatch/middleware/templates/rescues/_source.erb (0.0ms)
  Rendered C:/RailsInstaller/Ruby2.1.0/lib/ruby/gems/2.1.0/gems/actionpack-4.1.8/lib/action_dispatch/middleware/templates/rescues/_trace.html.erb (2.0ms)
  Rendered C:/RailsInstaller/Ruby2.1.0/lib/ruby/gems/2.1.0/gems/actionpack-4.1.8/lib/action_dispatch/middleware/templates/rescues/_request_and_response.html.erb (1.0ms)
  Rendered C:/RailsInstaller/Ruby2.1.0/lib/ruby/gems/2.1.0/gems/actionpack-4.1.8/lib/action_dispatch/middleware/templates/rescues/diagnostics.erb within rescues/layout (32.0ms)


Started POST "/keys" for 127.0.0.1 at 2015-02-13 17:25:21 -0500
Processing by KeysController#create as HTML
  Parameters: {"utf8"=>"", "authenticity_token"=>"eRGDgNfRqUQXNSd2dCj9KiKBK38M+J3+JmKeq+D3ahw=", "key"=>{"root"=>"0"}, "commit"=>"Save Key"}
Completed 500 Internal Server Error in 3ms

ArgumentError (wrong number of arguments (1 for 2)):
  app/models/key.rb:110:in `build_from_scale'
  app/controllers/keys_controller.rb:5:in `create'


  Rendered C:/RailsInstaller/Ruby2.1.0/lib/ruby/gems/2.1.0/gems/actionpack-4.1.8/lib/action_dispatch/middleware/templates/rescues/_source.erb (1.0ms)
  Rendered C:/RailsInstaller/Ruby2.1.0/lib/ruby/gems/2.1.0/gems/actionpack-4.1.8/lib/action_dispatch/middleware/templates/rescues/_trace.html.erb (2.0ms)
  Rendered C:/RailsInstaller/Ruby2.1.0/lib/ruby/gems/2.1.0/gems/actionpack-4.1.8/lib/action_dispatch/middleware/templates/rescues/_request_and_response.html.erb (1.0ms)
  Rendered C:/RailsInstaller/Ruby2.1.0/lib/ruby/gems/2.1.0/gems/actionpack-4.1.8/lib/action_dispatch/middleware/templates/rescues/diagnostics.erb within rescues/layout (37.0ms)


Started POST "/keys" for 127.0.0.1 at 2015-02-13 17:25:24 -0500
Processing by KeysController#create as HTML
  Parameters: {"utf8"=>"", "authenticity_token"=>"eRGDgNfRqUQXNSd2dCj9KiKBK38M+J3+JmKeq+D3ahw=", "key"=>{"root"=>"0"}, "commit"=>"Save Key"}
Completed 500 Internal Server Error in 0ms

ArgumentError (wrong number of arguments (1 for 2)):
  app/models/key.rb:110:in `build_from_scale'
  app/controllers/keys_controller.rb:5:in `create'


  Rendered C:/RailsInstaller/Ruby2.1.0/lib/ruby/gems/2.1.0/gems/actionpack-4.1.8/lib/action_dispatch/middleware/templates/rescues/_source.erb (1.0ms)
  Rendered C:/RailsInstaller/Ruby2.1.0/lib/ruby/gems/2.1.0/gems/actionpack-4.1.8/lib/action_dispatch/middleware/templates/rescues/_trace.html.erb (1.0ms)
  Rendered C:/RailsInstaller/Ruby2.1.0/lib/ruby/gems/2.1.0/gems/actionpack-4.1.8/lib/action_dispatch/middleware/templates/rescues/_request_and_response.html.erb (1.0ms)
  Rendered C:/RailsInstaller/Ruby2.1.0/lib/ruby/gems/2.1.0/gems/actionpack-4.1.8/lib/action_dispatch/middleware/templates/rescues/diagnostics.erb within rescues/layout (31.0ms)


Started POST "/keys" for 127.0.0.1 at 2015-02-13 17:26:50 -0500

SyntaxError (C:/Nothing Important/tabbse/app/controllers/keys_controller.rb:14: syntax error, unexpected ',', expecting keyword_end
...s.require(:key).permit(:scale), params.require(:key).permit(...
...                               ^
C:/Nothing Important/tabbse/app/controllers/keys_controller.rb:14: syntax error, unexpected ':', expecting keyword_end
...s.require(:key).permit(:scale):root)
...                               ^):
  app/controllers/keys_controller.rb:14: syntax error, unexpected ',', expecting keyword_end
  app/controllers/keys_controller.rb:14: syntax error, unexpected ':', expecting keyword_end


  Rendered C:/RailsInstaller/Ruby2.1.0/lib/ruby/gems/2.1.0/gems/actionpack-4.1.8/lib/action_dispatch/middleware/templates/rescues/_source.erb (0.0ms)
  Rendered C:/RailsInstaller/Ruby2.1.0/lib/ruby/gems/2.1.0/gems/actionpack-4.1.8/lib/action_dispatch/middleware/templates/rescues/_trace.html.erb (2.0ms)
  Rendered C:/RailsInstaller/Ruby2.1.0/lib/ruby/gems/2.1.0/gems/actionpack-4.1.8/lib/action_dispatch/middleware/templates/rescues/_request_and_response.html.erb (1.0ms)
  Rendered C:/RailsInstaller/Ruby2.1.0/lib/ruby/gems/2.1.0/gems/actionpack-4.1.8/lib/action_dispatch/middleware/templates/rescues/diagnostics.erb within rescues/layout (30.0ms)


Started GET "/" for 127.0.0.1 at 2015-02-18 18:51:50 -0500
  [1m[36mActiveRecord::SchemaMigration Load (0.0ms)[0m  [1mSELECT "schema_migrations".* FROM "schema_migrations"[0m
Processing by WelcomeController#index as HTML
  Rendered welcome/index.html.erb within layouts/application (41.0ms)
Completed 200 OK in 2511ms (Views: 2453.1ms | ActiveRecord: 0.0ms)


Started GET "/assets/keys.css?body=1" for 127.0.0.1 at 2015-02-18 18:51:53 -0500


Started GET "/assets/scaffolds.css?body=1" for 127.0.0.1 at 2015-02-18 18:51:53 -0500


Started GET "/assets/welcome.css?body=1" for 127.0.0.1 at 2015-02-18 18:51:53 -0500


Started GET "/assets/application.css?body=1" for 127.0.0.1 at 2015-02-18 18:51:53 -0500


Started GET "/assets/jquery.js?body=1" for 127.0.0.1 at 2015-02-18 18:51:53 -0500


Started GET "/assets/jquery_ujs.js?body=1" for 127.0.0.1 at 2015-02-18 18:51:53 -0500


Started GET "/assets/turbolinks.js?body=1" for 127.0.0.1 at 2015-02-18 18:51:53 -0500


Started GET "/assets/keys.js?body=1" for 127.0.0.1 at 2015-02-18 18:51:53 -0500


Started GET "/assets/welcome.js?body=1" for 127.0.0.1 at 2015-02-18 18:51:53 -0500


Started GET "/assets/application.js?body=1" for 127.0.0.1 at 2015-02-18 18:51:53 -0500


Started POST "/welcome/index" for 127.0.0.1 at 2015-02-18 18:51:58 -0500

ActionController::RoutingError (No route matches [POST] "/welcome/index"):
  actionpack (4.1.8) lib/action_dispatch/middleware/debug_exceptions.rb:21:in `call'
  actionpack (4.1.8) lib/action_dispatch/middleware/show_exceptions.rb:30:in `call'
  railties (4.1.8) lib/rails/rack/logger.rb:38:in `call_app'
  railties (4.1.8) lib/rails/rack/logger.rb:20:in `block in call'
  activesupport (4.1.8) lib/active_support/tagged_logging.rb:68:in `block in tagged'
  activesupport (4.1.8) lib/active_support/tagged_logging.rb:26:in `tagged'
  activesupport (4.1.8) lib/active_support/tagged_logging.rb:68:in `tagged'
  railties (4.1.8) lib/rails/rack/logger.rb:20:in `call'
  actionpack (4.1.8) lib/action_dispatch/middleware/request_id.rb:21:in `call'
  rack (1.5.2) lib/rack/methodoverride.rb:21:in `call'
  rack (1.5.2) lib/rack/runtime.rb:17:in `call'
  activesupport (4.1.8) lib/active_support/cache/strategy/local_cache_middleware.rb:26:in `call'
  rack (1.5.2) lib/rack/lock.rb:17:in `call'
  actionpack (4.1.8) lib/action_dispatch/middleware/static.rb:84:in `call'
  rack (1.5.2) lib/rack/sendfile.rb:112:in `call'
  railties (4.1.8) lib/rails/engine.rb:514:in `call'
  railties (4.1.8) lib/rails/application.rb:144:in `call'
  rack (1.5.2) lib/rack/lock.rb:17:in `call'
  rack (1.5.2) lib/rack/content_length.rb:14:in `call'
  rack (1.5.2) lib/rack/handler/webrick.rb:60:in `service'
  C:/RailsInstaller/Ruby2.1.0/lib/ruby/2.1.0/webrick/httpserver.rb:138:in `service'
  C:/RailsInstaller/Ruby2.1.0/lib/ruby/2.1.0/webrick/httpserver.rb:94:in `run'
  C:/RailsInstaller/Ruby2.1.0/lib/ruby/2.1.0/webrick/server.rb:295:in `block in start_thread'


  Rendered C:/RailsInstaller/Ruby2.1.0/lib/ruby/gems/2.1.0/gems/actionpack-4.1.8/lib/action_dispatch/middleware/templates/rescues/_trace.html.erb (3.0ms)
  Rendered C:/RailsInstaller/Ruby2.1.0/lib/ruby/gems/2.1.0/gems/actionpack-4.1.8/lib/action_dispatch/middleware/templates/routes/_route.html.erb (4.0ms)
  Rendered C:/RailsInstaller/Ruby2.1.0/lib/ruby/gems/2.1.0/gems/actionpack-4.1.8/lib/action_dispatch/middleware/templates/routes/_table.html.erb (26.0ms)
  Rendered C:/RailsInstaller/Ruby2.1.0/lib/ruby/gems/2.1.0/gems/actionpack-4.1.8/lib/action_dispatch/middleware/templates/rescues/routing_error.html.erb within rescues/layout (126.0ms)


Started POST "/welcome/index" for 127.0.0.1 at 2015-02-18 18:56:25 -0500

ActionController::RoutingError (No route matches [POST] "/welcome/index"):
  actionpack (4.1.8) lib/action_dispatch/middleware/debug_exceptions.rb:21:in `call'
  actionpack (4.1.8) lib/action_dispatch/middleware/show_exceptions.rb:30:in `call'
  railties (4.1.8) lib/rails/rack/logger.rb:38:in `call_app'
  railties (4.1.8) lib/rails/rack/logger.rb:20:in `block in call'
  activesupport (4.1.8) lib/active_support/tagged_logging.rb:68:in `block in tagged'
  activesupport (4.1.8) lib/active_support/tagged_logging.rb:26:in `tagged'
  activesupport (4.1.8) lib/active_support/tagged_logging.rb:68:in `tagged'
  railties (4.1.8) lib/rails/rack/logger.rb:20:in `call'
  actionpack (4.1.8) lib/action_dispatch/middleware/request_id.rb:21:in `call'
  rack (1.5.2) lib/rack/methodoverride.rb:21:in `call'
  rack (1.5.2) lib/rack/runtime.rb:17:in `call'
  activesupport (4.1.8) lib/active_support/cache/strategy/local_cache_middleware.rb:26:in `call'
  rack (1.5.2) lib/rack/lock.rb:17:in `call'
  actionpack (4.1.8) lib/action_dispatch/middleware/static.rb:84:in `call'
  rack (1.5.2) lib/rack/sendfile.rb:112:in `call'
  railties (4.1.8) lib/rails/engine.rb:514:in `call'
  railties (4.1.8) lib/rails/application.rb:144:in `call'
  rack (1.5.2) lib/rack/lock.rb:17:in `call'
  rack (1.5.2) lib/rack/content_length.rb:14:in `call'
  rack (1.5.2) lib/rack/handler/webrick.rb:60:in `service'
  C:/RailsInstaller/Ruby2.1.0/lib/ruby/2.1.0/webrick/httpserver.rb:138:in `service'
  C:/RailsInstaller/Ruby2.1.0/lib/ruby/2.1.0/webrick/httpserver.rb:94:in `run'
  C:/RailsInstaller/Ruby2.1.0/lib/ruby/2.1.0/webrick/server.rb:295:in `block in start_thread'


  Rendered C:/RailsInstaller/Ruby2.1.0/lib/ruby/gems/2.1.0/gems/actionpack-4.1.8/lib/action_dispatch/middleware/templates/rescues/_trace.html.erb (4.0ms)
  Rendered C:/RailsInstaller/Ruby2.1.0/lib/ruby/gems/2.1.0/gems/actionpack-4.1.8/lib/action_dispatch/middleware/templates/routes/_route.html.erb (5.0ms)
  Rendered C:/RailsInstaller/Ruby2.1.0/lib/ruby/gems/2.1.0/gems/actionpack-4.1.8/lib/action_dispatch/middleware/templates/routes/_table.html.erb (4.0ms)
  Rendered C:/RailsInstaller/Ruby2.1.0/lib/ruby/gems/2.1.0/gems/actionpack-4.1.8/lib/action_dispatch/middleware/templates/rescues/routing_error.html.erb within rescues/layout (109.0ms)


Started POST "/welcome/index" for 127.0.0.1 at 2015-02-18 18:56:28 -0500

ActionController::RoutingError (No route matches [POST] "/welcome/index"):
  actionpack (4.1.8) lib/action_dispatch/middleware/debug_exceptions.rb:21:in `call'
  actionpack (4.1.8) lib/action_dispatch/middleware/show_exceptions.rb:30:in `call'
  railties (4.1.8) lib/rails/rack/logger.rb:38:in `call_app'
  railties (4.1.8) lib/rails/rack/logger.rb:20:in `block in call'
  activesupport (4.1.8) lib/active_support/tagged_logging.rb:68:in `block in tagged'
  activesupport (4.1.8) lib/active_support/tagged_logging.rb:26:in `tagged'
  activesupport (4.1.8) lib/active_support/tagged_logging.rb:68:in `tagged'
  railties (4.1.8) lib/rails/rack/logger.rb:20:in `call'
  actionpack (4.1.8) lib/action_dispatch/middleware/request_id.rb:21:in `call'
  rack (1.5.2) lib/rack/methodoverride.rb:21:in `call'
  rack (1.5.2) lib/rack/runtime.rb:17:in `call'
  activesupport (4.1.8) lib/active_support/cache/strategy/local_cache_middleware.rb:26:in `call'
  rack (1.5.2) lib/rack/lock.rb:17:in `call'
  actionpack (4.1.8) lib/action_dispatch/middleware/static.rb:84:in `call'
  rack (1.5.2) lib/rack/sendfile.rb:112:in `call'
  railties (4.1.8) lib/rails/engine.rb:514:in `call'
  railties (4.1.8) lib/rails/application.rb:144:in `call'
  rack (1.5.2) lib/rack/lock.rb:17:in `call'
  rack (1.5.2) lib/rack/content_length.rb:14:in `call'
  rack (1.5.2) lib/rack/handler/webrick.rb:60:in `service'
  C:/RailsInstaller/Ruby2.1.0/lib/ruby/2.1.0/webrick/httpserver.rb:138:in `service'
  C:/RailsInstaller/Ruby2.1.0/lib/ruby/2.1.0/webrick/httpserver.rb:94:in `run'
  C:/RailsInstaller/Ruby2.1.0/lib/ruby/2.1.0/webrick/server.rb:295:in `block in start_thread'


  Rendered C:/RailsInstaller/Ruby2.1.0/lib/ruby/gems/2.1.0/gems/actionpack-4.1.8/lib/action_dispatch/middleware/templates/rescues/_trace.html.erb (3.0ms)
  Rendered C:/RailsInstaller/Ruby2.1.0/lib/ruby/gems/2.1.0/gems/actionpack-4.1.8/lib/action_dispatch/middleware/templates/routes/_route.html.erb (5.0ms)
  Rendered C:/RailsInstaller/Ruby2.1.0/lib/ruby/gems/2.1.0/gems/actionpack-4.1.8/lib/action_dispatch/middleware/templates/routes/_table.html.erb (4.0ms)
  Rendered C:/RailsInstaller/Ruby2.1.0/lib/ruby/gems/2.1.0/gems/actionpack-4.1.8/lib/action_dispatch/middleware/templates/rescues/routing_error.html.erb within rescues/layout (110.0ms)


Started GET "/keys/new" for 127.0.0.1 at 2015-02-18 18:56:50 -0500

SyntaxError (C:/Users/Quincy/Documents/keybro/app/controllers/keys_controller.rb:14: syntax error, unexpected ',', expecting keyword_end
...s.require(:key).permit(:scale), params.require(:key).permit(...
...                               ^
C:/Users/Quincy/Documents/keybro/app/controllers/keys_controller.rb:14: syntax error, unexpected ':', expecting keyword_end
...s.require(:key).permit(:scale):root)
...                               ^):
  app/controllers/keys_controller.rb:14: syntax error, unexpected ',', expecting keyword_end
  app/controllers/keys_controller.rb:14: syntax error, unexpected ':', expecting keyword_end


  Rendered C:/RailsInstaller/Ruby2.1.0/lib/ruby/gems/2.1.0/gems/actionpack-4.1.8/lib/action_dispatch/middleware/templates/rescues/_source.erb (2.0ms)
  Rendered C:/RailsInstaller/Ruby2.1.0/lib/ruby/gems/2.1.0/gems/actionpack-4.1.8/lib/action_dispatch/middleware/templates/rescues/_trace.html.erb (4.0ms)
  Rendered C:/RailsInstaller/Ruby2.1.0/lib/ruby/gems/2.1.0/gems/actionpack-4.1.8/lib/action_dispatch/middleware/templates/rescues/_request_and_response.html.erb (4.0ms)
  Rendered C:/RailsInstaller/Ruby2.1.0/lib/ruby/gems/2.1.0/gems/actionpack-4.1.8/lib/action_dispatch/middleware/templates/rescues/diagnostics.erb within rescues/layout (99.0ms)


Started GET "/keys" for 127.0.0.1 at 2015-02-18 18:56:55 -0500

SyntaxError (C:/Users/Quincy/Documents/keybro/app/controllers/keys_controller.rb:14: syntax error, unexpected ',', expecting keyword_end
...s.require(:key).permit(:scale), params.require(:key).permit(...
...                               ^
C:/Users/Quincy/Documents/keybro/app/controllers/keys_controller.rb:14: syntax error, unexpected ':', expecting keyword_end
...s.require(:key).permit(:scale):root)
...                               ^):
  app/controllers/keys_controller.rb:14: syntax error, unexpected ',', expecting keyword_end
  app/controllers/keys_controller.rb:14: syntax error, unexpected ':', expecting keyword_end


  Rendered C:/RailsInstaller/Ruby2.1.0/lib/ruby/gems/2.1.0/gems/actionpack-4.1.8/lib/action_dispatch/middleware/templates/rescues/_source.erb (2.0ms)
  Rendered C:/RailsInstaller/Ruby2.1.0/lib/ruby/gems/2.1.0/gems/actionpack-4.1.8/lib/action_dispatch/middleware/templates/rescues/_trace.html.erb (53.0ms)
  Rendered C:/RailsInstaller/Ruby2.1.0/lib/ruby/gems/2.1.0/gems/actionpack-4.1.8/lib/action_dispatch/middleware/templates/rescues/_request_and_response.html.erb (4.0ms)
  Rendered C:/RailsInstaller/Ruby2.1.0/lib/ruby/gems/2.1.0/gems/actionpack-4.1.8/lib/action_dispatch/middleware/templates/rescues/diagnostics.erb within rescues/layout (151.0ms)


Started GET "/keys" for 127.0.0.1 at 2015-02-18 19:18:16 -0500
  [1m[36mActiveRecord::SchemaMigration Load (1.0ms)[0m  [1mSELECT "schema_migrations".* FROM "schema_migrations"[0m

SyntaxError (C:/Users/Quincy/Documents/keybro/app/controllers/keys_controller.rb:14: syntax error, unexpected ',', expecting keyword_end
...s.require(:key).permit(:scale), params.require(:key).permit(...
...                               ^
C:/Users/Quincy/Documents/keybro/app/controllers/keys_controller.rb:14: syntax error, unexpected ':', expecting keyword_end
...s.require(:key).permit(:scale):root)
...                               ^):
  app/controllers/keys_controller.rb:14: syntax error, unexpected ',', expecting keyword_end
  app/controllers/keys_controller.rb:14: syntax error, unexpected ':', expecting keyword_end


  Rendered C:/RailsInstaller/Ruby2.1.0/lib/ruby/gems/2.1.0/gems/actionpack-4.1.8/lib/action_dispatch/middleware/templates/rescues/_source.erb (3.0ms)
  Rendered C:/RailsInstaller/Ruby2.1.0/lib/ruby/gems/2.1.0/gems/actionpack-4.1.8/lib/action_dispatch/middleware/templates/rescues/_trace.html.erb (5.0ms)
  Rendered C:/RailsInstaller/Ruby2.1.0/lib/ruby/gems/2.1.0/gems/actionpack-4.1.8/lib/action_dispatch/middleware/templates/rescues/_request_and_response.html.erb (176.0ms)
  Rendered C:/RailsInstaller/Ruby2.1.0/lib/ruby/gems/2.1.0/gems/actionpack-4.1.8/lib/action_dispatch/middleware/templates/rescues/diagnostics.erb within rescues/layout (385.0ms)


Started GET "/keys" for 127.0.0.1 at 2015-02-18 19:19:14 -0500

SyntaxError (C:/Users/Quincy/Documents/keybro/app/controllers/keys_controller.rb:14: syntax error, unexpected ',', expecting keyword_end
...s.require(:key).permit(:scale), params.require(:key).permit(...
...                               ^
C:/Users/Quincy/Documents/keybro/app/controllers/keys_controller.rb:14: syntax error, unexpected ':', expecting keyword_end
...s.require(:key).permit(:scale):root)
...                               ^):
  app/controllers/keys_controller.rb:14: syntax error, unexpected ',', expecting keyword_end
  app/controllers/keys_controller.rb:14: syntax error, unexpected ':', expecting keyword_end


  Rendered C:/RailsInstaller/Ruby2.1.0/lib/ruby/gems/2.1.0/gems/actionpack-4.1.8/lib/action_dispatch/middleware/templates/rescues/_source.erb (2.0ms)
  Rendered C:/RailsInstaller/Ruby2.1.0/lib/ruby/gems/2.1.0/gems/actionpack-4.1.8/lib/action_dispatch/middleware/templates/rescues/_trace.html.erb (4.0ms)
  Rendered C:/RailsInstaller/Ruby2.1.0/lib/ruby/gems/2.1.0/gems/actionpack-4.1.8/lib/action_dispatch/middleware/templates/rescues/_request_and_response.html.erb (3.0ms)
  Rendered C:/RailsInstaller/Ruby2.1.0/lib/ruby/gems/2.1.0/gems/actionpack-4.1.8/lib/action_dispatch/middleware/templates/rescues/diagnostics.erb within rescues/layout (80.0ms)


Started GET "/keys" for 127.0.0.1 at 2015-02-18 19:19:16 -0500

SyntaxError (C:/Users/Quincy/Documents/keybro/app/controllers/keys_controller.rb:14: syntax error, unexpected ',', expecting keyword_end
...s.require(:key).permit(:scale), params.require(:key).permit(...
...                               ^
C:/Users/Quincy/Documents/keybro/app/controllers/keys_controller.rb:14: syntax error, unexpected ':', expecting keyword_end
...s.require(:key).permit(:scale):root)
...                               ^):
  app/controllers/keys_controller.rb:14: syntax error, unexpected ',', expecting keyword_end
  app/controllers/keys_controller.rb:14: syntax error, unexpected ':', expecting keyword_end


  Rendered C:/RailsInstaller/Ruby2.1.0/lib/ruby/gems/2.1.0/gems/actionpack-4.1.8/lib/action_dispatch/middleware/templates/rescues/_source.erb (4.0ms)
  Rendered C:/RailsInstaller/Ruby2.1.0/lib/ruby/gems/2.1.0/gems/actionpack-4.1.8/lib/action_dispatch/middleware/templates/rescues/_trace.html.erb (5.0ms)
  Rendered C:/RailsInstaller/Ruby2.1.0/lib/ruby/gems/2.1.0/gems/actionpack-4.1.8/lib/action_dispatch/middleware/templates/rescues/_request_and_response.html.erb (3.0ms)
  Rendered C:/RailsInstaller/Ruby2.1.0/lib/ruby/gems/2.1.0/gems/actionpack-4.1.8/lib/action_dispatch/middleware/templates/rescues/diagnostics.erb within rescues/layout (120.0ms)


Started GET "/keys" for 127.0.0.1 at 2015-02-18 19:19:20 -0500

SyntaxError (C:/Users/Quincy/Documents/keybro/app/controllers/keys_controller.rb:14: syntax error, unexpected ',', expecting keyword_end
...s.require(:key).permit(:scale), params.require(:key).permit(...
...                               ^
C:/Users/Quincy/Documents/keybro/app/controllers/keys_controller.rb:14: syntax error, unexpected ':', expecting keyword_end
...s.require(:key).permit(:scale):root)
...                               ^):
  app/controllers/keys_controller.rb:14: syntax error, unexpected ',', expecting keyword_end
  app/controllers/keys_controller.rb:14: syntax error, unexpected ':', expecting keyword_end


  Rendered C:/RailsInstaller/Ruby2.1.0/lib/ruby/gems/2.1.0/gems/actionpack-4.1.8/lib/action_dispatch/middleware/templates/rescues/_source.erb (2.0ms)
  Rendered C:/RailsInstaller/Ruby2.1.0/lib/ruby/gems/2.1.0/gems/actionpack-4.1.8/lib/action_dispatch/middleware/templates/rescues/_trace.html.erb (4.0ms)
  Rendered C:/RailsInstaller/Ruby2.1.0/lib/ruby/gems/2.1.0/gems/actionpack-4.1.8/lib/action_dispatch/middleware/templates/rescues/_request_and_response.html.erb (3.0ms)
  Rendered C:/RailsInstaller/Ruby2.1.0/lib/ruby/gems/2.1.0/gems/actionpack-4.1.8/lib/action_dispatch/middleware/templates/rescues/diagnostics.erb within rescues/layout (98.0ms)


Started GET "/keys" for 127.0.0.1 at 2015-02-18 19:19:37 -0500

AbstractController::ActionNotFound (The action 'index' could not be found for KeysController):
  actionpack (4.1.8) lib/abstract_controller/base.rb:131:in `process'
  actionview (4.1.8) lib/action_view/rendering.rb:30:in `process'
  actionpack (4.1.8) lib/action_controller/metal.rb:196:in `dispatch'
  actionpack (4.1.8) lib/action_controller/metal/rack_delegation.rb:13:in `dispatch'
  actionpack (4.1.8) lib/action_controller/metal.rb:232:in `block in action'
  actionpack (4.1.8) lib/action_dispatch/routing/route_set.rb:82:in `call'
  actionpack (4.1.8) lib/action_dispatch/routing/route_set.rb:82:in `dispatch'
  actionpack (4.1.8) lib/action_dispatch/routing/route_set.rb:50:in `call'
  actionpack (4.1.8) lib/action_dispatch/journey/router.rb:73:in `block in call'
  actionpack (4.1.8) lib/action_dispatch/journey/router.rb:59:in `each'
  actionpack (4.1.8) lib/action_dispatch/journey/router.rb:59:in `call'
  actionpack (4.1.8) lib/action_dispatch/routing/route_set.rb:678:in `call'
  rack (1.5.2) lib/rack/etag.rb:23:in `call'
  rack (1.5.2) lib/rack/conditionalget.rb:25:in `call'
  rack (1.5.2) lib/rack/head.rb:11:in `call'
  actionpack (4.1.8) lib/action_dispatch/middleware/params_parser.rb:27:in `call'
  actionpack (4.1.8) lib/action_dispatch/middleware/flash.rb:254:in `call'
  rack (1.5.2) lib/rack/session/abstract/id.rb:225:in `context'
  rack (1.5.2) lib/rack/session/abstract/id.rb:220:in `call'
  actionpack (4.1.8) lib/action_dispatch/middleware/cookies.rb:560:in `call'
  activerecord (4.1.8) lib/active_record/query_cache.rb:36:in `call'
  activerecord (4.1.8) lib/active_record/connection_adapters/abstract/connection_pool.rb:621:in `call'
  activerecord (4.1.8) lib/active_record/migration.rb:380:in `call'
  actionpack (4.1.8) lib/action_dispatch/middleware/callbacks.rb:29:in `block in call'
  activesupport (4.1.8) lib/active_support/callbacks.rb:82:in `run_callbacks'
  actionpack (4.1.8) lib/action_dispatch/middleware/callbacks.rb:27:in `call'
  actionpack (4.1.8) lib/action_dispatch/middleware/reloader.rb:73:in `call'
  actionpack (4.1.8) lib/action_dispatch/middleware/remote_ip.rb:76:in `call'
  actionpack (4.1.8) lib/action_dispatch/middleware/debug_exceptions.rb:17:in `call'
  actionpack (4.1.8) lib/action_dispatch/middleware/show_exceptions.rb:30:in `call'
  railties (4.1.8) lib/rails/rack/logger.rb:38:in `call_app'
  railties (4.1.8) lib/rails/rack/logger.rb:20:in `block in call'
  activesupport (4.1.8) lib/active_support/tagged_logging.rb:68:in `block in tagged'
  activesupport (4.1.8) lib/active_support/tagged_logging.rb:26:in `tagged'
  activesupport (4.1.8) lib/active_support/tagged_logging.rb:68:in `tagged'
  railties (4.1.8) lib/rails/rack/logger.rb:20:in `call'
  actionpack (4.1.8) lib/action_dispatch/middleware/request_id.rb:21:in `call'
  rack (1.5.2) lib/rack/methodoverride.rb:21:in `call'
  rack (1.5.2) lib/rack/runtime.rb:17:in `call'
  activesupport (4.1.8) lib/active_support/cache/strategy/local_cache_middleware.rb:26:in `call'
  rack (1.5.2) lib/rack/lock.rb:17:in `call'
  actionpack (4.1.8) lib/action_dispatch/middleware/static.rb:84:in `call'
  rack (1.5.2) lib/rack/sendfile.rb:112:in `call'
  railties (4.1.8) lib/rails/engine.rb:514:in `call'
  railties (4.1.8) lib/rails/application.rb:144:in `call'
  rack (1.5.2) lib/rack/lock.rb:17:in `call'
  rack (1.5.2) lib/rack/content_length.rb:14:in `call'
  rack (1.5.2) lib/rack/handler/webrick.rb:60:in `service'
  C:/RailsInstaller/Ruby2.1.0/lib/ruby/2.1.0/webrick/httpserver.rb:138:in `service'
  C:/RailsInstaller/Ruby2.1.0/lib/ruby/2.1.0/webrick/httpserver.rb:94:in `run'
  C:/RailsInstaller/Ruby2.1.0/lib/ruby/2.1.0/webrick/server.rb:295:in `block in start_thread'


  Rendered C:/RailsInstaller/Ruby2.1.0/lib/ruby/gems/2.1.0/gems/actionpack-4.1.8/lib/action_dispatch/middleware/templates/rescues/unknown_action.html.erb within rescues/layout (1.0ms)


Started GET "/keys" for 127.0.0.1 at 2015-02-18 19:19:52 -0500

AbstractController::ActionNotFound (The action 'index' could not be found for KeysController):
  actionpack (4.1.8) lib/abstract_controller/base.rb:131:in `process'
  actionview (4.1.8) lib/action_view/rendering.rb:30:in `process'
  actionpack (4.1.8) lib/action_controller/metal.rb:196:in `dispatch'
  actionpack (4.1.8) lib/action_controller/metal/rack_delegation.rb:13:in `dispatch'
  actionpack (4.1.8) lib/action_controller/metal.rb:232:in `block in action'
  actionpack (4.1.8) lib/action_dispatch/routing/route_set.rb:82:in `call'
  actionpack (4.1.8) lib/action_dispatch/routing/route_set.rb:82:in `dispatch'
  actionpack (4.1.8) lib/action_dispatch/routing/route_set.rb:50:in `call'
  actionpack (4.1.8) lib/action_dispatch/journey/router.rb:73:in `block in call'
  actionpack (4.1.8) lib/action_dispatch/journey/router.rb:59:in `each'
  actionpack (4.1.8) lib/action_dispatch/journey/router.rb:59:in `call'
  actionpack (4.1.8) lib/action_dispatch/routing/route_set.rb:678:in `call'
  rack (1.5.2) lib/rack/etag.rb:23:in `call'
  rack (1.5.2) lib/rack/conditionalget.rb:25:in `call'
  rack (1.5.2) lib/rack/head.rb:11:in `call'
  actionpack (4.1.8) lib/action_dispatch/middleware/params_parser.rb:27:in `call'
  actionpack (4.1.8) lib/action_dispatch/middleware/flash.rb:254:in `call'
  rack (1.5.2) lib/rack/session/abstract/id.rb:225:in `context'
  rack (1.5.2) lib/rack/session/abstract/id.rb:220:in `call'
  actionpack (4.1.8) lib/action_dispatch/middleware/cookies.rb:560:in `call'
  activerecord (4.1.8) lib/active_record/query_cache.rb:36:in `call'
  activerecord (4.1.8) lib/active_record/connection_adapters/abstract/connection_pool.rb:621:in `call'
  activerecord (4.1.8) lib/active_record/migration.rb:380:in `call'
  actionpack (4.1.8) lib/action_dispatch/middleware/callbacks.rb:29:in `block in call'
  activesupport (4.1.8) lib/active_support/callbacks.rb:82:in `run_callbacks'
  actionpack (4.1.8) lib/action_dispatch/middleware/callbacks.rb:27:in `call'
  actionpack (4.1.8) lib/action_dispatch/middleware/reloader.rb:73:in `call'
  actionpack (4.1.8) lib/action_dispatch/middleware/remote_ip.rb:76:in `call'
  actionpack (4.1.8) lib/action_dispatch/middleware/debug_exceptions.rb:17:in `call'
  actionpack (4.1.8) lib/action_dispatch/middleware/show_exceptions.rb:30:in `call'
  railties (4.1.8) lib/rails/rack/logger.rb:38:in `call_app'
  railties (4.1.8) lib/rails/rack/logger.rb:20:in `block in call'
  activesupport (4.1.8) lib/active_support/tagged_logging.rb:68:in `block in tagged'
  activesupport (4.1.8) lib/active_support/tagged_logging.rb:26:in `tagged'
  activesupport (4.1.8) lib/active_support/tagged_logging.rb:68:in `tagged'
  railties (4.1.8) lib/rails/rack/logger.rb:20:in `call'
  actionpack (4.1.8) lib/action_dispatch/middleware/request_id.rb:21:in `call'
  rack (1.5.2) lib/rack/methodoverride.rb:21:in `call'
  rack (1.5.2) lib/rack/runtime.rb:17:in `call'
  activesupport (4.1.8) lib/active_support/cache/strategy/local_cache_middleware.rb:26:in `call'
  rack (1.5.2) lib/rack/lock.rb:17:in `call'
  actionpack (4.1.8) lib/action_dispatch/middleware/static.rb:84:in `call'
  rack (1.5.2) lib/rack/sendfile.rb:112:in `call'
  railties (4.1.8) lib/rails/engine.rb:514:in `call'
  railties (4.1.8) lib/rails/application.rb:144:in `call'
  rack (1.5.2) lib/rack/lock.rb:17:in `call'
  rack (1.5.2) lib/rack/content_length.rb:14:in `call'
  rack (1.5.2) lib/rack/handler/webrick.rb:60:in `service'
  C:/RailsInstaller/Ruby2.1.0/lib/ruby/2.1.0/webrick/httpserver.rb:138:in `service'
  C:/RailsInstaller/Ruby2.1.0/lib/ruby/2.1.0/webrick/httpserver.rb:94:in `run'
  C:/RailsInstaller/Ruby2.1.0/lib/ruby/2.1.0/webrick/server.rb:295:in `block in start_thread'


  Rendered C:/RailsInstaller/Ruby2.1.0/lib/ruby/gems/2.1.0/gems/actionpack-4.1.8/lib/action_dispatch/middleware/templates/rescues/unknown_action.html.erb within rescues/layout (2.0ms)


Started GET "/keys/new" for 127.0.0.1 at 2015-02-18 19:19:57 -0500
Processing by KeysController#new as HTML
  Rendered keys/new.html.erb within layouts/application (212.0ms)
Completed 200 OK in 807ms (Views: 807.0ms | ActiveRecord: 0.0ms)


Started GET "/assets/keys.css?body=1" for 127.0.0.1 at 2015-02-18 19:19:58 -0500


Started GET "/assets/scaffolds.css?body=1" for 127.0.0.1 at 2015-02-18 19:19:58 -0500


Started GET "/assets/welcome.css?body=1" for 127.0.0.1 at 2015-02-18 19:19:58 -0500


Started GET "/assets/application.css?body=1" for 127.0.0.1 at 2015-02-18 19:19:58 -0500


Started GET "/assets/jquery.js?body=1" for 127.0.0.1 at 2015-02-18 19:19:58 -0500


Started GET "/assets/jquery_ujs.js?body=1" for 127.0.0.1 at 2015-02-18 19:19:58 -0500


Started GET "/assets/turbolinks.js?body=1" for 127.0.0.1 at 2015-02-18 19:19:58 -0500


Started GET "/assets/keys.js?body=1" for 127.0.0.1 at 2015-02-18 19:19:58 -0500


Started GET "/assets/welcome.js?body=1" for 127.0.0.1 at 2015-02-18 19:19:58 -0500


Started GET "/assets/application.js?body=1" for 127.0.0.1 at 2015-02-18 19:19:58 -0500


Started GET "/assets/jquery_ujs.js?body=1" for 127.0.0.1 at 2015-02-18 19:19:58 -0500


Started GET "/assets/turbolinks.js?body=1" for 127.0.0.1 at 2015-02-18 19:19:58 -0500


Started POST "/keys" for 127.0.0.1 at 2015-02-18 19:20:00 -0500
Processing by KeysController#create as HTML
  Parameters: {"utf8"=>"", "authenticity_token"=>"zfR6wtFXHuyBqCEXvloGlciqC4efQq8BW3nfc0pivSQ=", "key"=>{"root"=>"0", "scale"=>"2212221"}, "commit"=>"Save Key"}
Completed 500 Internal Server Error in 12ms

NoMethodError (undefined method `-@' for "0":String):
  app/models/key.rb:140:in `build_from_scale'
  app/controllers/keys_controller.rb:5:in `create'


  Rendered C:/RailsInstaller/Ruby2.1.0/lib/ruby/gems/2.1.0/gems/actionpack-4.1.8/lib/action_dispatch/middleware/templates/rescues/_source.erb (3.0ms)
  Rendered C:/RailsInstaller/Ruby2.1.0/lib/ruby/gems/2.1.0/gems/actionpack-4.1.8/lib/action_dispatch/middleware/templates/rescues/_trace.html.erb (5.0ms)
  Rendered C:/RailsInstaller/Ruby2.1.0/lib/ruby/gems/2.1.0/gems/actionpack-4.1.8/lib/action_dispatch/middleware/templates/rescues/_request_and_response.html.erb (3.0ms)
  Rendered C:/RailsInstaller/Ruby2.1.0/lib/ruby/gems/2.1.0/gems/actionpack-4.1.8/lib/action_dispatch/middleware/templates/rescues/diagnostics.erb within rescues/layout (109.0ms)


Started POST "/keys" for 127.0.0.1 at 2015-02-18 19:20:51 -0500
Processing by KeysController#create as HTML
  Parameters: {"utf8"=>"", "authenticity_token"=>"zfR6wtFXHuyBqCEXvloGlciqC4efQq8BW3nfc0pivSQ=", "key"=>{"root"=>"0", "scale"=>"2212221"}, "commit"=>"Save Key"}
Completed 500 Internal Server Error in 38ms

NameError (uninitialized constant Key::Fretboard):
  app/models/key.rb:144:in `build_from_scale'
  app/controllers/keys_controller.rb:5:in `create'


  Rendered C:/RailsInstaller/Ruby2.1.0/lib/ruby/gems/2.1.0/gems/actionpack-4.1.8/lib/action_dispatch/middleware/templates/rescues/_source.erb (2.0ms)
  Rendered C:/RailsInstaller/Ruby2.1.0/lib/ruby/gems/2.1.0/gems/actionpack-4.1.8/lib/action_dispatch/middleware/templates/rescues/_trace.html.erb (6.0ms)
  Rendered C:/RailsInstaller/Ruby2.1.0/lib/ruby/gems/2.1.0/gems/actionpack-4.1.8/lib/action_dispatch/middleware/templates/rescues/_request_and_response.html.erb (4.0ms)
  Rendered C:/RailsInstaller/Ruby2.1.0/lib/ruby/gems/2.1.0/gems/actionpack-4.1.8/lib/action_dispatch/middleware/templates/rescues/diagnostics.erb within rescues/layout (100.0ms)


Started POST "/keys" for 127.0.0.1 at 2015-02-18 19:21:36 -0500
Processing by KeysController#create as HTML
  Parameters: {"utf8"=>"", "authenticity_token"=>"zfR6wtFXHuyBqCEXvloGlciqC4efQq8BW3nfc0pivSQ=", "key"=>{"root"=>"0", "scale"=>"2212221"}, "commit"=>"Save Key"}
Completed 500 Internal Server Error in 53ms

NoMethodError (undefined method `[]' for nil:NilClass):
  app/controllers/keys_controller.rb:6:in `create'


  Rendered C:/RailsInstaller/Ruby2.1.0/lib/ruby/gems/2.1.0/gems/actionpack-4.1.8/lib/action_dispatch/middleware/templates/rescues/_source.erb (2.0ms)
  Rendered C:/RailsInstaller/Ruby2.1.0/lib/ruby/gems/2.1.0/gems/actionpack-4.1.8/lib/action_dispatch/middleware/templates/rescues/_trace.html.erb (4.0ms)
  Rendered C:/RailsInstaller/Ruby2.1.0/lib/ruby/gems/2.1.0/gems/actionpack-4.1.8/lib/action_dispatch/middleware/templates/rescues/_request_and_response.html.erb (3.0ms)
  Rendered C:/RailsInstaller/Ruby2.1.0/lib/ruby/gems/2.1.0/gems/actionpack-4.1.8/lib/action_dispatch/middleware/templates/rescues/diagnostics.erb within rescues/layout (95.0ms)


Started POST "/keys" for 127.0.0.1 at 2015-02-18 19:25:56 -0500
Processing by KeysController#create as HTML
  Parameters: {"utf8"=>"", "authenticity_token"=>"zfR6wtFXHuyBqCEXvloGlciqC4efQq8BW3nfc0pivSQ=", "key"=>{"root"=>"0", "scale"=>"2212221"}, "commit"=>"Save Key"}
Redirected to 
Completed 500 Internal Server Error in 52ms

NoMethodError (undefined method `[]' for nil:NilClass):
  app/controllers/keys_controller.rb:7:in `create'


  Rendered C:/RailsInstaller/Ruby2.1.0/lib/ruby/gems/2.1.0/gems/actionpack-4.1.8/lib/action_dispatch/middleware/templates/rescues/_source.erb (2.0ms)
  Rendered C:/RailsInstaller/Ruby2.1.0/lib/ruby/gems/2.1.0/gems/actionpack-4.1.8/lib/action_dispatch/middleware/templates/rescues/_trace.html.erb (5.0ms)
  Rendered C:/RailsInstaller/Ruby2.1.0/lib/ruby/gems/2.1.0/gems/actionpack-4.1.8/lib/action_dispatch/middleware/templates/rescues/_request_and_response.html.erb (3.0ms)
  Rendered C:/RailsInstaller/Ruby2.1.0/lib/ruby/gems/2.1.0/gems/actionpack-4.1.8/lib/action_dispatch/middleware/templates/rescues/diagnostics.erb within rescues/layout (103.0ms)


Started POST "/keys" for 127.0.0.1 at 2015-02-18 19:32:07 -0500
Processing by KeysController#create as HTML
  Parameters: {"utf8"=>"", "authenticity_token"=>"zfR6wtFXHuyBqCEXvloGlciqC4efQq8BW3nfc0pivSQ=", "key"=>{"root"=>"0", "scale"=>"2212221"}, "commit"=>"Save Key"}
Redirected to 
Completed 500 Internal Server Error in 27ms

NoMethodError (undefined method `[]' for nil:NilClass):
  app/controllers/keys_controller.rb:8:in `create'


  Rendered C:/RailsInstaller/Ruby2.1.0/lib/ruby/gems/2.1.0/gems/actionpack-4.1.8/lib/action_dispatch/middleware/templates/rescues/_source.erb (2.0ms)
  Rendered C:/RailsInstaller/Ruby2.1.0/lib/ruby/gems/2.1.0/gems/actionpack-4.1.8/lib/action_dispatch/middleware/templates/rescues/_trace.html.erb (5.0ms)
  Rendered C:/RailsInstaller/Ruby2.1.0/lib/ruby/gems/2.1.0/gems/actionpack-4.1.8/lib/action_dispatch/middleware/templates/rescues/_request_and_response.html.erb (3.0ms)
  Rendered C:/RailsInstaller/Ruby2.1.0/lib/ruby/gems/2.1.0/gems/actionpack-4.1.8/lib/action_dispatch/middleware/templates/rescues/diagnostics.erb within rescues/layout (105.0ms)


Started POST "/keys" for 127.0.0.1 at 2015-02-18 19:40:25 -0500
Processing by KeysController#create as HTML
  Parameters: {"utf8"=>"", "authenticity_token"=>"zfR6wtFXHuyBqCEXvloGlciqC4efQq8BW3nfc0pivSQ=", "key"=>{"root"=>"0", "scale"=>"2212221"}, "commit"=>"Save Key"}
Redirected to 
Completed 500 Internal Server Error in 26ms

NoMethodError (undefined method `[]' for nil:NilClass):
  app/controllers/keys_controller.rb:13:in `create'


  Rendered C:/RailsInstaller/Ruby2.1.0/lib/ruby/gems/2.1.0/gems/actionpack-4.1.8/lib/action_dispatch/middleware/templates/rescues/_source.erb (2.0ms)
  Rendered C:/RailsInstaller/Ruby2.1.0/lib/ruby/gems/2.1.0/gems/actionpack-4.1.8/lib/action_dispatch/middleware/templates/rescues/_trace.html.erb (5.0ms)
  Rendered C:/RailsInstaller/Ruby2.1.0/lib/ruby/gems/2.1.0/gems/actionpack-4.1.8/lib/action_dispatch/middleware/templates/rescues/_request_and_response.html.erb (4.0ms)
  Rendered C:/RailsInstaller/Ruby2.1.0/lib/ruby/gems/2.1.0/gems/actionpack-4.1.8/lib/action_dispatch/middleware/templates/rescues/diagnostics.erb within rescues/layout (100.0ms)


Started POST "/keys" for 127.0.0.1 at 2015-02-18 19:40:30 -0500
Processing by KeysController#create as HTML
  Parameters: {"utf8"=>"", "authenticity_token"=>"zfR6wtFXHuyBqCEXvloGlciqC4efQq8BW3nfc0pivSQ=", "key"=>{"root"=>"0", "scale"=>"2212221"}, "commit"=>"Save Key"}
Redirected to 
Completed 500 Internal Server Error in 4ms

NoMethodError (undefined method `[]' for nil:NilClass):
  app/controllers/keys_controller.rb:13:in `create'


  Rendered C:/RailsInstaller/Ruby2.1.0/lib/ruby/gems/2.1.0/gems/actionpack-4.1.8/lib/action_dispatch/middleware/templates/rescues/_source.erb (2.0ms)
  Rendered C:/RailsInstaller/Ruby2.1.0/lib/ruby/gems/2.1.0/gems/actionpack-4.1.8/lib/action_dispatch/middleware/templates/rescues/_trace.html.erb (4.0ms)
  Rendered C:/RailsInstaller/Ruby2.1.0/lib/ruby/gems/2.1.0/gems/actionpack-4.1.8/lib/action_dispatch/middleware/templates/rescues/_request_and_response.html.erb (3.0ms)
  Rendered C:/RailsInstaller/Ruby2.1.0/lib/ruby/gems/2.1.0/gems/actionpack-4.1.8/lib/action_dispatch/middleware/templates/rescues/diagnostics.erb within rescues/layout (94.0ms)


Started POST "/keys" for 127.0.0.1 at 2015-02-18 19:50:31 -0500
Processing by KeysController#create as HTML
  Parameters: {"utf8"=>"", "authenticity_token"=>"zfR6wtFXHuyBqCEXvloGlciqC4efQq8BW3nfc0pivSQ=", "key"=>{"root"=>"0", "scale"=>"2212221"}, "commit"=>"Save Key"}
Redirected to http://localhost:3000/keys
Completed 302 Found in 27ms (ActiveRecord: 4.0ms)


Started GET "/keys" for 127.0.0.1 at 2015-02-18 19:50:31 -0500

AbstractController::ActionNotFound (The action 'index' could not be found for KeysController):
  actionpack (4.1.8) lib/abstract_controller/base.rb:131:in `process'
  actionview (4.1.8) lib/action_view/rendering.rb:30:in `process'
  actionpack (4.1.8) lib/action_controller/metal.rb:196:in `dispatch'
  actionpack (4.1.8) lib/action_controller/metal/rack_delegation.rb:13:in `dispatch'
  actionpack (4.1.8) lib/action_controller/metal.rb:232:in `block in action'
  actionpack (4.1.8) lib/action_dispatch/routing/route_set.rb:82:in `call'
  actionpack (4.1.8) lib/action_dispatch/routing/route_set.rb:82:in `dispatch'
  actionpack (4.1.8) lib/action_dispatch/routing/route_set.rb:50:in `call'
  actionpack (4.1.8) lib/action_dispatch/journey/router.rb:73:in `block in call'
  actionpack (4.1.8) lib/action_dispatch/journey/router.rb:59:in `each'
  actionpack (4.1.8) lib/action_dispatch/journey/router.rb:59:in `call'
  actionpack (4.1.8) lib/action_dispatch/routing/route_set.rb:678:in `call'
  rack (1.5.2) lib/rack/etag.rb:23:in `call'
  rack (1.5.2) lib/rack/conditionalget.rb:25:in `call'
  rack (1.5.2) lib/rack/head.rb:11:in `call'
  actionpack (4.1.8) lib/action_dispatch/middleware/params_parser.rb:27:in `call'
  actionpack (4.1.8) lib/action_dispatch/middleware/flash.rb:254:in `call'
  rack (1.5.2) lib/rack/session/abstract/id.rb:225:in `context'
  rack (1.5.2) lib/rack/session/abstract/id.rb:220:in `call'
  actionpack (4.1.8) lib/action_dispatch/middleware/cookies.rb:560:in `call'
  activerecord (4.1.8) lib/active_record/query_cache.rb:36:in `call'
  activerecord (4.1.8) lib/active_record/connection_adapters/abstract/connection_pool.rb:621:in `call'
  activerecord (4.1.8) lib/active_record/migration.rb:380:in `call'
  actionpack (4.1.8) lib/action_dispatch/middleware/callbacks.rb:29:in `block in call'
  activesupport (4.1.8) lib/active_support/callbacks.rb:82:in `run_callbacks'
  actionpack (4.1.8) lib/action_dispatch/middleware/callbacks.rb:27:in `call'
  actionpack (4.1.8) lib/action_dispatch/middleware/reloader.rb:73:in `call'
  actionpack (4.1.8) lib/action_dispatch/middleware/remote_ip.rb:76:in `call'
  actionpack (4.1.8) lib/action_dispatch/middleware/debug_exceptions.rb:17:in `call'
  actionpack (4.1.8) lib/action_dispatch/middleware/show_exceptions.rb:30:in `call'
  railties (4.1.8) lib/rails/rack/logger.rb:38:in `call_app'
  railties (4.1.8) lib/rails/rack/logger.rb:20:in `block in call'
  activesupport (4.1.8) lib/active_support/tagged_logging.rb:68:in `block in tagged'
  activesupport (4.1.8) lib/active_support/tagged_logging.rb:26:in `tagged'
  activesupport (4.1.8) lib/active_support/tagged_logging.rb:68:in `tagged'
  railties (4.1.8) lib/rails/rack/logger.rb:20:in `call'
  actionpack (4.1.8) lib/action_dispatch/middleware/request_id.rb:21:in `call'
  rack (1.5.2) lib/rack/methodoverride.rb:21:in `call'
  rack (1.5.2) lib/rack/runtime.rb:17:in `call'
  activesupport (4.1.8) lib/active_support/cache/strategy/local_cache_middleware.rb:26:in `call'
  rack (1.5.2) lib/rack/lock.rb:17:in `call'
  actionpack (4.1.8) lib/action_dispatch/middleware/static.rb:84:in `call'
  rack (1.5.2) lib/rack/sendfile.rb:112:in `call'
  railties (4.1.8) lib/rails/engine.rb:514:in `call'
  railties (4.1.8) lib/rails/application.rb:144:in `call'
  rack (1.5.2) lib/rack/lock.rb:17:in `call'
  rack (1.5.2) lib/rack/content_length.rb:14:in `call'
  rack (1.5.2) lib/rack/handler/webrick.rb:60:in `service'
  C:/RailsInstaller/Ruby2.1.0/lib/ruby/2.1.0/webrick/httpserver.rb:138:in `service'
  C:/RailsInstaller/Ruby2.1.0/lib/ruby/2.1.0/webrick/httpserver.rb:94:in `run'
  C:/RailsInstaller/Ruby2.1.0/lib/ruby/2.1.0/webrick/server.rb:295:in `block in start_thread'


  Rendered C:/RailsInstaller/Ruby2.1.0/lib/ruby/gems/2.1.0/gems/actionpack-4.1.8/lib/action_dispatch/middleware/templates/rescues/unknown_action.html.erb within rescues/layout (1.0ms)


Started GET "/keys/new" for 127.0.0.1 at 2015-02-18 19:50:43 -0500
Processing by KeysController#new as HTML
  Rendered keys/new.html.erb within layouts/application (11.0ms)
Completed 200 OK in 214ms (Views: 212.0ms | ActiveRecord: 0.0ms)


Started GET "/assets/keys.css?body=1" for 127.0.0.1 at 2015-02-18 19:50:44 -0500


Started GET "/assets/scaffolds.css?body=1" for 127.0.0.1 at 2015-02-18 19:50:44 -0500


Started GET "/assets/welcome.css?body=1" for 127.0.0.1 at 2015-02-18 19:50:44 -0500


Started GET "/assets/application.css?body=1" for 127.0.0.1 at 2015-02-18 19:50:44 -0500


Started GET "/assets/jquery.js?body=1" for 127.0.0.1 at 2015-02-18 19:50:44 -0500


Started GET "/assets/jquery_ujs.js?body=1" for 127.0.0.1 at 2015-02-18 19:50:44 -0500


Started GET "/assets/turbolinks.js?body=1" for 127.0.0.1 at 2015-02-18 19:50:44 -0500


Started GET "/assets/keys.js?body=1" for 127.0.0.1 at 2015-02-18 19:50:44 -0500


Started GET "/assets/welcome.js?body=1" for 127.0.0.1 at 2015-02-18 19:50:44 -0500


Started GET "/assets/application.js?body=1" for 127.0.0.1 at 2015-02-18 19:50:44 -0500


Started POST "/keys" for 127.0.0.1 at 2015-02-18 19:50:46 -0500
Processing by KeysController#create as HTML
  Parameters: {"utf8"=>"", "authenticity_token"=>"zfR6wtFXHuyBqCEXvloGlciqC4efQq8BW3nfc0pivSQ=", "key"=>{"root"=>"0", "scale"=>"2212221"}, "commit"=>"Save Key"}
Redirected to http://localhost:3000/keys
Completed 302 Found in 3ms (ActiveRecord: 0.0ms)


Started GET "/keys" for 127.0.0.1 at 2015-02-18 19:50:46 -0500

AbstractController::ActionNotFound (The action 'index' could not be found for KeysController):
  actionpack (4.1.8) lib/abstract_controller/base.rb:131:in `process'
  actionview (4.1.8) lib/action_view/rendering.rb:30:in `process'
  actionpack (4.1.8) lib/action_controller/metal.rb:196:in `dispatch'
  actionpack (4.1.8) lib/action_controller/metal/rack_delegation.rb:13:in `dispatch'
  actionpack (4.1.8) lib/action_controller/metal.rb:232:in `block in action'
  actionpack (4.1.8) lib/action_dispatch/routing/route_set.rb:82:in `call'
  actionpack (4.1.8) lib/action_dispatch/routing/route_set.rb:82:in `dispatch'
  actionpack (4.1.8) lib/action_dispatch/routing/route_set.rb:50:in `call'
  actionpack (4.1.8) lib/action_dispatch/journey/router.rb:73:in `block in call'
  actionpack (4.1.8) lib/action_dispatch/journey/router.rb:59:in `each'
  actionpack (4.1.8) lib/action_dispatch/journey/router.rb:59:in `call'
  actionpack (4.1.8) lib/action_dispatch/routing/route_set.rb:678:in `call'
  rack (1.5.2) lib/rack/etag.rb:23:in `call'
  rack (1.5.2) lib/rack/conditionalget.rb:25:in `call'
  rack (1.5.2) lib/rack/head.rb:11:in `call'
  actionpack (4.1.8) lib/action_dispatch/middleware/params_parser.rb:27:in `call'
  actionpack (4.1.8) lib/action_dispatch/middleware/flash.rb:254:in `call'
  rack (1.5.2) lib/rack/session/abstract/id.rb:225:in `context'
  rack (1.5.2) lib/rack/session/abstract/id.rb:220:in `call'
  actionpack (4.1.8) lib/action_dispatch/middleware/cookies.rb:560:in `call'
  activerecord (4.1.8) lib/active_record/query_cache.rb:36:in `call'
  activerecord (4.1.8) lib/active_record/connection_adapters/abstract/connection_pool.rb:621:in `call'
  activerecord (4.1.8) lib/active_record/migration.rb:380:in `call'
  actionpack (4.1.8) lib/action_dispatch/middleware/callbacks.rb:29:in `block in call'
  activesupport (4.1.8) lib/active_support/callbacks.rb:82:in `run_callbacks'
  actionpack (4.1.8) lib/action_dispatch/middleware/callbacks.rb:27:in `call'
  actionpack (4.1.8) lib/action_dispatch/middleware/reloader.rb:73:in `call'
  actionpack (4.1.8) lib/action_dispatch/middleware/remote_ip.rb:76:in `call'
  actionpack (4.1.8) lib/action_dispatch/middleware/debug_exceptions.rb:17:in `call'
  actionpack (4.1.8) lib/action_dispatch/middleware/show_exceptions.rb:30:in `call'
  railties (4.1.8) lib/rails/rack/logger.rb:38:in `call_app'
  railties (4.1.8) lib/rails/rack/logger.rb:20:in `block in call'
  activesupport (4.1.8) lib/active_support/tagged_logging.rb:68:in `block in tagged'
  activesupport (4.1.8) lib/active_support/tagged_logging.rb:26:in `tagged'
  activesupport (4.1.8) lib/active_support/tagged_logging.rb:68:in `tagged'
  railties (4.1.8) lib/rails/rack/logger.rb:20:in `call'
  actionpack (4.1.8) lib/action_dispatch/middleware/request_id.rb:21:in `call'
  rack (1.5.2) lib/rack/methodoverride.rb:21:in `call'
  rack (1.5.2) lib/rack/runtime.rb:17:in `call'
  activesupport (4.1.8) lib/active_support/cache/strategy/local_cache_middleware.rb:26:in `call'
  rack (1.5.2) lib/rack/lock.rb:17:in `call'
  actionpack (4.1.8) lib/action_dispatch/middleware/static.rb:84:in `call'
  rack (1.5.2) lib/rack/sendfile.rb:112:in `call'
  railties (4.1.8) lib/rails/engine.rb:514:in `call'
  railties (4.1.8) lib/rails/application.rb:144:in `call'
  rack (1.5.2) lib/rack/lock.rb:17:in `call'
  rack (1.5.2) lib/rack/content_length.rb:14:in `call'
  rack (1.5.2) lib/rack/handler/webrick.rb:60:in `service'
  C:/RailsInstaller/Ruby2.1.0/lib/ruby/2.1.0/webrick/httpserver.rb:138:in `service'
  C:/RailsInstaller/Ruby2.1.0/lib/ruby/2.1.0/webrick/httpserver.rb:94:in `run'
  C:/RailsInstaller/Ruby2.1.0/lib/ruby/2.1.0/webrick/server.rb:295:in `block in start_thread'


  Rendered C:/RailsInstaller/Ruby2.1.0/lib/ruby/gems/2.1.0/gems/actionpack-4.1.8/lib/action_dispatch/middleware/templates/rescues/unknown_action.html.erb within rescues/layout (2.0ms)
